-I: Adding /Users/grinawap/anaconda/bin/../dat/leap/prep to search path.
-I: Adding /Users/grinawap/anaconda/bin/../dat/leap/lib to search path.
-I: Adding /Users/grinawap/anaconda/bin/../dat/leap/parm to search path.
-I: Adding /Users/grinawap/anaconda/bin/../dat/leap/cmd to search path.
-f: Source setup.leap.in.

Welcome to LEaP!
(no leaprc in search path)
Sourcing: ./setup.leap.in
----- Source: /Users/grinawap/anaconda/bin/../dat/leap/cmd/oldff/leaprc.ff99sbildn
----- Source of /Users/grinawap/anaconda/bin/../dat/leap/cmd/oldff/leaprc.ff99sbildn done
Log file: ./leap.log
Loading parameters: /Users/grinawap/anaconda/bin/../dat/leap/parm/parm99.dat
Reading title:
PARM99 for DNA,RNA,AA, organic molecules, TIP3P wat. Polariz.& LP incl.02/04/99
Loading parameters: /Users/grinawap/anaconda/bin/../dat/leap/parm/frcmod.ff99SBildn
Reading force field modification type file (frcmod)
Reading title:
Modification/update of parm99.dat (Hornak & Simmerling) + ILDN corrections
Loading library: /Users/grinawap/anaconda/bin/../dat/leap/lib/all_nucleic94.lib
Loading library: /Users/grinawap/anaconda/bin/../dat/leap/lib/all_amino94ildn.lib
Loading library: /Users/grinawap/anaconda/bin/../dat/leap/lib/all_aminoct94ildn.lib
Loading library: /Users/grinawap/anaconda/bin/../dat/leap/lib/all_aminont94ildn.lib
Loading library: /Users/grinawap/anaconda/bin/../dat/leap/lib/ions94.lib
Loading library: /Users/grinawap/anaconda/bin/../dat/leap/lib/solvents.lib
----- Source: /Users/grinawap/anaconda/bin/../dat/leap/cmd/leaprc.gaff
----- Source of /Users/grinawap/anaconda/bin/../dat/leap/cmd/leaprc.gaff done
Log file: ./leap.log
Loading parameters: /Users/grinawap/anaconda/bin/../dat/leap/parm/gaff.dat
Reading title:
AMBER General Force Field for organic molecules (Version 1.7, Nov 2013)
Using H(N)-modified Bondi radii
Loading parameters: ./receptor.gaff.frcmod
Reading force field modification type file (frcmod)
Reading title:
remark goes here
Loading parameters: ./receptor.gaff.frcmod
Reading force field modification type file (frcmod)
Reading title:
remark goes here
Loading Mol2 file: ./receptor.gaff.mol2
Reading MOLECULE named *****
Loading parameters: ./ligand.gaff.frcmod
Reading force field modification type file (frcmod)
Reading title:
remark goes here
Loading parameters: ./ligand.gaff.frcmod
Reading force field modification type file (frcmod)
Reading title:
remark goes here
Loading Mol2 file: ./ligand.gaff.mol2
Reading MOLECULE named 48
 (using default radius 1.500000 for H30)
 (using default radius 1.500000 for H29)
 (using default radius 1.500000 for H28)
 (using default radius 1.500000 for H27)
 (using default radius 1.500000 for H26)
 (using default radius 1.500000 for H25)
 (using default radius 1.500000 for H24)
 (using default radius 1.500000 for H23)
 (using default radius 1.500000 for H22)
 (using default radius 1.500000 for H21)
 (using default radius 1.500000 for H20)
 (using default radius 1.500000 for H19)
 (using default radius 1.500000 for H18)
 (using default radius 1.500000 for H17)
 (using default radius 1.500000 for H16)
 (using default radius 1.500000 for H15)
 (using default radius 1.500000 for H14)
 (using default radius 1.500000 for H13)
 (using default radius 1.500000 for H12)
 (using default radius 1.500000 for H11)
 (using default radius 1.500000 for H10)
 (using default radius 1.500000 for H9)
 (using default radius 1.500000 for H8)
 (using default radius 1.500000 for H7)
 (using default radius 1.500000 for H6)
 (using default radius 1.500000 for H5)
 (using default radius 1.500000 for H4)
 (using default radius 1.500000 for H3)
 (using default radius 1.500000 for H2)
 (using default radius 1.500000 for H1)
 (using default radius 1.500000 for N4)
 (using default radius 1.500000 for C14)
 (using default radius 1.500000 for C13)
 (using default radius 1.500000 for C12)
 (using default radius 1.500000 for N3)
 (using default radius 1.500000 for C11)
 (using default radius 1.500000 for N2)
 (using default radius 1.500000 for C10)
 (using default radius 1.500000 for C9)
 (using default radius 1.500000 for C8)
 (using default radius 1.500000 for N1)
 (using default radius 1.500000 for C7)
 (using default radius 1.500000 for C6)
 (using default radius 1.500000 for C5)
 (using default radius 1.500000 for C4)
 (using default radius 1.500000 for C3)
 (using default radius 1.500000 for C2)
 (using default radius 1.500000 for C1)
  Solute vdw bounding box:              25.586 16.327 13.737
  Total bounding box for atom centers:  45.586 45.586 45.586
      (box expansion for 'iso' is  69.6%)
  Solvent unit box:                     18.774 18.774 18.774
 (using default radius 1.500000 for H30)
 (using default radius 1.500000 for H29)
 (using default radius 1.500000 for H28)
 (using default radius 1.500000 for H27)
 (using default radius 1.500000 for H26)
 (using default radius 1.500000 for H25)
 (using default radius 1.500000 for H24)
 (using default radius 1.500000 for H23)
 (using default radius 1.500000 for H22)
 (using default radius 1.500000 for H21)
 (using default radius 1.500000 for H20)
 (using default radius 1.500000 for H19)
 (using default radius 1.500000 for H18)
 (using default radius 1.500000 for H17)
 (using default radius 1.500000 for H16)
 (using default radius 1.500000 for H15)
 (using default radius 1.500000 for H14)
 (using default radius 1.500000 for H13)
 (using default radius 1.500000 for H12)
 (using default radius 1.500000 for H11)
 (using default radius 1.500000 for H10)
 (using default radius 1.500000 for H9)
 (using default radius 1.500000 for H8)
 (using default radius 1.500000 for H7)
 (using default radius 1.500000 for H6)
 (using default radius 1.500000 for H5)
 (using default radius 1.500000 for H4)
 (using default radius 1.500000 for H3)
 (using default radius 1.500000 for H2)
 (using default radius 1.500000 for H1)
 (using default radius 1.500000 for N4)
 (using default radius 1.500000 for C14)
 (using default radius 1.500000 for C13)
 (using default radius 1.500000 for C12)
 (using default radius 1.500000 for N3)
 (using default radius 1.500000 for C11)
 (using default radius 1.500000 for N2)
 (using default radius 1.500000 for C10)
 (using default radius 1.500000 for C9)
 (using default radius 1.500000 for C8)
 (using default radius 1.500000 for N1)
 (using default radius 1.500000 for C7)
 (using default radius 1.500000 for C6)
 (using default radius 1.500000 for C5)
 (using default radius 1.500000 for C4)
 (using default radius 1.500000 for C3)
 (using default radius 1.500000 for C2)
 (using default radius 1.500000 for C1)
  Volume: 115644.341 A^3 
  Total mass 50797.116 amu,  Density 0.729 g/cc
  Added 2755 residues.
4 Cl- ions required to neutralize.
Adding 4 counter ions to "complex" using 1A grid
Grid extends from solute vdw + 2.47  to  8.38
Resolution:      1.00 Angstrom.
grid build: 1 sec
Calculating grid charges
charges: 13 sec
Placed Cl- in complex at (1.18, -24.24, -17.11).
Placed Cl- in complex at (0.18, -24.24, 6.89).
Placed Cl- in complex at (21.18, -24.24, -13.11).
Placed Cl- in complex at (23.18, -10.24, 9.89).

Done adding ions.
Checking 'complex'....
Warning: Close contact of 1.437655 angstroms between .R<LIG 1>.A<O8 9> and .R<non 2>.A<H13 31>
Warning: Close contact of 1.022607 angstroms between .R<non 2>.A<H30 48> and .R<non 2>.A<N4 18>
Warning: Close contact of 1.023481 angstroms between .R<non 2>.A<H29 47> and .R<non 2>.A<N4 18>
Warning: Close contact of 1.023886 angstroms between .R<non 2>.A<H28 46> and .R<non 2>.A<N4 18>
Warning: Close contact of 1.092026 angstroms between .R<non 2>.A<H27 45> and .R<non 2>.A<C14 17>
Warning: Close contact of 1.092702 angstroms between .R<non 2>.A<H26 44> and .R<non 2>.A<C14 17>
Warning: Close contact of 1.093013 angstroms between .R<non 2>.A<H25 43> and .R<non 2>.A<C13 16>
Warning: Close contact of 1.092679 angstroms between .R<non 2>.A<H24 42> and .R<non 2>.A<C13 16>
Warning: Close contact of 1.094742 angstroms between .R<non 2>.A<H23 41> and .R<non 2>.A<C12 15>
Warning: Close contact of 1.094482 angstroms between .R<non 2>.A<H22 40> and .R<non 2>.A<C12 15>
Warning: Close contact of 1.023331 angstroms between .R<non 2>.A<H21 39> and .R<non 2>.A<N3 14>
Warning: Close contact of 1.023493 angstroms between .R<non 2>.A<H20 38> and .R<non 2>.A<N3 14>
Warning: Close contact of 1.094573 angstroms between .R<non 2>.A<H19 37> and .R<non 2>.A<C11 13>
Warning: Close contact of 1.094281 angstroms between .R<non 2>.A<H18 36> and .R<non 2>.A<C11 13>
Warning: Close contact of 1.023221 angstroms between .R<non 2>.A<H17 35> and .R<non 2>.A<N2 12>
Warning: Close contact of 1.022554 angstroms between .R<non 2>.A<H16 34> and .R<non 2>.A<N2 12>
Warning: Close contact of 1.023183 angstroms between .R<non 2>.A<H15 33> and .R<non 2>.A<N2 12>
Warning: Close contact of 1.092819 angstroms between .R<non 2>.A<H14 32> and .R<non 2>.A<C10 11>
Warning: Close contact of 1.091165 angstroms between .R<non 2>.A<H13 31> and .R<non 2>.A<C10 11>
Warning: Close contact of 1.093465 angstroms between .R<non 2>.A<H12 30> and .R<non 2>.A<C9 10>
Warning: Close contact of 1.092873 angstroms between .R<non 2>.A<H11 29> and .R<non 2>.A<C9 10>
Warning: Close contact of 1.094031 angstroms between .R<non 2>.A<H10 28> and .R<non 2>.A<C8 9>
Warning: Close contact of 1.093692 angstroms between .R<non 2>.A<H9 27> and .R<non 2>.A<C8 9>
Warning: Close contact of 1.023189 angstroms between .R<non 2>.A<H8 26> and .R<non 2>.A<N1 8>
Warning: Close contact of 1.023749 angstroms between .R<non 2>.A<H7 25> and .R<non 2>.A<N1 8>
Warning: Close contact of 1.093530 angstroms between .R<non 2>.A<H6 24> and .R<non 2>.A<C7 7>
Warning: Close contact of 1.094205 angstroms between .R<non 2>.A<H5 23> and .R<non 2>.A<C7 7>
Warning: Close contact of 1.021838 angstroms between .R<non 2>.A<H4 22> and .R<non 2>.A<C6 6>
Warning: Close contact of 1.021647 angstroms between .R<non 2>.A<H3 21> and .R<non 2>.A<C5 5>
Warning: Close contact of 1.021513 angstroms between .R<non 2>.A<H2 20> and .R<non 2>.A<C3 3>
Warning: Close contact of 1.021237 angstroms between .R<non 2>.A<H1 19> and .R<non 2>.A<C2 2>
Warning: Close contact of 1.468494 angstroms between .R<non 2>.A<N4 18> and .R<non 2>.A<C14 17>
Warning: Close contact of 1.479204 angstroms between .R<non 2>.A<C12 15> and .R<non 2>.A<N3 14>
Warning: Close contact of 1.480180 angstroms between .R<non 2>.A<N3 14> and .R<non 2>.A<C11 13>
Warning: Close contact of 1.482939 angstroms between .R<non 2>.A<C11 13> and .R<non 2>.A<C4 4>
Warning: Close contact of 1.469557 angstroms between .R<non 2>.A<N2 12> and .R<non 2>.A<C10 11>
Warning: Close contact of 1.479204 angstroms between .R<non 2>.A<C8 9> and .R<non 2>.A<N1 8>
Warning: Close contact of 1.480661 angstroms between .R<non 2>.A<N1 8> and .R<non 2>.A<C7 7>
Warning: Close contact of 1.482535 angstroms between .R<non 2>.A<C7 7> and .R<non 2>.A<C1 1>
Warning: Close contact of 1.405095 angstroms between .R<non 2>.A<C6 6> and .R<non 2>.A<C5 5>
Warning: Close contact of 1.413572 angstroms between .R<non 2>.A<C6 6> and .R<non 2>.A<C1 1>
Warning: Close contact of 1.412852 angstroms between .R<non 2>.A<C5 5> and .R<non 2>.A<C4 4>
Warning: Close contact of 1.413572 angstroms between .R<non 2>.A<C4 4> and .R<non 2>.A<C3 3>
Warning: Close contact of 1.404714 angstroms between .R<non 2>.A<C3 3> and .R<non 2>.A<C2 2>
Warning: Close contact of 1.413465 angstroms between .R<non 2>.A<C2 2> and .R<non 2>.A<C1 1>
Checking parameters for unit 'complex'.
Checking for bond parameters.
Checking for angle parameters.
check:  Warnings: 45
Unit is OK.
Total unperturbed charge:  -0.000010
Total perturbed charge:    -0.000010
Checking Unit.
WARNING: The unperturbed charge of the unit: 3.999990 is not zero.

 -- ignoring the warning.

Building topology.
Building atom parameters.
Building bond parameters.
Building angle parameters.
Building proper torsion parameters.
Building improper torsion parameters.
 total 0 improper torsions applied
Building H-Bond parameters.
Incorporating Non-Bonded adjustments.
Not Marking per-residue atom chain types.
Marking per-residue atom chain types.
  (Residues lacking connect0/connect1 - 
   these don't have chain types marked:

	res	total affected

	non	1
  )
 (no restraints)
Writing pdb file: vacuum.pdb
 (using default radius 1.500000 for C1)
 (using default radius 1.500000 for C2)
 (using default radius 1.500000 for C3)
 (using default radius 1.500000 for C4)
 (using default radius 1.500000 for C5)
 (using default radius 1.500000 for C6)
 (using default radius 1.500000 for C7)
 (using default radius 1.500000 for N1)
 (using default radius 1.500000 for C8)
 (using default radius 1.500000 for C9)
 (using default radius 1.500000 for C10)
 (using default radius 1.500000 for N2)
 (using default radius 1.500000 for C11)
 (using default radius 1.500000 for N3)
 (using default radius 1.500000 for C12)
 (using default radius 1.500000 for C13)
 (using default radius 1.500000 for C14)
 (using default radius 1.500000 for N4)
 (using default radius 1.500000 for H1)
 (using default radius 1.500000 for H2)
 (using default radius 1.500000 for H3)
 (using default radius 1.500000 for H4)
 (using default radius 1.500000 for H5)
 (using default radius 1.500000 for H6)
 (using default radius 1.500000 for H7)
 (using default radius 1.500000 for H8)
 (using default radius 1.500000 for H9)
 (using default radius 1.500000 for H10)
 (using default radius 1.500000 for H11)
 (using default radius 1.500000 for H12)
 (using default radius 1.500000 for H13)
 (using default radius 1.500000 for H14)
 (using default radius 1.500000 for H15)
 (using default radius 1.500000 for H16)
 (using default radius 1.500000 for H17)
 (using default radius 1.500000 for H18)
 (using default radius 1.500000 for H19)
 (using default radius 1.500000 for H20)
 (using default radius 1.500000 for H21)
 (using default radius 1.500000 for H22)
 (using default radius 1.500000 for H23)
 (using default radius 1.500000 for H24)
 (using default radius 1.500000 for H25)
 (using default radius 1.500000 for H26)
 (using default radius 1.500000 for H27)
 (using default radius 1.500000 for H28)
 (using default radius 1.500000 for H29)
 (using default radius 1.500000 for H30)
  Solute vdw bounding box:              21.932 6.914 7.223
  Total bounding box for atom centers:  41.932 41.932 41.932
      (box expansion for 'iso' is 140.0%)
  Solvent unit box:                     18.774 18.774 18.774
 (using default radius 1.500000 for C1)
 (using default radius 1.500000 for C2)
 (using default radius 1.500000 for C3)
 (using default radius 1.500000 for C4)
 (using default radius 1.500000 for C5)
 (using default radius 1.500000 for C6)
 (using default radius 1.500000 for C7)
 (using default radius 1.500000 for N1)
 (using default radius 1.500000 for C8)
 (using default radius 1.500000 for C9)
 (using default radius 1.500000 for C10)
 (using default radius 1.500000 for N2)
 (using default radius 1.500000 for C11)
 (using default radius 1.500000 for N3)
 (using default radius 1.500000 for C12)
 (using default radius 1.500000 for C13)
 (using default radius 1.500000 for C14)
 (using default radius 1.500000 for N4)
 (using default radius 1.500000 for H1)
 (using default radius 1.500000 for H2)
 (using default radius 1.500000 for H3)
 (using default radius 1.500000 for H4)
 (using default radius 1.500000 for H5)
 (using default radius 1.500000 for H6)
 (using default radius 1.500000 for H7)
 (using default radius 1.500000 for H8)
 (using default radius 1.500000 for H9)
 (using default radius 1.500000 for H10)
 (using default radius 1.500000 for H11)
 (using default radius 1.500000 for H12)
 (using default radius 1.500000 for H13)
 (using default radius 1.500000 for H14)
 (using default radius 1.500000 for H15)
 (using default radius 1.500000 for H16)
 (using default radius 1.500000 for H17)
 (using default radius 1.500000 for H18)
 (using default radius 1.500000 for H19)
 (using default radius 1.500000 for H20)
 (using default radius 1.500000 for H21)
 (using default radius 1.500000 for H22)
 (using default radius 1.500000 for H23)
 (using default radius 1.500000 for H24)
 (using default radius 1.500000 for H25)
 (using default radius 1.500000 for H26)
 (using default radius 1.500000 for H27)
 (using default radius 1.500000 for H28)
 (using default radius 1.500000 for H29)
 (using default radius 1.500000 for H30)
  Volume: 90564.997 A^3 
  Total mass 39779.328 amu,  Density 0.729 g/cc
  Added 2208 residues.
4 Cl- ions required to neutralize.
Adding 4 counter ions to "ligand" using 1A grid
Grid extends from solute vdw + 2.47  to  8.24
Resolution:      1.00 Angstrom.
grid build: 0 sec
Calculating grid charges
charges: 8 sec
Placed Cl- in ligand at (-22.03, -12.04, 12.79).
Placed Cl- in ligand at (-23.03, 7.96, -5.21).
Placed Cl- in ligand at (21.97, 16.96, 7.79).
Placed Cl- in ligand at (-1.03, -22.04, 18.79).

Done adding ions.
Checking Unit.
Building topology.
Building atom parameters.
Building bond parameters.
Building angle parameters.
Building proper torsion parameters.
Building improper torsion parameters.
 total 0 improper torsions applied
Building H-Bond parameters.
Incorporating Non-Bonded adjustments.
Not Marking per-residue atom chain types.
Marking per-residue atom chain types.
  (Residues lacking connect0/connect1 - 
   these don't have chain types marked:

	res	total affected

	WAT	2208
	non	1
  )
 (no restraints)
Checking Unit.
Building topology.
Building atom parameters.
Building bond parameters.
Building angle parameters.
Building proper torsion parameters.
Building improper torsion parameters.
 total 42 improper torsions applied
Building H-Bond parameters.
Incorporating Non-Bonded adjustments.
Not Marking per-residue atom chain types.
Marking per-residue atom chain types.
  (Residues lacking connect0/connect1 - 
   these don't have chain types marked:

	res	total affected

	LIG	1
	WAT	2755
	non	1
  )
 (no restraints)
Writing pdb file: solvent.pdb
Writing pdb file: complex.pdb
	Quit
