            --------------------------------------------------------
                             AMBER SQM VERSION 14
 
                                     By
              Ross C. Walker, Michael F. Crowley, Scott Brozell,
                         Tim Giese, Andreas W. Goetz,
                        Tai-Sung Lee and David A. Case
 
            --------------------------------------------------------
 

--------------------------------------------------------------------------------
  QM CALCULATION INFO
--------------------------------------------------------------------------------

| QMMM: Citation for AMBER QMMM Run:
| QMMM: R.C. Walker, M.F. Crowley and D.A. Case, J. COMP. CHEM. 29:1019, 2008

QMMM: SINGLET STATE CALCULATION
QMMM: RHF CALCULATION, NO. OF DOUBLY OCCUPIED LEVELS = 51

| QMMM: *** Selected Hamiltonian *** 
| QMMM: AM1         

| QMMM: *** Parameter sets in use ***
| QMMM: C : M.J.S.DEWAR et al. JACS, 107, 3902, (1985)
| QMMM: N : M.J.S.DEWAR et al. JACS, 107, 3902, (1985)
| QMMM: H : M.J.S.DEWAR et al. JACS, 107, 3902, (1985)

| QMMM: *** SCF convergence criteria ***
| QMMM: Energy change                :  0.1D-09 kcal/mol
| QMMM: Error matrix |FP-PF|         :  0.1D+00 au
| QMMM: Density matrix change        :  0.1D-09
| QMMM: Maximum number of SCF cycles :     1000

| QMMM: *** Diagonalization Routine Information ***
| QMMM: Pseudo diagonalizations are allowed.
| QMMM: Auto diagonalization routine selection is disabled.
| QMMM: Using internal diagonalization routine (diag_routine=1).

  QMMM: QM Region Cartesian Coordinates (*=link atom) 
  QMMM: QM_NO.   MM_NO.  ATOM         X         Y         Z
  QMMM:     1        1      C       17.0310    1.4970    6.8450
  QMMM:     2        2      C       16.9260    1.9610    5.5140
  QMMM:     3        3      C       18.0780    2.1950    4.7450
  QMMM:     4        4      C       19.3640    1.9700    5.2870
  QMMM:     5        5      C       19.4690    1.5050    6.6170
  QMMM:     6        6      C       18.3170    1.2720    7.3870
  QMMM:     7        7      C       15.8160    1.2750    7.6650
  QMMM:     8        8      N       15.4800    2.5290    8.3770
  QMMM:     9        9      C       14.2800    2.4470    9.2380
  QMMM:    10       10      C       13.9880    3.7930    9.9510
  QMMM:    11       11      C       12.7320    3.6980   10.8490
  QMMM:    12       12      N       12.4360    4.9640   11.5340
  QMMM:    13       13      C       20.5790    2.1910    4.4660
  QMMM:    14       14      N       20.9150    0.9370    3.7550
  QMMM:    15       15      C       22.1150    1.0190    2.8940
  QMMM:    16       16      C       22.4070   -0.3270    2.1810
  QMMM:    17       17      C       23.6640   -0.2320    1.2830
  QMMM:    18       18      N       23.9590   -1.4970    0.5980
  QMMM:    19       19      H       16.0110    2.1370    5.0960
  QMMM:    20       20      H       17.9700    2.5270    3.7850
  QMMM:    21       21      H       20.3840    1.3290    7.0360
  QMMM:    22       22      H       18.4250    0.9390    8.3470
  QMMM:    23       23      H       15.9880    0.4710    8.3870
  QMMM:    24       24      H       14.9800    0.9710    7.0290
  QMMM:    25       25      H       16.2830    2.7920    8.9550
  QMMM:    26       26      H       15.3350    3.2620    7.6780
  QMMM:    27       27      H       13.4170    2.1720    8.6250
  QMMM:    28       28      H       14.4320    1.6690    9.9920
  QMMM:    29       29      H       13.8350    4.5740    9.2020
  QMMM:    30       30      H       14.8480    4.0720   10.5660
  QMMM:    31       31      H       12.8790    2.9260   11.6060
  QMMM:    32       32      H       11.8650    3.4280   10.2410
  QMMM:    33       33      H       11.6000    4.8460   12.1120
  QMMM:    34       34      H       12.2660    5.7030   10.8480
  QMMM:    35       35      H       13.2210    5.2300   12.1340
  QMMM:    36       36      H       20.4070    2.9960    3.7450
  QMMM:    37       37      H       21.4160    2.4960    5.1020
  QMMM:    38       38      H       20.1120    0.6750    3.1770
  QMMM:    39       39      H       21.0610    0.2040    4.4540
  QMMM:    40       40      H       22.9790    1.2940    3.5070
  QMMM:    41       41      H       21.9630    1.7980    2.1400
  QMMM:    42       42      H       21.5480   -0.6060    1.5660
  QMMM:    43       43      H       22.5610   -1.1080    2.9300
  QMMM:    44       44      H       23.5160    0.5410    0.5250
  QMMM:    45       45      H       24.5300    0.0380    1.8910
  QMMM:    46       46      H       24.7960   -1.3800    0.0200
  QMMM:    47       47      H       23.1740   -1.7640   -0.0020
  QMMM:    48       48      H       24.1290   -2.2370    1.2830

--------------------------------------------------------------------------------
  RESULTS
--------------------------------------------------------------------------------

      iter         sqm energy              rms gradient
      ----    -------------------    -----------------------
xmin    10      861.5054 kcal/mol        0.0426 kcal/(mol*A)
  ... geometry converged !
 
 Final MO eigenvalues (eV):
 -51.6029  -51.2238  -49.8778  -49.5060  -48.9252  -45.0164  -43.9872  -42.7155
 -41.7692  -39.4065  -37.2288  -36.8210  -35.8427  -34.2507  -34.0288  -33.8858
 -32.2161  -30.8811  -30.6720  -29.8764  -29.8602  -29.5583  -29.5527  -28.7893
 -28.7873  -28.5040  -28.1866  -27.1266  -27.0970  -26.8401  -26.5862  -26.3786
 -26.3677  -26.1074  -24.8987  -24.8211  -24.4248  -24.2766  -24.2765  -24.1724
 -24.1295  -24.0748  -24.0745  -23.5493  -23.5298  -22.9885  -22.9849  -22.7561
 -22.0893  -20.2637  -19.8855  -10.9464  -10.3242   -9.8630   -9.6766   -9.5646
  -9.5034   -8.2266   -8.2149   -8.1821   -8.0579   -8.0425   -8.0397   -7.7398
  -7.7197   -7.6596   -7.6569   -7.5960   -7.5437   -7.4398   -7.3378   -7.3282
  -7.2301   -7.2206   -7.1102   -7.0933   -7.0066   -6.9882   -6.9667   -6.9335
  -6.8652   -6.8108   -6.7994   -6.7827   -6.6880   -6.6798   -6.5503   -6.5001
  -6.4994   -6.4683   -6.3776   -6.3752   -6.2110   -6.0861   -5.8815   -5.7124
  -5.3838   -5.1019   -4.9065   -4.8871   -4.7870   -4.3372

 Heat of formation   =        861.50294547 kcal/mol  (       37.35757103 eV)

 Total SCF energy    =     -69107.16934731 kcal/mol  (    -2996.71173615 eV)
 Electronic energy   =    -465318.10761629 kcal/mol  (   -20177.70728140 eV)
 Core-core repulsion =     396210.93826898 kcal/mol  (    17180.99554525 eV)
 
    Atomic Charges for Step       1 :
  Atom    Element       Mulliken Charge
     1      C                 -0.134
     2      C                 -0.084
     3      C                 -0.084
     4      C                 -0.134
     5      C                 -0.084
     6      C                 -0.084
     7      C                 -0.081
     8      N                 -0.040
     9      C                 -0.131
    10      C                 -0.215
    11      C                 -0.132
    12      N                 -0.065
    13      C                 -0.081
    14      N                 -0.040
    15      C                 -0.131
    16      C                 -0.215
    17      C                 -0.132
    18      N                 -0.065
    19      H                  0.170
    20      H                  0.170
    21      H                  0.170
    22      H                  0.170
    23      H                  0.167
    24      H                  0.167
    25      H                  0.256
    26      H                  0.256
    27      H                  0.165
    28      H                  0.165
    29      H                  0.135
    30      H                  0.135
    31      H                  0.171
    32      H                  0.171
    33      H                  0.294
    34      H                  0.272
    35      H                  0.272
    36      H                  0.167
    37      H                  0.167
    38      H                  0.256
    39      H                  0.256
    40      H                  0.165
    41      H                  0.165
    42      H                  0.135
    43      H                  0.135
    44      H                  0.171
    45      H                  0.171
    46      H                  0.294
    47      H                  0.272
    48      H                  0.272
 Total Mulliken Charge =       4.000
 
                  X        Y        Z     TOTAL  
  QM DIPOLE   349.628   33.299  116.543  370.042
 
 Final Structure

  QMMM: QM Region Cartesian Coordinates (*=link atom) 
  QMMM: QM_NO.   MM_NO.  ATOM         X         Y         Z
  QMMM:     1        1      C       17.0697    1.7330    6.9034
  QMMM:     2        2      C       16.9455    2.0761    5.5509
  QMMM:     3        3      C       18.0667    2.0765    4.7184
  QMMM:     4        4      C       19.3255    1.7334    5.2283
  QMMM:     5        5      C       19.4498    1.3902    6.5809
  QMMM:     6        6      C       18.3286    1.3899    7.4134
  QMMM:     7        7      C       15.8513    1.6146    7.7646
  QMMM:     8        8      N       15.5040    2.8886    8.4918
  QMMM:     9        9      C       14.2804    2.7127    9.3356
  QMMM:    10       10      C       13.8770    3.9760   10.1006
  QMMM:    11       11      C       12.6206    3.6629   10.9183
  QMMM:    12       12      N       12.1193    4.8166   11.7154
  QMMM:    13       13      C       20.5440    1.8518    4.3671
  QMMM:    14       14      N       20.8913    0.5778    3.6400
  QMMM:    15       15      C       22.1149    0.7536    2.7961
  QMMM:    16       16      C       22.5184   -0.5097    2.0313
  QMMM:    17       17      C       23.7747   -0.1966    1.2136
  QMMM:    18       18      N       24.2760   -1.3503    0.4165
  QMMM:    19       19      H       15.9614    2.3344    5.1228
  QMMM:    20       20      H       17.9468    2.3659    3.6600
  QMMM:    21       21      H       20.4339    1.1320    7.0090
  QMMM:    22       22      H       18.4484    1.1004    8.4718
  QMMM:    23       23      H       16.0066    0.8112    8.5458
  QMMM:    24       24      H       14.9569    1.3318    7.1322
  QMMM:    25       25      H       16.2965    3.1672    9.0845
  QMMM:    26       26      H       15.3470    3.6382    7.8058
  QMMM:    27       27      H       13.4374    2.3933    8.6531
  QMMM:    28       28      H       14.4857    1.8733   10.0649
  QMMM:    29       29      H       13.6705    4.8163    9.3825
  QMMM:    30       30      H       14.7101    4.3007   10.7824
  QMMM:    31       31      H       12.8327    2.8184   11.6415
  QMMM:    32       32      H       11.7835    3.3387   10.2286
  QMMM:    33       33      H       11.2747    4.5294   12.2369
  QMMM:    34       34      H       11.8706    5.6070   11.1063
  QMMM:    35       35      H       12.8257    5.1333   12.3923
  QMMM:    36       36      H       20.3886    2.6551    3.5859
  QMMM:    37       37      H       21.4383    2.1346    4.9995
  QMMM:    38       38      H       20.0988    0.2991    3.0473
  QMMM:    39       39      H       21.0483   -0.1718    4.3260
  QMMM:    40       40      H       22.9579    1.0731    3.4786
  QMMM:    41       41      H       21.9095    1.5930    2.0669
  QMMM:    42       42      H       21.6852   -0.8345    1.3495
  QMMM:    43       43      H       22.7248   -1.3500    2.7494
  QMMM:    44       44      H       23.5626    0.6479    0.4903
  QMMM:    45       45      H       24.6118    0.1276    1.9032
  QMMM:    46       46      H       25.1207   -1.0631   -0.1050
  QMMM:    47       47      H       23.5696   -1.6670   -0.2605
  QMMM:    48       48      H       24.5247   -2.1406    1.0256

           --------- Calculation Completed ----------

