-I: Adding /Users/grinawap/anaconda/bin/../dat/leap/prep to search path.
-I: Adding /Users/grinawap/anaconda/bin/../dat/leap/lib to search path.
-I: Adding /Users/grinawap/anaconda/bin/../dat/leap/parm to search path.
-I: Adding /Users/grinawap/anaconda/bin/../dat/leap/cmd to search path.
-f: Source setup.leap.in.

Welcome to LEaP!
(no leaprc in search path)
Sourcing: ./setup.leap.in
----- Source: /Users/grinawap/anaconda/bin/../dat/leap/cmd/oldff/leaprc.ff99sbildn
----- Source of /Users/grinawap/anaconda/bin/../dat/leap/cmd/oldff/leaprc.ff99sbildn done
Log file: ./leap.log
Loading parameters: /Users/grinawap/anaconda/bin/../dat/leap/parm/parm99.dat
Reading title:
PARM99 for DNA,RNA,AA, organic molecules, TIP3P wat. Polariz.& LP incl.02/04/99
Loading parameters: /Users/grinawap/anaconda/bin/../dat/leap/parm/frcmod.ff99SBildn
Reading force field modification type file (frcmod)
Reading title:
Modification/update of parm99.dat (Hornak & Simmerling) + ILDN corrections
Loading library: /Users/grinawap/anaconda/bin/../dat/leap/lib/all_nucleic94.lib
Loading library: /Users/grinawap/anaconda/bin/../dat/leap/lib/all_amino94ildn.lib
Loading library: /Users/grinawap/anaconda/bin/../dat/leap/lib/all_aminoct94ildn.lib
Loading library: /Users/grinawap/anaconda/bin/../dat/leap/lib/all_aminont94ildn.lib
Loading library: /Users/grinawap/anaconda/bin/../dat/leap/lib/ions94.lib
Loading library: /Users/grinawap/anaconda/bin/../dat/leap/lib/solvents.lib
----- Source: /Users/grinawap/anaconda/bin/../dat/leap/cmd/leaprc.gaff
----- Source of /Users/grinawap/anaconda/bin/../dat/leap/cmd/leaprc.gaff done
Log file: ./leap.log
Loading parameters: /Users/grinawap/anaconda/bin/../dat/leap/parm/gaff.dat
Reading title:
AMBER General Force Field for organic molecules (Version 1.7, Nov 2013)
Using H(N)-modified Bondi radii
Loading parameters: ./receptor.gaff.frcmod
Reading force field modification type file (frcmod)
Reading title:
remark goes here
Loading parameters: ./receptor.gaff.frcmod
Reading force field modification type file (frcmod)
Reading title:
remark goes here
Loading Mol2 file: ./receptor.gaff.mol2
Reading MOLECULE named *****
Loading parameters: ./ligand.gaff.frcmod
Reading force field modification type file (frcmod)
Reading title:
remark goes here
Loading parameters: ./ligand.gaff.frcmod
Reading force field modification type file (frcmod)
Reading title:
remark goes here
Loading Mol2 file: ./ligand.gaff.mol2
Reading MOLECULE named 24
 (using default radius 1.500000 for H14)
 (using default radius 1.500000 for H13)
 (using default radius 1.500000 for H12)
 (using default radius 1.500000 for H11)
 (using default radius 1.500000 for H10)
 (using default radius 1.500000 for H9)
 (using default radius 1.500000 for H8)
 (using default radius 1.500000 for H7)
 (using default radius 1.500000 for H6)
 (using default radius 1.500000 for H5)
 (using default radius 1.500000 for H4)
 (using default radius 1.500000 for H3)
 (using default radius 1.500000 for H2)
 (using default radius 1.500000 for H1)
 (using default radius 1.500000 for N2)
 (using default radius 1.500000 for C8)
 (using default radius 1.500000 for N1)
 (using default radius 1.500000 for C7)
 (using default radius 1.500000 for C6)
 (using default radius 1.500000 for C5)
 (using default radius 1.500000 for C4)
 (using default radius 1.500000 for C3)
 (using default radius 1.500000 for C2)
 (using default radius 1.500000 for C1)
  Solute vdw bounding box:              11.853 36.474 15.871
  Total bounding box for atom centers:  56.474 56.474 56.474
      (box expansion for 'iso' is 179.1%)
  Solvent unit box:                     18.774 18.774 18.774
 (using default radius 1.500000 for H14)
 (using default radius 1.500000 for H13)
 (using default radius 1.500000 for H12)
 (using default radius 1.500000 for H11)
 (using default radius 1.500000 for H10)
 (using default radius 1.500000 for H9)
 (using default radius 1.500000 for H8)
 (using default radius 1.500000 for H7)
 (using default radius 1.500000 for H6)
 (using default radius 1.500000 for H5)
 (using default radius 1.500000 for H4)
 (using default radius 1.500000 for H3)
 (using default radius 1.500000 for H2)
 (using default radius 1.500000 for H1)
 (using default radius 1.500000 for N2)
 (using default radius 1.500000 for C8)
 (using default radius 1.500000 for N1)
 (using default radius 1.500000 for C7)
 (using default radius 1.500000 for C6)
 (using default radius 1.500000 for C5)
 (using default radius 1.500000 for C4)
 (using default radius 1.500000 for C3)
 (using default radius 1.500000 for C2)
 (using default radius 1.500000 for C1)
  Volume: 210193.013 A^3 
  Total mass 100665.404 amu,  Density 0.795 g/cc
  Added 5523 residues.
1 Cl- ion required to neutralize.
Adding 1 counter ions to "complex" using 1A grid
Grid extends from solute vdw + 2.47  to  8.38
Resolution:      1.00 Angstrom.
grid build: 0 sec
Calculating grid charges
charges: 61 sec
Placed Cl- in complex at (29.44, -22.57, -8.54).

Done adding ions.
Checking 'complex'....
WARNING: The unperturbed charge of the unit: 0.998004 is not zero.
Warning: Close contact of 1.023145 angstroms between .R<non 2>.A<H14 24> and .R<non 2>.A<N2 10>
Warning: Close contact of 1.023463 angstroms between .R<non 2>.A<H13 23> and .R<non 2>.A<N2 10>
Warning: Close contact of 1.022245 angstroms between .R<non 2>.A<H12 22> and .R<non 2>.A<N2 10>
Warning: Close contact of 1.093447 angstroms between .R<non 2>.A<H11 21> and .R<non 2>.A<C8 9>
Warning: Close contact of 1.093627 angstroms between .R<non 2>.A<H10 20> and .R<non 2>.A<C8 9>
Warning: Close contact of 1.023350 angstroms between .R<non 2>.A<H9 19> and .R<non 2>.A<N1 8>
Warning: Close contact of 1.023971 angstroms between .R<non 2>.A<H8 18> and .R<non 2>.A<N1 8>
Warning: Close contact of 1.021451 angstroms between .R<non 2>.A<H7 17> and .R<non 2>.A<N1 8>
Warning: Close contact of 1.094284 angstroms between .R<non 2>.A<H6 16> and .R<non 2>.A<C7 7>
Warning: Close contact of 1.094328 angstroms between .R<non 2>.A<H5 15> and .R<non 2>.A<C7 7>
Warning: Close contact of 1.022585 angstroms between .R<non 2>.A<H4 14> and .R<non 2>.A<C6 6>
Warning: Close contact of 1.022721 angstroms between .R<non 2>.A<H3 13> and .R<non 2>.A<C5 5>
Warning: Close contact of 1.021697 angstroms between .R<non 2>.A<H2 12> and .R<non 2>.A<C3 3>
Warning: Close contact of 1.022721 angstroms between .R<non 2>.A<H1 11> and .R<non 2>.A<C2 2>
Warning: Close contact of 1.463546 angstroms between .R<non 2>.A<N2 10> and .R<non 2>.A<C8 9>
Warning: Close contact of 1.481967 angstroms between .R<non 2>.A<C8 9> and .R<non 2>.A<C4 4>
Warning: Close contact of 1.463630 angstroms between .R<non 2>.A<N1 8> and .R<non 2>.A<C7 7>
Warning: Close contact of 1.481364 angstroms between .R<non 2>.A<C7 7> and .R<non 2>.A<C1 1>
Warning: Close contact of 1.406398 angstroms between .R<non 2>.A<C6 6> and .R<non 2>.A<C5 5>
Warning: Close contact of 1.413885 angstroms between .R<non 2>.A<C6 6> and .R<non 2>.A<C1 1>
Warning: Close contact of 1.412809 angstroms between .R<non 2>.A<C5 5> and .R<non 2>.A<C4 4>
Warning: Close contact of 1.412933 angstroms between .R<non 2>.A<C4 4> and .R<non 2>.A<C3 3>
Warning: Close contact of 1.406398 angstroms between .R<non 2>.A<C3 3> and .R<non 2>.A<C2 2>
Warning: Close contact of 1.412467 angstroms between .R<non 2>.A<C2 2> and .R<non 2>.A<C1 1>
Checking parameters for unit 'complex'.
Checking for bond parameters.
Checking for angle parameters.
check:  Warnings: 25
Unit is OK.
Total unperturbed charge:   0.998004
Total perturbed charge:     0.998004
Checking Unit.
WARNING: The unperturbed charge of the unit: 1.998004 is not zero.

 -- ignoring the warning.

Building topology.
Building atom parameters.
Building bond parameters.
Building angle parameters.
Building proper torsion parameters.
Building improper torsion parameters.
 total 0 improper torsions applied
Building H-Bond parameters.
Incorporating Non-Bonded adjustments.
Not Marking per-residue atom chain types.
Marking per-residue atom chain types.
  (Residues lacking connect0/connect1 - 
   these don't have chain types marked:

	res	total affected

	non	1
  )
 (no restraints)
Writing pdb file: vacuum.pdb
 (using default radius 1.500000 for C1)
 (using default radius 1.500000 for C2)
 (using default radius 1.500000 for C3)
 (using default radius 1.500000 for C4)
 (using default radius 1.500000 for C5)
 (using default radius 1.500000 for C6)
 (using default radius 1.500000 for C7)
 (using default radius 1.500000 for N1)
 (using default radius 1.500000 for C8)
 (using default radius 1.500000 for N2)
 (using default radius 1.500000 for H1)
 (using default radius 1.500000 for H2)
 (using default radius 1.500000 for H3)
 (using default radius 1.500000 for H4)
 (using default radius 1.500000 for H5)
 (using default radius 1.500000 for H6)
 (using default radius 1.500000 for H7)
 (using default radius 1.500000 for H8)
 (using default radius 1.500000 for H9)
 (using default radius 1.500000 for H10)
 (using default radius 1.500000 for H11)
 (using default radius 1.500000 for H12)
 (using default radius 1.500000 for H13)
 (using default radius 1.500000 for H14)
  Solute vdw bounding box:              12.189 5.534 7.222
  Total bounding box for atom centers:  32.189 32.189 32.189
      (box expansion for 'iso' is  49.1%)
  Solvent unit box:                     18.774 18.774 18.774
 (using default radius 1.500000 for C1)
 (using default radius 1.500000 for C2)
 (using default radius 1.500000 for C3)
 (using default radius 1.500000 for C4)
 (using default radius 1.500000 for C5)
 (using default radius 1.500000 for C6)
 (using default radius 1.500000 for C7)
 (using default radius 1.500000 for N1)
 (using default radius 1.500000 for C8)
 (using default radius 1.500000 for N2)
 (using default radius 1.500000 for H1)
 (using default radius 1.500000 for H2)
 (using default radius 1.500000 for H3)
 (using default radius 1.500000 for H4)
 (using default radius 1.500000 for H5)
 (using default radius 1.500000 for H6)
 (using default radius 1.500000 for H7)
 (using default radius 1.500000 for H8)
 (using default radius 1.500000 for H9)
 (using default radius 1.500000 for H10)
 (using default radius 1.500000 for H11)
 (using default radius 1.500000 for H12)
 (using default radius 1.500000 for H13)
 (using default radius 1.500000 for H14)
  Volume: 44188.659 A^3 
  Total mass 17529.568 amu,  Density 0.659 g/cc
  Added 973 residues.
1 Cl- ion required to neutralize.
Adding 1 counter ions to "ligand" using 1A grid
Grid extends from solute vdw + 2.47  to  8.24
Resolution:      1.00 Angstrom.
grid build: 0 sec
Calculating grid charges
charges: 2 sec
Placed Cl- in ligand at (-18.29, 4.80, -13.32).

Done adding ions.
Checking Unit.
WARNING: The unperturbed charge of the unit: 0.998004 is not zero.

 -- ignoring the warning.

Building topology.
Building atom parameters.
Building bond parameters.
Building angle parameters.
Building proper torsion parameters.
Building improper torsion parameters.
 total 0 improper torsions applied
Building H-Bond parameters.
Incorporating Non-Bonded adjustments.
Not Marking per-residue atom chain types.
Marking per-residue atom chain types.
  (Residues lacking connect0/connect1 - 
   these don't have chain types marked:

	res	total affected

	WAT	973
	non	1
  )
 (no restraints)
Checking Unit.
WARNING: The unperturbed charge of the unit: 0.998004 is not zero.

 -- ignoring the warning.

Building topology.
Building atom parameters.
Building bond parameters.
Building angle parameters.
Building proper torsion parameters.
Building improper torsion parameters.
 total 42 improper torsions applied
Building H-Bond parameters.
Incorporating Non-Bonded adjustments.
Not Marking per-residue atom chain types.
Marking per-residue atom chain types.
  (Residues lacking connect0/connect1 - 
   these don't have chain types marked:

	res	total affected

	LIG	1
	WAT	5523
	non	1
  )
 (no restraints)
Writing pdb file: solvent.pdb
Writing pdb file: complex.pdb
	Quit
