-I: Adding /Users/choderaj/anaconda/bin/../dat/leap/prep to search path.
-I: Adding /Users/choderaj/anaconda/bin/../dat/leap/lib to search path.
-I: Adding /Users/choderaj/anaconda/bin/../dat/leap/parm to search path.
-I: Adding /Users/choderaj/anaconda/bin/../dat/leap/cmd to search path.
-f: Source setup.leap.in.

Welcome to LEaP!
(no leaprc in search path)
Sourcing: ./setup.leap.in
----- Source: /Users/choderaj/anaconda/bin/../dat/leap/cmd/oldff/leaprc.ff99SBildn
----- Source of /Users/choderaj/anaconda/bin/../dat/leap/cmd/oldff/leaprc.ff99SBildn done
Log file: ./leap.log
Loading parameters: /Users/choderaj/anaconda/bin/../dat/leap/parm/parm99.dat
Reading title:
PARM99 for DNA,RNA,AA, organic molecules, TIP3P wat. Polariz.& LP incl.02/04/99
Loading parameters: /Users/choderaj/anaconda/bin/../dat/leap/parm/frcmod.ff99SBildn
Reading force field modification type file (frcmod)
Reading title:
Modification/update of parm99.dat (Hornak & Simmerling) + ILDN corrections
Loading library: /Users/choderaj/anaconda/bin/../dat/leap/lib/all_nucleic94.lib
Loading library: /Users/choderaj/anaconda/bin/../dat/leap/lib/all_amino94ildn.lib
Loading library: /Users/choderaj/anaconda/bin/../dat/leap/lib/all_aminoct94ildn.lib
Loading library: /Users/choderaj/anaconda/bin/../dat/leap/lib/all_aminont94ildn.lib
Loading library: /Users/choderaj/anaconda/bin/../dat/leap/lib/ions94.lib
Loading library: /Users/choderaj/anaconda/bin/../dat/leap/lib/solvents.lib
----- Source: /Users/choderaj/anaconda/bin/../dat/leap/cmd/leaprc.gaff
----- Source of /Users/choderaj/anaconda/bin/../dat/leap/cmd/leaprc.gaff done
Log file: ./leap.log
Loading parameters: /Users/choderaj/anaconda/bin/../dat/leap/parm/gaff.dat
Reading title:
AMBER General Force Field for organic molecules (Version 1.7, Nov 2013)
Using H(N)-modified Bondi radii
Loading PDB file: ./receptor.pdbfixer.CYX.pdb
  total atoms in file: 4631
  Leap added 4554 missing atoms according to residue templates:
       4554 H / lone pairs
Loading parameters: ./ligand.gaff.frcmod
Reading force field modification type file (frcmod)
Reading title:
Remark line goes here
Loading parameters: ./ligand.gaff.frcmod
Reading force field modification type file (frcmod)
Reading title:
Remark line goes here
Loading Mol2 file: ./ligand.gaff.mol2
Reading MOLECULE named aspirin
Checking 'complex'....
WARNING: The unperturbed charge of the unit: -14.000000 is not zero.
Warning: Close contact of 1.279506 angstroms between .R<CGLY 584>.A<OXT 8> and .R<LYS 536>.A<HZ3 20>
Warning: Close contact of 1.491839 angstroms between .R<GLU 531>.A<OE2 13> and .R<THR 420>.A<HG1 12>
Warning: Close contact of 1.482008 angstroms between .R<LEU 516>.A<HD13 13> and .R<ILE 513>.A<HA 4>
Warning: Close contact of 1.371843 angstroms between .R<SER 489>.A<HG 9> and .R<ARG 485>.A<HH11 18>
Warning: Close contact of 1.275706 angstroms between .R<SER 480>.A<H 2> and .R<GLU 479>.A<HG3 10>
Warning: Close contact of 1.167206 angstroms between .R<SER 470>.A<H 2> and .R<HIE 464>.A<HE2 13>
Warning: Close contact of 1.453087 angstroms between .R<LYS 444>.A<HB3 7> and .R<LYS 444>.A<HZ1 18>
Warning: Close contact of 1.477097 angstroms between .R<LYS 389>.A<H 2> and .R<LYS 389>.A<HE3 16>
Warning: Close contact of 1.426998 angstroms between .R<ALA 371>.A<HB3 8> and .R<GLU 368>.A<HA 4>
Warning: Close contact of 1.110000 angstroms between .R<HIE 367>.A<HA 4> and .R<SER 312>.A<HG 9>
Warning: Close contact of 1.400262 angstroms between .R<ARG 337>.A<HH12 19> and .R<LEU 302>.A<HB3 7>
Warning: Close contact of 1.342014 angstroms between .R<LYS 313>.A<H 2> and .R<GLU 311>.A<O 15>
Warning: Close contact of 1.490221 angstroms between .R<PRO 303>.A<HD3 4> and .R<LEU 302>.A<HA 4>
Warning: Close contact of 1.310579 angstroms between .R<ARG 197>.A<HH21 21> and .R<SER 193>.A<HG 9>
Warning: Close contact of 1.360867 angstroms between .R<ASP 89>.A<OD1 9> and .R<ARG 81>.A<HH22 22>
Warning: Close contact of 1.309369 angstroms between .R<TYR 84>.A<HH 15> and .R<GLN 33>.A<H 2>
Checking parameters for unit 'complex'.
Checking for bond parameters.
Checking for angle parameters.
check:  Warnings: 17
Unit is OK.
Total unperturbed charge: -14.000000
Total perturbed charge:   -14.000000
Checking Unit.
Building topology.
Building atom parameters.
Building bond parameters.
Building angle parameters.
Building proper torsion parameters.
Building improper torsion parameters.
 total 8 improper torsions applied
Building H-Bond parameters.
Incorporating Non-Bonded adjustments.
Not Marking per-residue atom chain types.
Marking per-residue atom chain types.
  (Residues lacking connect0/connect1 - 
   these don't have chain types marked:

	res	total affected

	MOL	1
  )
 (no restraints)
Checking Unit.
Building topology.
Building atom parameters.
Building bond parameters.
Building angle parameters.
Building proper torsion parameters.
Building improper torsion parameters.
 total 8 improper torsions applied
Building H-Bond parameters.
Incorporating Non-Bonded adjustments.
Not Marking per-residue atom chain types.
Marking per-residue atom chain types.
  (Residues lacking connect0/connect1 - 
   these don't have chain types marked:

	res	total affected

	MOL	1
  )
 (no restraints)
Checking Unit.
WARNING: The unperturbed charge of the unit: -14.000000 is not zero.

 -- ignoring the warning.

Building topology.
Building atom parameters.
Building bond parameters.
Building angle parameters.
Building proper torsion parameters.
Building improper torsion parameters.
 total 1803 improper torsions applied
Building H-Bond parameters.
Incorporating Non-Bonded adjustments.
Not Marking per-residue atom chain types.
Marking per-residue atom chain types.
  (Residues lacking connect0/connect1 - 
   these don't have chain types marked:

	res	total affected

	CGLY	1
	MOL	1
	NHIE	1
  )
 (no restraints)
Writing pdb file: vacuum.pdb
Writing pdb file: solvent.pdb
Writing pdb file: complex.pdb
 Converting N-terminal residue name to PDB format: NHIE -> HIE
 Converting C-terminal residue name to PDB format: CGLY -> GLY
	Quit
