log started: Mon Jul  6 23:21:01 2015

Log file: ./leap.log
>> #
>> # ----- leaprc for loading the ff99SB (Hornak & Simmerling) force field
>> #       modified for the "ILDN" changes
>> #
>> #	load atom type hybridizations
>> #
>> addAtomTypes {
>> 	{ "H"   "H" "sp3" }
>> 	{ "HO"  "H" "sp3" }
>> 	{ "HS"  "H" "sp3" }
>> 	{ "H1"  "H" "sp3" }
>> 	{ "H2"  "H" "sp3" }
>> 	{ "H3"  "H" "sp3" }
>> 	{ "H4"  "H" "sp3" }
>> 	{ "H5"  "H" "sp3" }
>> 	{ "HW"  "H" "sp3" }
>> 	{ "HC"  "H" "sp3" }
>> 	{ "HA"  "H" "sp3" }
>> 	{ "HP"  "H" "sp3" }
>> 	{ "OH"  "O" "sp3" }
>> 	{ "OS"  "O" "sp3" }
>> 	{ "O"   "O" "sp2" }
>> 	{ "O2"  "O" "sp2" }
>> 	{ "OW"  "O" "sp3" }
>> 	{ "CT"  "C" "sp3" }
>> 	{ "CH"  "C" "sp3" }
>> 	{ "C2"  "C" "sp3" }
>> 	{ "C3"  "C" "sp3" }
>> 	{ "C"   "C" "sp2" }
>> 	{ "C*"  "C" "sp2" }
>> 	{ "CA"  "C" "sp2" }
>> 	{ "CB"  "C" "sp2" }
>> 	{ "CC"  "C" "sp2" }
>> 	{ "CN"  "C" "sp2" }
>> 	{ "CM"  "C" "sp2" }
>> 	{ "CK"  "C" "sp2" }
>> 	{ "CQ"  "C" "sp2" }
>> 	{ "CD"  "C" "sp2" }
>> 	{ "CE"  "C" "sp2" }
>> 	{ "CF"  "C" "sp2" }
>> 	{ "CP"  "C" "sp2" }
>> 	{ "CI"  "C" "sp2" }
>> 	{ "CJ"  "C" "sp2" }
>> 	{ "CW"  "C" "sp2" }
>> 	{ "CV"  "C" "sp2" }
>> 	{ "CR"  "C" "sp2" }
>> 	{ "CA"  "C" "sp2" }
>> 	{ "CY"  "C" "sp2" }
>> 	{ "C0"  "Ca" "sp3" }
>> 	{ "MG"  "Mg" "sp3" }
>> 	{ "N"   "N" "sp2" }
>> 	{ "NA"  "N" "sp2" }
>> 	{ "N2"  "N" "sp2" }
>> 	{ "N*"  "N" "sp2" }
>> 	{ "NP"  "N" "sp2" }
>> 	{ "NQ"  "N" "sp2" }
>> 	{ "NB"  "N" "sp2" }
>> 	{ "NC"  "N" "sp2" }
>> 	{ "NT"  "N" "sp3" }
>> 	{ "N3"  "N" "sp3" }
>> 	{ "S"   "S" "sp3" }
>> 	{ "SH"  "S" "sp3" }
>> 	{ "P"   "P" "sp3" }
>> 	{ "LP"  ""  "sp3" }
>> 	{ "F"   "F" "sp3" }
>> 	{ "CL"  "Cl" "sp3" }
>> 	{ "BR"  "Br" "sp3" }
>> 	{ "I"   "I"  "sp3" }
>> 	{ "FE"  "Fe" "sp3" }
>> 	{ "EP"  ""  "sp3" }
>> # glycam
>> 	{ "OG"  "O" "sp3" }
>> 	{ "OL"  "O" "sp3" }
>> 	{ "AC"  "C" "sp3" }
>> 	{ "EC"  "C" "sp3" }
>> #ildn
>> 	{ "C3"  "C" "sp3" }
>> 	{ "C4"  "C" "sp3" }
>> 	{ "C5"   "C" "sp2" }
>> 	{ "C6"   "C" "sp2" }
>> 	{ "NP"   "N" "sp2" }
>> 	{ "OM"   "O" "sp2" } # guess!!!
>> }
>> #
>> #	Load the main parameter set.
>> #
>> parm99 = loadamberparams parm99.dat
Loading parameters: /Users/choderaj/anaconda/bin/../dat/leap/parm/parm99.dat
Reading title:
PARM99 for DNA,RNA,AA, organic molecules, TIP3P wat. Polariz.& LP incl.02/04/99
(UNKNOWN ATOM TYPE: HZ)
(UNKNOWN ATOM TYPE: IM)
(UNKNOWN ATOM TYPE: Li)
(UNKNOWN ATOM TYPE: IP)
(UNKNOWN ATOM TYPE: K)
(UNKNOWN ATOM TYPE: Rb)
(UNKNOWN ATOM TYPE: Cs)
(UNKNOWN ATOM TYPE: Zn)
(UNKNOWN ATOM TYPE: IB)
(UNKNOWN ATOM TYPE: LP)
>> mods = loadamberparams frcmod.ff99SBildn
Loading parameters: /Users/choderaj/anaconda/bin/../dat/leap/parm/frcmod.ff99SBildn
Reading force field modification type file (frcmod)
Reading title:
Modification/update of parm99.dat (Hornak & Simmerling) + ILDN corrections
>> #
>> #	Load DNA/RNA libraries
>> #
>> loadOff all_nucleic94.lib
Loading library: /Users/choderaj/anaconda/bin/../dat/leap/lib/all_nucleic94.lib
Loading: DA
Loading: DA3
Loading: DA5
Loading: DAN
Loading: DC
Loading: DC3
Loading: DC5
Loading: DCN
Loading: DG
Loading: DG3
Loading: DG5
Loading: DGN
Loading: DT
Loading: DT3
Loading: DT5
Loading: DTN
Loading: RA
Loading: RA3
Loading: RA5
Loading: RAN
Loading: RC
Loading: RC3
Loading: RC5
Loading: RCN
Loading: RG
Loading: RG3
Loading: RG5
Loading: RGN
Loading: RU
Loading: RU3
Loading: RU5
Loading: RUN
>> #
>> #	Load main chain and terminating 
>> #	amino acid libraries (i.e. ff94 libs)
>> #
>> loadOff all_amino94ildn.lib
Loading library: /Users/choderaj/anaconda/bin/../dat/leap/lib/all_amino94ildn.lib
Loading: ALA
Loading: ARG
Loading: ASH
Loading: ASN
Loading: ASP
Loading: CYM
Loading: CYS
Loading: CYX
Loading: GLH
Loading: GLN
Loading: GLU
Loading: GLY
Loading: HID
Loading: HIE
Loading: HIP
Loading: ILE
Loading: LEU
Loading: LYN
Loading: LYS
Loading: MET
Loading: PHE
Loading: PRO
Loading: SER
Loading: THR
Loading: TRP
Loading: TYR
Loading: VAL
>> loadOff all_aminoct94ildn.lib
Loading library: /Users/choderaj/anaconda/bin/../dat/leap/lib/all_aminoct94ildn.lib
Loading: CALA
Loading: CARG
Loading: CASN
Loading: CASP
Loading: CCYS
Loading: CCYX
Loading: CGLN
Loading: CGLU
Loading: CGLY
Loading: CHID
Loading: CHIE
Loading: CHIP
Loading: CILE
Loading: CLEU
Loading: CLYS
Loading: CMET
Loading: CPHE
Loading: CPRO
Loading: CSER
Loading: CTHR
Loading: CTRP
Loading: CTYR
Loading: CVAL
Loading: NHE
Loading: NME
>> loadOff all_aminont94ildn.lib
Loading library: /Users/choderaj/anaconda/bin/../dat/leap/lib/all_aminont94ildn.lib
Loading: ACE
Loading: NALA
Loading: NARG
Loading: NASN
Loading: NASP
Loading: NCYS
Loading: NCYX
Loading: NGLN
Loading: NGLU
Loading: NGLY
Loading: NHID
Loading: NHIE
Loading: NHIP
Loading: NILE
Loading: NLEU
Loading: NLYS
Loading: NMET
Loading: NPHE
Loading: NPRO
Loading: NSER
Loading: NTHR
Loading: NTRP
Loading: NTYR
Loading: NVAL
>> #
>> #       Load water and ions
>> # 
>> loadOff ions94.lib
Loading library: /Users/choderaj/anaconda/bin/../dat/leap/lib/ions94.lib
Loading: CIO
Loading: Cl-
Loading: Cs+
Loading: IB
Loading: K+
Loading: Li+
Loading: MG2
Loading: Na+
Loading: Rb+
>> loadOff solvents.lib
Loading library: /Users/choderaj/anaconda/bin/../dat/leap/lib/solvents.lib
Loading: CHCL3BOX
Loading: DC4
Loading: MEOHBOX
Loading: NMABOX
Loading: OPC
Loading: OPCBOX
Loading: PL3
Loading: POL3BOX
Loading: QSPCFWBOX
Loading: SPC
Loading: SPCBOX
Loading: SPCFWBOX
Loading: SPF
Loading: SPG
Loading: T4E
Loading: TIP3PBOX
Loading: TIP3PFBOX
Loading: TIP4PBOX
Loading: TIP4PEWBOX
Loading: TIP5PBOX
Loading: TP3
Loading: TP4
Loading: TP5
Loading: TPF
>> HOH = TP3
>> WAT = TP3
>> 
>> #
>> #	Define the PDB name map for the amino acids and DNA.
>> #
>> addPdbResMap {
>>   { 0 "ALA" "NALA" } { 1 "ALA" "CALA" }
>>   { 0 "ARG" "NARG" } { 1 "ARG" "CARG" }
>>   { 0 "ASN" "NASN" } { 1 "ASN" "CASN" }
>>   { 0 "ASP" "NASP" } { 1 "ASP" "CASP" }
>>   { 0 "CYS" "NCYS" } { 1 "CYS" "CCYS" }
>>   { 0 "CYX" "NCYX" } { 1 "CYX" "CCYX" }
>>   { 0 "GLN" "NGLN" } { 1 "GLN" "CGLN" }
>>   { 0 "GLU" "NGLU" } { 1 "GLU" "CGLU" }
>>   { 0 "GLY" "NGLY" } { 1 "GLY" "CGLY" }
>>   { 0 "HID" "NHID" } { 1 "HID" "CHID" }
>>   { 0 "HIE" "NHIE" } { 1 "HIE" "CHIE" }
>>   { 0 "HIP" "NHIP" } { 1 "HIP" "CHIP" }
>>   { 0 "ILE" "NILE" } { 1 "ILE" "CILE" }
>>   { 0 "LEU" "NLEU" } { 1 "LEU" "CLEU" }
>>   { 0 "LYS" "NLYS" } { 1 "LYS" "CLYS" }
>>   { 0 "MET" "NMET" } { 1 "MET" "CMET" }
>>   { 0 "PHE" "NPHE" } { 1 "PHE" "CPHE" }
>>   { 0 "PRO" "NPRO" } { 1 "PRO" "CPRO" }
>>   { 0 "SER" "NSER" } { 1 "SER" "CSER" }
>>   { 0 "THR" "NTHR" } { 1 "THR" "CTHR" }
>>   { 0 "TRP" "NTRP" } { 1 "TRP" "CTRP" }
>>   { 0 "TYR" "NTYR" } { 1 "TYR" "CTYR" }
>>   { 0 "VAL" "NVAL" } { 1 "VAL" "CVAL" }
>>   { 0 "HIS" "NHIS" } { 1 "HIS" "CHIS" }
>>   { 0 "GUA" "DG5"  } { 1 "GUA" "DG3"  } { "GUA" "DG" }
>>   { 0 "ADE" "DA5"  } { 1 "ADE" "DA3"  } { "ADE" "DA" }
>>   { 0 "CYT" "DC5"  } { 1 "CYT" "DC3"  } { "CYT" "DC" }
>>   { 0 "THY" "DT5"  } { 1 "THY" "DT3"  } { "THY" "DT" }
>>   { 0 "G" "RG5"  } { 1 "G" "RG3"  } { "G" "RG" } { "GN" "RGN" }
>>   { 0 "A" "RA5"  } { 1 "A" "RA3"  } { "A" "RA" } { "AN" "RAN" }
>>   { 0 "C" "RC5"  } { 1 "C" "RC3"  } { "C" "RC" } { "CN" "RCN" }
>>   { 0 "U" "RU5"  } { 1 "U" "RU3"  } { "U" "RU" } { "UN" "RUN" }
>>   { 0 "DG" "DG5"  } { 1 "DG" "DG3"  }  
>>   { 0 "DA" "DA5"  } { 1 "DA" "DA3"  }  
>>   { 0 "DC" "DC5"  } { 1 "DC" "DC3"  }  
>>   { 0 "DT" "DT5"  } { 1 "DT" "DT3"  }
>> 
>> }
>> 
>> addPdbAtomMap {
>>   { "O5*" "O5'" }
>>   { "C5*" "C5'" }
>>   { "C4*" "C4'" }
>>   { "O4*" "O4'" }
>>   { "C3*" "C3'" }
>>   { "O3*" "O3'" }
>>   { "C2*" "C2'" }
>>   { "C1*" "C1'" }
>>   { "C5M" "C7"  }
>>   { "O2*" "O2'" }
>>   { "H1*" "H1'" }
>>   { "H2*1" "H2'1" }
>>   { "H2*2" "H2'2" }
>>   { "H2'"  "H2'1" }
>>   { "H2''" "H2'2" }
>>   { "H3*" "H3'" }
>>   { "H4*" "H4'" }
>>   { "H5*1" "H5'1" }
>>   { "H5*2" "H5'2" }
>>   { "H5'"  "H5'1" }
>>   { "H5''" "H5'2" }
>>   { "HO2'" "HO'2" }
>>   { "HO5'" "H5T" }
>>   { "HO3'" "H3T" }
>>   { "O1'" "O4'" }
>>   { "OA"  "O1P" }
>>   { "OB"  "O2P" }
>>   { "OP1" "O1P" }
>>   { "OP2" "O2P" }
>> }
>> 
>> 
>> #
>> # assumed that most often proteins use HIE
>> #
>> NHIS = NHIE
>> HIS = HIE
>> CHIS = CHIE
> 
> 
> # Load GAFF parameters.
> source leaprc.gaff
----- Source: /Users/choderaj/anaconda/bin/../dat/leap/cmd/leaprc.gaff
----- Source of /Users/choderaj/anaconda/bin/../dat/leap/cmd/leaprc.gaff done
>> logFile leap.log
log started: Mon Jul  6 23:21:01 2015

Log file: ./leap.log
>> #
>> # ----- leaprc for loading the general Amber Force field.
>> #       This file is mostly for use with Antechamber
>> #
>> #	load atom type hybridizations
>> #
>> addAtomTypes {
>> 	{ "h1"  "H" "sp3" }
>> 	{ "h2"  "H" "sp3" }
>> 	{ "h3"  "H" "sp3" }
>> 	{ "h4"  "H" "sp3" }
>> 	{ "h5"  "H" "sp3" }
>> 	{ "ha"  "H" "sp3" }
>> 	{ "hc"  "H" "sp3" }
>> 	{ "hn"  "H" "sp3" }
>> 	{ "ho"  "H" "sp3" }
>> 	{ "hp"  "H" "sp3" }
>> 	{ "hs"  "H" "sp3" }
>> 	{ "hw"  "H" "sp3" }
>> 	{ "hx"  "H" "sp3" }
>> 	{ "o"  "O" "sp2" }
>> 	{ "o2"  "O" "sp2" }
>> 	{ "oh"  "O" "sp3" }
>> 	{ "os"  "O" "sp3" }
>> 	{ "ow"  "O" "sp3" }
>> 	{ "c"  "C" "sp2" }
>> 	{ "c1"  "C" "sp2" }
>> 	{ "c2"  "C" "sp2" }
>> 	{ "c3"  "C" "sp3" }
>> 	{ "ca"  "C" "sp2" }
>> 	{ "cc"  "C" "sp2" }
>> 	{ "cd"  "C" "sp2" }
>> 	{ "ce"  "C" "sp2" }
>> 	{ "cf"  "C" "sp2" }
>> 	{ "cg"  "C" "sp2" }
>> 	{ "ch"  "C" "sp2" }
>> 	{ "cp"  "C" "sp2" }
>> 	{ "cq"  "C" "sp2" }
>> 	{ "cu"  "C" "sp2" }
>> 	{ "cv"  "C" "sp2" }
>> 	{ "cx"  "C" "sp2" }
>> 	{ "cy"  "C" "sp2" }
>> 	{ "cz"  "C" "sp2" }
>> 	{ "n"   "N" "sp2" }
>> 	{ "n1"  "N" "sp2" }
>> 	{ "n2"  "N" "sp2" }
>> 	{ "n3"  "N" "sp3" }
>> 	{ "n4"  "N" "sp3" }
>> 	{ "na"  "N" "sp2" }
>> 	{ "nb"  "N" "sp2" }
>> 	{ "nc"  "N" "sp2" }
>> 	{ "nd"  "N" "sp2" }
>> 	{ "ne"  "N" "sp2" }
>> 	{ "nf"  "N" "sp2" }
>> 	{ "nh"  "N" "sp2" }
>> 	{ "no"  "N" "sp2" }
>> 	{ "s"   "S" "sp2" }
>> 	{ "s2"   "S" "sp2" }
>> 	{ "s3"   "S" "sp3" }
>> 	{ "s4"   "S" "sp3" }
>> 	{ "s6"   "S" "sp3" }
>> 	{ "sh"   "S" "sp3" }
>> 	{ "ss"   "S" "sp3" }
>> 	{ "sx"   "S" "sp3" }
>> 	{ "sy"   "S" "sp3" }
>> 	{ "p2"   "P" "sp2" }
>> 	{ "p3"   "P" "sp3" }
>> 	{ "p4"   "P" "sp3" }
>> 	{ "p5"   "P" "sp3" }
>> 	{ "pb"   "P" "sp3" }
>> 	{ "pc"   "P" "sp3" }
>> 	{ "pd"   "P" "sp3" }
>> 	{ "pe"   "P" "sp3" }
>> 	{ "pf"   "P" "sp3" }
>> 	{ "px"   "P" "sp3" }
>> 	{ "py"   "P" "sp3" }
>> 	{ "f"   "F" "sp3" }
>> 	{ "cl"  "Cl" "sp3" }
>> 	{ "br"  "Br" "sp3" }
>> 	{ "i"   "I"  "sp3" }
>> }
>> #
>> #	Load the general force field parameter set.
>> #
>> gaff = loadamberparams gaff.dat
Loading parameters: /Users/choderaj/anaconda/bin/../dat/leap/parm/gaff.dat
Reading title:
AMBER General Force Field for organic molecules (Version 1.7, Nov 2013)
> 
> 
> # Load in protein.
> receptor = loadPdb receptor.pdbfixer.CYX.pdb
Loading PDB file: ./receptor.pdbfixer.CYX.pdb
Enter zPdbReadScan from call depth  0.
Exit  zPdbReadScan from call depth  0.
Matching PDB residue names to LEaP variables.
Mapped residue ASP, term: Terminal/beginning, seq. number: 0 to: NASP.
(Residue 1: ALA, Nonterminal, was not found in name map.)
(Residue 2: HIS, Nonterminal, was not found in name map.)
(Residue 3: LYS, Nonterminal, was not found in name map.)
(Residue 4: SER, Nonterminal, was not found in name map.)
(Residue 5: GLU, Nonterminal, was not found in name map.)
(Residue 6: VAL, Nonterminal, was not found in name map.)
(Residue 7: ALA, Nonterminal, was not found in name map.)
(Residue 8: HIS, Nonterminal, was not found in name map.)
(Residue 9: ARG, Nonterminal, was not found in name map.)
(Residue 10: PHE, Nonterminal, was not found in name map.)
(Residue 11: LYS, Nonterminal, was not found in name map.)
(Residue 12: ASP, Nonterminal, was not found in name map.)
(Residue 13: LEU, Nonterminal, was not found in name map.)
(Residue 14: GLY, Nonterminal, was not found in name map.)
(Residue 15: GLU, Nonterminal, was not found in name map.)
(Residue 16: GLU, Nonterminal, was not found in name map.)
(Residue 17: ASN, Nonterminal, was not found in name map.)
(Residue 18: PHE, Nonterminal, was not found in name map.)
(Residue 19: LYS, Nonterminal, was not found in name map.)
(Residue 20: ALA, Nonterminal, was not found in name map.)
(Residue 21: LEU, Nonterminal, was not found in name map.)
(Residue 22: VAL, Nonterminal, was not found in name map.)
(Residue 23: LEU, Nonterminal, was not found in name map.)
(Residue 24: ILE, Nonterminal, was not found in name map.)
(Residue 25: ALA, Nonterminal, was not found in name map.)
(Residue 26: PHE, Nonterminal, was not found in name map.)
(Residue 27: ALA, Nonterminal, was not found in name map.)
(Residue 28: GLN, Nonterminal, was not found in name map.)
(Residue 29: TYR, Nonterminal, was not found in name map.)
(Residue 30: LEU, Nonterminal, was not found in name map.)
(Residue 31: GLN, Nonterminal, was not found in name map.)
(Residue 32: GLN, Nonterminal, was not found in name map.)
(Residue 33: CYX, Nonterminal, was not found in name map.)
(Residue 34: PRO, Nonterminal, was not found in name map.)
(Residue 35: PHE, Nonterminal, was not found in name map.)
(Residue 36: GLU, Nonterminal, was not found in name map.)
(Residue 37: ASP, Nonterminal, was not found in name map.)
(Residue 38: HIS, Nonterminal, was not found in name map.)
(Residue 39: VAL, Nonterminal, was not found in name map.)
(Residue 40: LYS, Nonterminal, was not found in name map.)
(Residue 41: LEU, Nonterminal, was not found in name map.)
(Residue 42: VAL, Nonterminal, was not found in name map.)
(Residue 43: ASN, Nonterminal, was not found in name map.)
(Residue 44: GLU, Nonterminal, was not found in name map.)
(Residue 45: VAL, Nonterminal, was not found in name map.)
(Residue 46: THR, Nonterminal, was not found in name map.)
(Residue 47: GLU, Nonterminal, was not found in name map.)
(Residue 48: PHE, Nonterminal, was not found in name map.)
(Residue 49: ALA, Nonterminal, was not found in name map.)
(Residue 50: LYS, Nonterminal, was not found in name map.)
(Residue 51: THR, Nonterminal, was not found in name map.)
(Residue 52: CYX, Nonterminal, was not found in name map.)
(Residue 53: VAL, Nonterminal, was not found in name map.)
(Residue 54: ALA, Nonterminal, was not found in name map.)
(Residue 55: ASP, Nonterminal, was not found in name map.)
(Residue 56: GLU, Nonterminal, was not found in name map.)
(Residue 57: SER, Nonterminal, was not found in name map.)
(Residue 58: ALA, Nonterminal, was not found in name map.)
(Residue 59: GLU, Nonterminal, was not found in name map.)
(Residue 60: ASN, Nonterminal, was not found in name map.)
(Residue 61: CYX, Nonterminal, was not found in name map.)
(Residue 62: ASP, Nonterminal, was not found in name map.)
(Residue 63: LYS, Nonterminal, was not found in name map.)
(Residue 64: SER, Nonterminal, was not found in name map.)
(Residue 65: LEU, Nonterminal, was not found in name map.)
(Residue 66: HIS, Nonterminal, was not found in name map.)
(Residue 67: THR, Nonterminal, was not found in name map.)
(Residue 68: LEU, Nonterminal, was not found in name map.)
(Residue 69: PHE, Nonterminal, was not found in name map.)
(Residue 70: GLY, Nonterminal, was not found in name map.)
(Residue 71: ASP, Nonterminal, was not found in name map.)
(Residue 72: LYS, Nonterminal, was not found in name map.)
(Residue 73: LEU, Nonterminal, was not found in name map.)
(Residue 74: CYX, Nonterminal, was not found in name map.)
(Residue 75: THR, Nonterminal, was not found in name map.)
(Residue 76: VAL, Nonterminal, was not found in name map.)
(Residue 77: ALA, Nonterminal, was not found in name map.)
(Residue 78: THR, Nonterminal, was not found in name map.)
(Residue 79: LEU, Nonterminal, was not found in name map.)
(Residue 80: ARG, Nonterminal, was not found in name map.)
(Residue 81: GLU, Nonterminal, was not found in name map.)
(Residue 82: THR, Nonterminal, was not found in name map.)
(Residue 83: TYR, Nonterminal, was not found in name map.)
(Residue 84: GLY, Nonterminal, was not found in name map.)
(Residue 85: GLU, Nonterminal, was not found in name map.)
(Residue 86: MET, Nonterminal, was not found in name map.)
(Residue 87: ALA, Nonterminal, was not found in name map.)
(Residue 88: ASP, Nonterminal, was not found in name map.)
(Residue 89: CYX, Nonterminal, was not found in name map.)
(Residue 90: CYX, Nonterminal, was not found in name map.)
(Residue 91: ALA, Nonterminal, was not found in name map.)
(Residue 92: LYS, Nonterminal, was not found in name map.)
(Residue 93: GLN, Nonterminal, was not found in name map.)
(Residue 94: GLU, Nonterminal, was not found in name map.)
(Residue 95: PRO, Nonterminal, was not found in name map.)
(Residue 96: GLU, Nonterminal, was not found in name map.)
(Residue 97: ARG, Nonterminal, was not found in name map.)
(Residue 98: ASN, Nonterminal, was not found in name map.)
(Residue 99: GLU, Nonterminal, was not found in name map.)
(Residue 100: CYX, Nonterminal, was not found in name map.)
(Residue 101: PHE, Nonterminal, was not found in name map.)
(Residue 102: LEU, Nonterminal, was not found in name map.)
(Residue 103: GLN, Nonterminal, was not found in name map.)
(Residue 104: HIS, Nonterminal, was not found in name map.)
(Residue 105: LYS, Nonterminal, was not found in name map.)
(Residue 106: ASP, Nonterminal, was not found in name map.)
(Residue 107: ASP, Nonterminal, was not found in name map.)
(Residue 108: ASN, Nonterminal, was not found in name map.)
(Residue 109: PRO, Nonterminal, was not found in name map.)
(Residue 110: ASN, Nonterminal, was not found in name map.)
(Residue 111: LEU, Nonterminal, was not found in name map.)
(Residue 112: PRO, Nonterminal, was not found in name map.)
(Residue 113: ARG, Nonterminal, was not found in name map.)
(Residue 114: LEU, Nonterminal, was not found in name map.)
(Residue 115: VAL, Nonterminal, was not found in name map.)
(Residue 116: ARG, Nonterminal, was not found in name map.)
(Residue 117: PRO, Nonterminal, was not found in name map.)
(Residue 118: GLU, Nonterminal, was not found in name map.)
(Residue 119: VAL, Nonterminal, was not found in name map.)
(Residue 120: ASP, Nonterminal, was not found in name map.)
(Residue 121: VAL, Nonterminal, was not found in name map.)
(Residue 122: MET, Nonterminal, was not found in name map.)
(Residue 123: CYX, Nonterminal, was not found in name map.)
(Residue 124: THR, Nonterminal, was not found in name map.)
(Residue 125: ALA, Nonterminal, was not found in name map.)
(Residue 126: PHE, Nonterminal, was not found in name map.)
(Residue 127: HIS, Nonterminal, was not found in name map.)
(Residue 128: ASP, Nonterminal, was not found in name map.)
(Residue 129: ASN, Nonterminal, was not found in name map.)
(Residue 130: GLU, Nonterminal, was not found in name map.)
(Residue 131: GLU, Nonterminal, was not found in name map.)
(Residue 132: THR, Nonterminal, was not found in name map.)
(Residue 133: PHE, Nonterminal, was not found in name map.)
(Residue 134: LEU, Nonterminal, was not found in name map.)
(Residue 135: LYS, Nonterminal, was not found in name map.)
(Residue 136: LYS, Nonterminal, was not found in name map.)
(Residue 137: TYR, Nonterminal, was not found in name map.)
(Residue 138: LEU, Nonterminal, was not found in name map.)
(Residue 139: TYR, Nonterminal, was not found in name map.)
(Residue 140: GLU, Nonterminal, was not found in name map.)
(Residue 141: ILE, Nonterminal, was not found in name map.)
(Residue 142: ALA, Nonterminal, was not found in name map.)
(Residue 143: ARG, Nonterminal, was not found in name map.)
(Residue 144: ARG, Nonterminal, was not found in name map.)
(Residue 145: HIS, Nonterminal, was not found in name map.)
(Residue 146: PRO, Nonterminal, was not found in name map.)
(Residue 147: TYR, Nonterminal, was not found in name map.)
(Residue 148: PHE, Nonterminal, was not found in name map.)
(Residue 149: TYR, Nonterminal, was not found in name map.)
(Residue 150: ALA, Nonterminal, was not found in name map.)
(Residue 151: PRO, Nonterminal, was not found in name map.)
(Residue 152: GLU, Nonterminal, was not found in name map.)
(Residue 153: LEU, Nonterminal, was not found in name map.)
(Residue 154: LEU, Nonterminal, was not found in name map.)
(Residue 155: PHE, Nonterminal, was not found in name map.)
(Residue 156: PHE, Nonterminal, was not found in name map.)
(Residue 157: ALA, Nonterminal, was not found in name map.)
(Residue 158: LYS, Nonterminal, was not found in name map.)
(Residue 159: ARG, Nonterminal, was not found in name map.)
(Residue 160: TYR, Nonterminal, was not found in name map.)
(Residue 161: LYS, Nonterminal, was not found in name map.)
(Residue 162: ALA, Nonterminal, was not found in name map.)
(Residue 163: ALA, Nonterminal, was not found in name map.)
(Residue 164: PHE, Nonterminal, was not found in name map.)
(Residue 165: THR, Nonterminal, was not found in name map.)
(Residue 166: GLU, Nonterminal, was not found in name map.)
(Residue 167: CYX, Nonterminal, was not found in name map.)
(Residue 168: CYX, Nonterminal, was not found in name map.)
(Residue 169: GLN, Nonterminal, was not found in name map.)
(Residue 170: ALA, Nonterminal, was not found in name map.)
(Residue 171: ALA, Nonterminal, was not found in name map.)
(Residue 172: ASP, Nonterminal, was not found in name map.)
(Residue 173: LYS, Nonterminal, was not found in name map.)
(Residue 174: ALA, Nonterminal, was not found in name map.)
(Residue 175: ALA, Nonterminal, was not found in name map.)
(Residue 176: CYX, Nonterminal, was not found in name map.)
(Residue 177: LEU, Nonterminal, was not found in name map.)
(Residue 178: LEU, Nonterminal, was not found in name map.)
(Residue 179: PRO, Nonterminal, was not found in name map.)
(Residue 180: LYS, Nonterminal, was not found in name map.)
(Residue 181: LEU, Nonterminal, was not found in name map.)
(Residue 182: ASP, Nonterminal, was not found in name map.)
(Residue 183: GLU, Nonterminal, was not found in name map.)
(Residue 184: LEU, Nonterminal, was not found in name map.)
(Residue 185: ARG, Nonterminal, was not found in name map.)
(Residue 186: ASP, Nonterminal, was not found in name map.)
(Residue 187: GLU, Nonterminal, was not found in name map.)
(Residue 188: GLY, Nonterminal, was not found in name map.)
(Residue 189: LYS, Nonterminal, was not found in name map.)
(Residue 190: ALA, Nonterminal, was not found in name map.)
(Residue 191: SER, Nonterminal, was not found in name map.)
(Residue 192: SER, Nonterminal, was not found in name map.)
(Residue 193: ALA, Nonterminal, was not found in name map.)
(Residue 194: LYS, Nonterminal, was not found in name map.)
(Residue 195: GLN, Nonterminal, was not found in name map.)
(Residue 196: ARG, Nonterminal, was not found in name map.)
(Residue 197: LEU, Nonterminal, was not found in name map.)
(Residue 198: LYS, Nonterminal, was not found in name map.)
(Residue 199: CYX, Nonterminal, was not found in name map.)
(Residue 200: ALA, Nonterminal, was not found in name map.)
(Residue 201: SER, Nonterminal, was not found in name map.)
(Residue 202: LEU, Nonterminal, was not found in name map.)
(Residue 203: GLN, Nonterminal, was not found in name map.)
(Residue 204: LYS, Nonterminal, was not found in name map.)
(Residue 205: PHE, Nonterminal, was not found in name map.)
(Residue 206: GLY, Nonterminal, was not found in name map.)
(Residue 207: GLU, Nonterminal, was not found in name map.)
(Residue 208: ARG, Nonterminal, was not found in name map.)
(Residue 209: ALA, Nonterminal, was not found in name map.)
(Residue 210: PHE, Nonterminal, was not found in name map.)
(Residue 211: LYS, Nonterminal, was not found in name map.)
(Residue 212: ALA, Nonterminal, was not found in name map.)
(Residue 213: TRP, Nonterminal, was not found in name map.)
(Residue 214: ALA, Nonterminal, was not found in name map.)
(Residue 215: VAL, Nonterminal, was not found in name map.)
(Residue 216: ALA, Nonterminal, was not found in name map.)
(Residue 217: ARG, Nonterminal, was not found in name map.)
(Residue 218: LEU, Nonterminal, was not found in name map.)
(Residue 219: SER, Nonterminal, was not found in name map.)
(Residue 220: GLN, Nonterminal, was not found in name map.)
(Residue 221: ARG, Nonterminal, was not found in name map.)
(Residue 222: PHE, Nonterminal, was not found in name map.)
(Residue 223: PRO, Nonterminal, was not found in name map.)
(Residue 224: LYS, Nonterminal, was not found in name map.)
(Residue 225: ALA, Nonterminal, was not found in name map.)
(Residue 226: GLU, Nonterminal, was not found in name map.)
(Residue 227: PHE, Nonterminal, was not found in name map.)
(Residue 228: ALA, Nonterminal, was not found in name map.)
(Residue 229: GLU, Nonterminal, was not found in name map.)
(Residue 230: VAL, Nonterminal, was not found in name map.)
(Residue 231: SER, Nonterminal, was not found in name map.)
(Residue 232: LYS, Nonterminal, was not found in name map.)
(Residue 233: LEU, Nonterminal, was not found in name map.)
(Residue 234: VAL, Nonterminal, was not found in name map.)
(Residue 235: THR, Nonterminal, was not found in name map.)
(Residue 236: ASP, Nonterminal, was not found in name map.)
(Residue 237: LEU, Nonterminal, was not found in name map.)
(Residue 238: THR, Nonterminal, was not found in name map.)
(Residue 239: LYS, Nonterminal, was not found in name map.)
(Residue 240: VAL, Nonterminal, was not found in name map.)
(Residue 241: HIS, Nonterminal, was not found in name map.)
(Residue 242: THR, Nonterminal, was not found in name map.)
(Residue 243: GLU, Nonterminal, was not found in name map.)
(Residue 244: CYX, Nonterminal, was not found in name map.)
(Residue 245: CYX, Nonterminal, was not found in name map.)
(Residue 246: HIS, Nonterminal, was not found in name map.)
(Residue 247: GLY, Nonterminal, was not found in name map.)
(Residue 248: ASP, Nonterminal, was not found in name map.)
(Residue 249: LEU, Nonterminal, was not found in name map.)
(Residue 250: LEU, Nonterminal, was not found in name map.)
(Residue 251: GLU, Nonterminal, was not found in name map.)
(Residue 252: CYX, Nonterminal, was not found in name map.)
(Residue 253: ALA, Nonterminal, was not found in name map.)
(Residue 254: ASP, Nonterminal, was not found in name map.)
(Residue 255: ASP, Nonterminal, was not found in name map.)
(Residue 256: ARG, Nonterminal, was not found in name map.)
(Residue 257: ALA, Nonterminal, was not found in name map.)
(Residue 258: ASP, Nonterminal, was not found in name map.)
(Residue 259: LEU, Nonterminal, was not found in name map.)
(Residue 260: ALA, Nonterminal, was not found in name map.)
(Residue 261: LYS, Nonterminal, was not found in name map.)
(Residue 262: TYR, Nonterminal, was not found in name map.)
(Residue 263: ILE, Nonterminal, was not found in name map.)
(Residue 264: CYX, Nonterminal, was not found in name map.)
(Residue 265: GLU, Nonterminal, was not found in name map.)
(Residue 266: ASN, Nonterminal, was not found in name map.)
(Residue 267: GLN, Nonterminal, was not found in name map.)
(Residue 268: ASP, Nonterminal, was not found in name map.)
(Residue 269: SER, Nonterminal, was not found in name map.)
(Residue 270: ILE, Nonterminal, was not found in name map.)
(Residue 271: SER, Nonterminal, was not found in name map.)
(Residue 272: SER, Nonterminal, was not found in name map.)
(Residue 273: LYS, Nonterminal, was not found in name map.)
(Residue 274: LEU, Nonterminal, was not found in name map.)
(Residue 275: LYS, Nonterminal, was not found in name map.)
(Residue 276: GLU, Nonterminal, was not found in name map.)
(Residue 277: CYX, Nonterminal, was not found in name map.)
(Residue 278: CYX, Nonterminal, was not found in name map.)
(Residue 279: GLU, Nonterminal, was not found in name map.)
(Residue 280: LYS, Nonterminal, was not found in name map.)
(Residue 281: PRO, Nonterminal, was not found in name map.)
(Residue 282: LEU, Nonterminal, was not found in name map.)
(Residue 283: LEU, Nonterminal, was not found in name map.)
(Residue 284: GLU, Nonterminal, was not found in name map.)
(Residue 285: LYS, Nonterminal, was not found in name map.)
(Residue 286: SER, Nonterminal, was not found in name map.)
(Residue 287: HIS, Nonterminal, was not found in name map.)
(Residue 288: CYX, Nonterminal, was not found in name map.)
(Residue 289: ILE, Nonterminal, was not found in name map.)
(Residue 290: ALA, Nonterminal, was not found in name map.)
(Residue 291: GLU, Nonterminal, was not found in name map.)
(Residue 292: VAL, Nonterminal, was not found in name map.)
(Residue 293: GLU, Nonterminal, was not found in name map.)
(Residue 294: ASN, Nonterminal, was not found in name map.)
(Residue 295: ASP, Nonterminal, was not found in name map.)
(Residue 296: GLU, Nonterminal, was not found in name map.)
(Residue 297: MET, Nonterminal, was not found in name map.)
(Residue 298: PRO, Nonterminal, was not found in name map.)
(Residue 299: ALA, Nonterminal, was not found in name map.)
(Residue 300: ASP, Nonterminal, was not found in name map.)
(Residue 301: LEU, Nonterminal, was not found in name map.)
(Residue 302: PRO, Nonterminal, was not found in name map.)
(Residue 303: SER, Nonterminal, was not found in name map.)
(Residue 304: LEU, Nonterminal, was not found in name map.)
(Residue 305: ALA, Nonterminal, was not found in name map.)
(Residue 306: ALA, Nonterminal, was not found in name map.)
(Residue 307: ASP, Nonterminal, was not found in name map.)
(Residue 308: PHE, Nonterminal, was not found in name map.)
(Residue 309: VAL, Nonterminal, was not found in name map.)
(Residue 310: GLU, Nonterminal, was not found in name map.)
(Residue 311: SER, Nonterminal, was not found in name map.)
(Residue 312: LYS, Nonterminal, was not found in name map.)
(Residue 313: ASP, Nonterminal, was not found in name map.)
(Residue 314: VAL, Nonterminal, was not found in name map.)
(Residue 315: CYX, Nonterminal, was not found in name map.)
(Residue 316: LYS, Nonterminal, was not found in name map.)
(Residue 317: ASN, Nonterminal, was not found in name map.)
(Residue 318: TYR, Nonterminal, was not found in name map.)
(Residue 319: ALA, Nonterminal, was not found in name map.)
(Residue 320: GLU, Nonterminal, was not found in name map.)
(Residue 321: ALA, Nonterminal, was not found in name map.)
(Residue 322: LYS, Nonterminal, was not found in name map.)
(Residue 323: ASP, Nonterminal, was not found in name map.)
(Residue 324: VAL, Nonterminal, was not found in name map.)
(Residue 325: PHE, Nonterminal, was not found in name map.)
(Residue 326: LEU, Nonterminal, was not found in name map.)
(Residue 327: GLY, Nonterminal, was not found in name map.)
(Residue 328: MET, Nonterminal, was not found in name map.)
(Residue 329: PHE, Nonterminal, was not found in name map.)
(Residue 330: LEU, Nonterminal, was not found in name map.)
(Residue 331: TYR, Nonterminal, was not found in name map.)
(Residue 332: GLU, Nonterminal, was not found in name map.)
(Residue 333: TYR, Nonterminal, was not found in name map.)
(Residue 334: ALA, Nonterminal, was not found in name map.)
(Residue 335: ARG, Nonterminal, was not found in name map.)
(Residue 336: ARG, Nonterminal, was not found in name map.)
(Residue 337: HIS, Nonterminal, was not found in name map.)
(Residue 338: PRO, Nonterminal, was not found in name map.)
(Residue 339: ASP, Nonterminal, was not found in name map.)
(Residue 340: TYR, Nonterminal, was not found in name map.)
(Residue 341: SER, Nonterminal, was not found in name map.)
(Residue 342: VAL, Nonterminal, was not found in name map.)
(Residue 343: VAL, Nonterminal, was not found in name map.)
(Residue 344: LEU, Nonterminal, was not found in name map.)
(Residue 345: LEU, Nonterminal, was not found in name map.)
(Residue 346: LEU, Nonterminal, was not found in name map.)
(Residue 347: ARG, Nonterminal, was not found in name map.)
(Residue 348: LEU, Nonterminal, was not found in name map.)
(Residue 349: ALA, Nonterminal, was not found in name map.)
(Residue 350: LYS, Nonterminal, was not found in name map.)
(Residue 351: THR, Nonterminal, was not found in name map.)
(Residue 352: TYR, Nonterminal, was not found in name map.)
(Residue 353: GLU, Nonterminal, was not found in name map.)
(Residue 354: THR, Nonterminal, was not found in name map.)
(Residue 355: THR, Nonterminal, was not found in name map.)
(Residue 356: LEU, Nonterminal, was not found in name map.)
(Residue 357: GLU, Nonterminal, was not found in name map.)
(Residue 358: LYS, Nonterminal, was not found in name map.)
(Residue 359: CYX, Nonterminal, was not found in name map.)
(Residue 360: CYX, Nonterminal, was not found in name map.)
(Residue 361: ALA, Nonterminal, was not found in name map.)
(Residue 362: ALA, Nonterminal, was not found in name map.)
(Residue 363: ALA, Nonterminal, was not found in name map.)
(Residue 364: ASP, Nonterminal, was not found in name map.)
(Residue 365: PRO, Nonterminal, was not found in name map.)
(Residue 366: HIS, Nonterminal, was not found in name map.)
(Residue 367: GLU, Nonterminal, was not found in name map.)
(Residue 368: CYX, Nonterminal, was not found in name map.)
(Residue 369: TYR, Nonterminal, was not found in name map.)
(Residue 370: ALA, Nonterminal, was not found in name map.)
(Residue 371: LYS, Nonterminal, was not found in name map.)
(Residue 372: VAL, Nonterminal, was not found in name map.)
(Residue 373: PHE, Nonterminal, was not found in name map.)
(Residue 374: ASP, Nonterminal, was not found in name map.)
(Residue 375: GLU, Nonterminal, was not found in name map.)
(Residue 376: PHE, Nonterminal, was not found in name map.)
(Residue 377: LYS, Nonterminal, was not found in name map.)
(Residue 378: PRO, Nonterminal, was not found in name map.)
(Residue 379: LEU, Nonterminal, was not found in name map.)
(Residue 380: VAL, Nonterminal, was not found in name map.)
(Residue 381: GLU, Nonterminal, was not found in name map.)
(Residue 382: GLU, Nonterminal, was not found in name map.)
(Residue 383: PRO, Nonterminal, was not found in name map.)
(Residue 384: GLN, Nonterminal, was not found in name map.)
(Residue 385: ASN, Nonterminal, was not found in name map.)
(Residue 386: LEU, Nonterminal, was not found in name map.)
(Residue 387: ILE, Nonterminal, was not found in name map.)
(Residue 388: LYS, Nonterminal, was not found in name map.)
(Residue 389: GLN, Nonterminal, was not found in name map.)
(Residue 390: ASN, Nonterminal, was not found in name map.)
(Residue 391: CYX, Nonterminal, was not found in name map.)
(Residue 392: GLU, Nonterminal, was not found in name map.)
(Residue 393: LEU, Nonterminal, was not found in name map.)
(Residue 394: PHE, Nonterminal, was not found in name map.)
(Residue 395: GLU, Nonterminal, was not found in name map.)
(Residue 396: GLN, Nonterminal, was not found in name map.)
(Residue 397: LEU, Nonterminal, was not found in name map.)
(Residue 398: GLY, Nonterminal, was not found in name map.)
(Residue 399: GLU, Nonterminal, was not found in name map.)
(Residue 400: TYR, Nonterminal, was not found in name map.)
(Residue 401: LYS, Nonterminal, was not found in name map.)
(Residue 402: PHE, Nonterminal, was not found in name map.)
(Residue 403: GLN, Nonterminal, was not found in name map.)
(Residue 404: ASN, Nonterminal, was not found in name map.)
(Residue 405: ALA, Nonterminal, was not found in name map.)
(Residue 406: LEU, Nonterminal, was not found in name map.)
(Residue 407: LEU, Nonterminal, was not found in name map.)
(Residue 408: VAL, Nonterminal, was not found in name map.)
(Residue 409: ARG, Nonterminal, was not found in name map.)
(Residue 410: TYR, Nonterminal, was not found in name map.)
(Residue 411: THR, Nonterminal, was not found in name map.)
(Residue 412: LYS, Nonterminal, was not found in name map.)
(Residue 413: LYS, Nonterminal, was not found in name map.)
(Residue 414: VAL, Nonterminal, was not found in name map.)
(Residue 415: PRO, Nonterminal, was not found in name map.)
(Residue 416: GLN, Nonterminal, was not found in name map.)
(Residue 417: VAL, Nonterminal, was not found in name map.)
(Residue 418: SER, Nonterminal, was not found in name map.)
(Residue 419: THR, Nonterminal, was not found in name map.)
(Residue 420: PRO, Nonterminal, was not found in name map.)
(Residue 421: THR, Nonterminal, was not found in name map.)
(Residue 422: LEU, Nonterminal, was not found in name map.)
(Residue 423: VAL, Nonterminal, was not found in name map.)
(Residue 424: GLU, Nonterminal, was not found in name map.)
(Residue 425: VAL, Nonterminal, was not found in name map.)
(Residue 426: SER, Nonterminal, was not found in name map.)
(Residue 427: ARG, Nonterminal, was not found in name map.)
(Residue 428: ASN, Nonterminal, was not found in name map.)
(Residue 429: LEU, Nonterminal, was not found in name map.)
(Residue 430: GLY, Nonterminal, was not found in name map.)
(Residue 431: LYS, Nonterminal, was not found in name map.)
(Residue 432: VAL, Nonterminal, was not found in name map.)
(Residue 433: GLY, Nonterminal, was not found in name map.)
(Residue 434: SER, Nonterminal, was not found in name map.)
(Residue 435: LYS, Nonterminal, was not found in name map.)
(Residue 436: CYX, Nonterminal, was not found in name map.)
(Residue 437: CYX, Nonterminal, was not found in name map.)
(Residue 438: LYS, Nonterminal, was not found in name map.)
(Residue 439: HIS, Nonterminal, was not found in name map.)
(Residue 440: PRO, Nonterminal, was not found in name map.)
(Residue 441: GLU, Nonterminal, was not found in name map.)
(Residue 442: ALA, Nonterminal, was not found in name map.)
(Residue 443: LYS, Nonterminal, was not found in name map.)
(Residue 444: ARG, Nonterminal, was not found in name map.)
(Residue 445: MET, Nonterminal, was not found in name map.)
(Residue 446: PRO, Nonterminal, was not found in name map.)
(Residue 447: CYX, Nonterminal, was not found in name map.)
(Residue 448: ALA, Nonterminal, was not found in name map.)
(Residue 449: GLU, Nonterminal, was not found in name map.)
(Residue 450: ASP, Nonterminal, was not found in name map.)
(Residue 451: TYR, Nonterminal, was not found in name map.)
(Residue 452: LEU, Nonterminal, was not found in name map.)
(Residue 453: SER, Nonterminal, was not found in name map.)
(Residue 454: VAL, Nonterminal, was not found in name map.)
(Residue 455: VAL, Nonterminal, was not found in name map.)
(Residue 456: LEU, Nonterminal, was not found in name map.)
(Residue 457: ASN, Nonterminal, was not found in name map.)
(Residue 458: GLN, Nonterminal, was not found in name map.)
(Residue 459: LEU, Nonterminal, was not found in name map.)
(Residue 460: CYX, Nonterminal, was not found in name map.)
(Residue 461: VAL, Nonterminal, was not found in name map.)
(Residue 462: LEU, Nonterminal, was not found in name map.)
(Residue 463: HIS, Nonterminal, was not found in name map.)
(Residue 464: GLU, Nonterminal, was not found in name map.)
(Residue 465: LYS, Nonterminal, was not found in name map.)
(Residue 466: THR, Nonterminal, was not found in name map.)
(Residue 467: PRO, Nonterminal, was not found in name map.)
(Residue 468: VAL, Nonterminal, was not found in name map.)
(Residue 469: SER, Nonterminal, was not found in name map.)
(Residue 470: ASP, Nonterminal, was not found in name map.)
(Residue 471: ARG, Nonterminal, was not found in name map.)
(Residue 472: VAL, Nonterminal, was not found in name map.)
(Residue 473: THR, Nonterminal, was not found in name map.)
(Residue 474: LYS, Nonterminal, was not found in name map.)
(Residue 475: CYX, Nonterminal, was not found in name map.)
(Residue 476: CYX, Nonterminal, was not found in name map.)
(Residue 477: THR, Nonterminal, was not found in name map.)
(Residue 478: GLU, Nonterminal, was not found in name map.)
(Residue 479: SER, Nonterminal, was not found in name map.)
(Residue 480: LEU, Nonterminal, was not found in name map.)
(Residue 481: VAL, Nonterminal, was not found in name map.)
(Residue 482: ASN, Nonterminal, was not found in name map.)
(Residue 483: ARG, Nonterminal, was not found in name map.)
(Residue 484: ARG, Nonterminal, was not found in name map.)
(Residue 485: PRO, Nonterminal, was not found in name map.)
(Residue 486: CYX, Nonterminal, was not found in name map.)
(Residue 487: PHE, Nonterminal, was not found in name map.)
(Residue 488: SER, Nonterminal, was not found in name map.)
(Residue 489: ALA, Nonterminal, was not found in name map.)
(Residue 490: LEU, Nonterminal, was not found in name map.)
(Residue 491: GLU, Nonterminal, was not found in name map.)
(Residue 492: VAL, Nonterminal, was not found in name map.)
(Residue 493: ASP, Nonterminal, was not found in name map.)
(Residue 494: GLU, Nonterminal, was not found in name map.)
(Residue 495: THR, Nonterminal, was not found in name map.)
(Residue 496: TYR, Nonterminal, was not found in name map.)
(Residue 497: VAL, Nonterminal, was not found in name map.)
(Residue 498: PRO, Nonterminal, was not found in name map.)
(Residue 499: LYS, Nonterminal, was not found in name map.)
(Residue 500: GLU, Nonterminal, was not found in name map.)
(Residue 501: PHE, Nonterminal, was not found in name map.)
(Residue 502: ASN, Nonterminal, was not found in name map.)
(Residue 503: ALA, Nonterminal, was not found in name map.)
(Residue 504: GLU, Nonterminal, was not found in name map.)
(Residue 505: THR, Nonterminal, was not found in name map.)
(Residue 506: PHE, Nonterminal, was not found in name map.)
(Residue 507: THR, Nonterminal, was not found in name map.)
(Residue 508: PHE, Nonterminal, was not found in name map.)
(Residue 509: HIS, Nonterminal, was not found in name map.)
(Residue 510: ALA, Nonterminal, was not found in name map.)
(Residue 511: ASP, Nonterminal, was not found in name map.)
(Residue 512: ILE, Nonterminal, was not found in name map.)
(Residue 513: CYX, Nonterminal, was not found in name map.)
(Residue 514: THR, Nonterminal, was not found in name map.)
(Residue 515: LEU, Nonterminal, was not found in name map.)
(Residue 516: SER, Nonterminal, was not found in name map.)
(Residue 517: GLU, Nonterminal, was not found in name map.)
(Residue 518: LYS, Nonterminal, was not found in name map.)
(Residue 519: GLU, Nonterminal, was not found in name map.)
(Residue 520: ARG, Nonterminal, was not found in name map.)
(Residue 521: GLN, Nonterminal, was not found in name map.)
(Residue 522: ILE, Nonterminal, was not found in name map.)
(Residue 523: LYS, Nonterminal, was not found in name map.)
(Residue 524: LYS, Nonterminal, was not found in name map.)
(Residue 525: GLN, Nonterminal, was not found in name map.)
(Residue 526: THR, Nonterminal, was not found in name map.)
(Residue 527: ALA, Nonterminal, was not found in name map.)
(Residue 528: LEU, Nonterminal, was not found in name map.)
(Residue 529: VAL, Nonterminal, was not found in name map.)
(Residue 530: GLU, Nonterminal, was not found in name map.)
(Residue 531: LEU, Nonterminal, was not found in name map.)
(Residue 532: VAL, Nonterminal, was not found in name map.)
(Residue 533: LYS, Nonterminal, was not found in name map.)
(Residue 534: HIS, Nonterminal, was not found in name map.)
(Residue 535: LYS, Nonterminal, was not found in name map.)
(Residue 536: PRO, Nonterminal, was not found in name map.)
(Residue 537: LYS, Nonterminal, was not found in name map.)
(Residue 538: ALA, Nonterminal, was not found in name map.)
(Residue 539: THR, Nonterminal, was not found in name map.)
(Residue 540: LYS, Nonterminal, was not found in name map.)
(Residue 541: GLU, Nonterminal, was not found in name map.)
(Residue 542: GLN, Nonterminal, was not found in name map.)
(Residue 543: LEU, Nonterminal, was not found in name map.)
(Residue 544: LYS, Nonterminal, was not found in name map.)
(Residue 545: ALA, Nonterminal, was not found in name map.)
(Residue 546: VAL, Nonterminal, was not found in name map.)
(Residue 547: MET, Nonterminal, was not found in name map.)
(Residue 548: ASP, Nonterminal, was not found in name map.)
(Residue 549: ASP, Nonterminal, was not found in name map.)
(Residue 550: PHE, Nonterminal, was not found in name map.)
(Residue 551: ALA, Nonterminal, was not found in name map.)
(Residue 552: ALA, Nonterminal, was not found in name map.)
(Residue 553: PHE, Nonterminal, was not found in name map.)
(Residue 554: VAL, Nonterminal, was not found in name map.)
(Residue 555: GLU, Nonterminal, was not found in name map.)
(Residue 556: LYS, Nonterminal, was not found in name map.)
(Residue 557: CYX, Nonterminal, was not found in name map.)
(Residue 558: CYX, Nonterminal, was not found in name map.)
(Residue 559: LYS, Nonterminal, was not found in name map.)
(Residue 560: ALA, Nonterminal, was not found in name map.)
(Residue 561: ASP, Nonterminal, was not found in name map.)
(Residue 562: ASP, Nonterminal, was not found in name map.)
(Residue 563: LYS, Nonterminal, was not found in name map.)
(Residue 564: GLU, Nonterminal, was not found in name map.)
(Residue 565: THR, Nonterminal, was not found in name map.)
(Residue 566: CYX, Nonterminal, was not found in name map.)
(Residue 567: PHE, Nonterminal, was not found in name map.)
(Residue 568: ALA, Nonterminal, was not found in name map.)
(Residue 569: GLU, Nonterminal, was not found in name map.)
(Residue 570: GLU, Nonterminal, was not found in name map.)
(Residue 571: GLY, Nonterminal, was not found in name map.)
(Residue 572: LYS, Nonterminal, was not found in name map.)
(Residue 573: LYS, Nonterminal, was not found in name map.)
(Residue 574: LEU, Nonterminal, was not found in name map.)
(Residue 575: VAL, Nonterminal, was not found in name map.)
(Residue 576: ALA, Nonterminal, was not found in name map.)
(Residue 577: ALA, Nonterminal, was not found in name map.)
(Residue 578: SER, Nonterminal, was not found in name map.)
(Residue 579: GLN, Nonterminal, was not found in name map.)
(Residue 580: ALA, Nonterminal, was not found in name map.)
(Residue 581: ALA, Nonterminal, was not found in name map.)
(Residue 582: LEU, Nonterminal, was not found in name map.)
(Residue 583: GLY, Nonterminal, was not found in name map.)
Mapped residue LEU, term: Terminal/last, seq. number: 584 to: CLEU.
Joining NASP - ALA
Joining ALA - HIE
Joining HIE - LYS
Joining LYS - SER
Joining SER - GLU
Joining GLU - VAL
Joining VAL - ALA
Joining ALA - HIE
Joining HIE - ARG
Joining ARG - PHE
Joining PHE - LYS
Joining LYS - ASP
Joining ASP - LEU
Joining LEU - GLY
Joining GLY - GLU
Joining GLU - GLU
Joining GLU - ASN
Joining ASN - PHE
Joining PHE - LYS
Joining LYS - ALA
Joining ALA - LEU
Joining LEU - VAL
Joining VAL - LEU
Joining LEU - ILE
Joining ILE - ALA
Joining ALA - PHE
Joining PHE - ALA
Joining ALA - GLN
Joining GLN - TYR
Joining TYR - LEU
Joining LEU - GLN
Joining GLN - GLN
Joining GLN - CYX
Joining CYX - PRO
Joining PRO - PHE
Joining PHE - GLU
Joining GLU - ASP
Joining ASP - HIE
Joining HIE - VAL
Joining VAL - LYS
Joining LYS - LEU
Joining LEU - VAL
Joining VAL - ASN
Joining ASN - GLU
Joining GLU - VAL
Joining VAL - THR
Joining THR - GLU
Joining GLU - PHE
Joining PHE - ALA
Joining ALA - LYS
Joining LYS - THR
Joining THR - CYX
Joining CYX - VAL
Joining VAL - ALA
Joining ALA - ASP
Joining ASP - GLU
Joining GLU - SER
Joining SER - ALA
Joining ALA - GLU
Joining GLU - ASN
Joining ASN - CYX
Joining CYX - ASP
Joining ASP - LYS
Joining LYS - SER
Joining SER - LEU
Joining LEU - HIE
Joining HIE - THR
Joining THR - LEU
Joining LEU - PHE
Joining PHE - GLY
Joining GLY - ASP
Joining ASP - LYS
Joining LYS - LEU
Joining LEU - CYX
Joining CYX - THR
Joining THR - VAL
Joining VAL - ALA
Joining ALA - THR
Joining THR - LEU
Joining LEU - ARG
Joining ARG - GLU
Joining GLU - THR
Joining THR - TYR
Joining TYR - GLY
Joining GLY - GLU
Joining GLU - MET
Joining MET - ALA
Joining ALA - ASP
Joining ASP - CYX
Joining CYX - CYX
Joining CYX - ALA
Joining ALA - LYS
Joining LYS - GLN
Joining GLN - GLU
Joining GLU - PRO
Joining PRO - GLU
Joining GLU - ARG
Joining ARG - ASN
Joining ASN - GLU
Joining GLU - CYX
Joining CYX - PHE
Joining PHE - LEU
Joining LEU - GLN
Joining GLN - HIE
Joining HIE - LYS
Joining LYS - ASP
Joining ASP - ASP
Joining ASP - ASN
Joining ASN - PRO
Joining PRO - ASN
Joining ASN - LEU
Joining LEU - PRO
Joining PRO - ARG
Joining ARG - LEU
Joining LEU - VAL
Joining VAL - ARG
Joining ARG - PRO
Joining PRO - GLU
Joining GLU - VAL
Joining VAL - ASP
Joining ASP - VAL
Joining VAL - MET
Joining MET - CYX
Joining CYX - THR
Joining THR - ALA
Joining ALA - PHE
Joining PHE - HIE
Joining HIE - ASP
Joining ASP - ASN
Joining ASN - GLU
Joining GLU - GLU
Joining GLU - THR
Joining THR - PHE
Joining PHE - LEU
Joining LEU - LYS
Joining LYS - LYS
Joining LYS - TYR
Joining TYR - LEU
Joining LEU - TYR
Joining TYR - GLU
Joining GLU - ILE
Joining ILE - ALA
Joining ALA - ARG
Joining ARG - ARG
Joining ARG - HIE
Joining HIE - PRO
Joining PRO - TYR
Joining TYR - PHE
Joining PHE - TYR
Joining TYR - ALA
Joining ALA - PRO
Joining PRO - GLU
Joining GLU - LEU
Joining LEU - LEU
Joining LEU - PHE
Joining PHE - PHE
Joining PHE - ALA
Joining ALA - LYS
Joining LYS - ARG
Joining ARG - TYR
Joining TYR - LYS
Joining LYS - ALA
Joining ALA - ALA
Joining ALA - PHE
Joining PHE - THR
Joining THR - GLU
Joining GLU - CYX
Joining CYX - CYX
Joining CYX - GLN
Joining GLN - ALA
Joining ALA - ALA
Joining ALA - ASP
Joining ASP - LYS
Joining LYS - ALA
Joining ALA - ALA
Joining ALA - CYX
Joining CYX - LEU
Joining LEU - LEU
Joining LEU - PRO
Joining PRO - LYS
Joining LYS - LEU
Joining LEU - ASP
Joining ASP - GLU
Joining GLU - LEU
Joining LEU - ARG
Joining ARG - ASP
Joining ASP - GLU
Joining GLU - GLY
Joining GLY - LYS
Joining LYS - ALA
Joining ALA - SER
Joining SER - SER
Joining SER - ALA
Joining ALA - LYS
Joining LYS - GLN
Joining GLN - ARG
Joining ARG - LEU
Joining LEU - LYS
Joining LYS - CYX
Joining CYX - ALA
Joining ALA - SER
Joining SER - LEU
Joining LEU - GLN
Joining GLN - LYS
Joining LYS - PHE
Joining PHE - GLY
Joining GLY - GLU
Joining GLU - ARG
Joining ARG - ALA
Joining ALA - PHE
Joining PHE - LYS
Joining LYS - ALA
Joining ALA - TRP
Joining TRP - ALA
Joining ALA - VAL
Joining VAL - ALA
Joining ALA - ARG
Joining ARG - LEU
Joining LEU - SER
Joining SER - GLN
Joining GLN - ARG
Joining ARG - PHE
Joining PHE - PRO
Joining PRO - LYS
Joining LYS - ALA
Joining ALA - GLU
Joining GLU - PHE
Joining PHE - ALA
Joining ALA - GLU
Joining GLU - VAL
Joining VAL - SER
Joining SER - LYS
Joining LYS - LEU
Joining LEU - VAL
Joining VAL - THR
Joining THR - ASP
Joining ASP - LEU
Joining LEU - THR
Joining THR - LYS
Joining LYS - VAL
Joining VAL - HIE
Joining HIE - THR
Joining THR - GLU
Joining GLU - CYX
Joining CYX - CYX
Joining CYX - HIE
Joining HIE - GLY
Joining GLY - ASP
Joining ASP - LEU
Joining LEU - LEU
Joining LEU - GLU
Joining GLU - CYX
Joining CYX - ALA
Joining ALA - ASP
Joining ASP - ASP
Joining ASP - ARG
Joining ARG - ALA
Joining ALA - ASP
Joining ASP - LEU
Joining LEU - ALA
Joining ALA - LYS
Joining LYS - TYR
Joining TYR - ILE
Joining ILE - CYX
Joining CYX - GLU
Joining GLU - ASN
Joining ASN - GLN
Joining GLN - ASP
Joining ASP - SER
Joining SER - ILE
Joining ILE - SER
Joining SER - SER
Joining SER - LYS
Joining LYS - LEU
Joining LEU - LYS
Joining LYS - GLU
Joining GLU - CYX
Joining CYX - CYX
Joining CYX - GLU
Joining GLU - LYS
Joining LYS - PRO
Joining PRO - LEU
Joining LEU - LEU
Joining LEU - GLU
Joining GLU - LYS
Joining LYS - SER
Joining SER - HIE
Joining HIE - CYX
Joining CYX - ILE
Joining ILE - ALA
Joining ALA - GLU
Joining GLU - VAL
Joining VAL - GLU
Joining GLU - ASN
Joining ASN - ASP
Joining ASP - GLU
Joining GLU - MET
Joining MET - PRO
Joining PRO - ALA
Joining ALA - ASP
Joining ASP - LEU
Joining LEU - PRO
Joining PRO - SER
Joining SER - LEU
Joining LEU - ALA
Joining ALA - ALA
Joining ALA - ASP
Joining ASP - PHE
Joining PHE - VAL
Joining VAL - GLU
Joining GLU - SER
Joining SER - LYS
Joining LYS - ASP
Joining ASP - VAL
Joining VAL - CYX
Joining CYX - LYS
Joining LYS - ASN
Joining ASN - TYR
Joining TYR - ALA
Joining ALA - GLU
Joining GLU - ALA
Joining ALA - LYS
Joining LYS - ASP
Joining ASP - VAL
Joining VAL - PHE
Joining PHE - LEU
Joining LEU - GLY
Joining GLY - MET
Joining MET - PHE
Joining PHE - LEU
Joining LEU - TYR
Joining TYR - GLU
Joining GLU - TYR
Joining TYR - ALA
Joining ALA - ARG
Joining ARG - ARG
Joining ARG - HIE
Joining HIE - PRO
Joining PRO - ASP
Joining ASP - TYR
Joining TYR - SER
Joining SER - VAL
Joining VAL - VAL
Joining VAL - LEU
Joining LEU - LEU
Joining LEU - LEU
Joining LEU - ARG
Joining ARG - LEU
Joining LEU - ALA
Joining ALA - LYS
Joining LYS - THR
Joining THR - TYR
Joining TYR - GLU
Joining GLU - THR
Joining THR - THR
Joining THR - LEU
Joining LEU - GLU
Joining GLU - LYS
Joining LYS - CYX
Joining CYX - CYX
Joining CYX - ALA
Joining ALA - ALA
Joining ALA - ALA
Joining ALA - ASP
Joining ASP - PRO
Joining PRO - HIE
Joining HIE - GLU
Joining GLU - CYX
Joining CYX - TYR
Joining TYR - ALA
Joining ALA - LYS
Joining LYS - VAL
Joining VAL - PHE
Joining PHE - ASP
Joining ASP - GLU
Joining GLU - PHE
Joining PHE - LYS
Joining LYS - PRO
Joining PRO - LEU
Joining LEU - VAL
Joining VAL - GLU
Joining GLU - GLU
Joining GLU - PRO
Joining PRO - GLN
Joining GLN - ASN
Joining ASN - LEU
Joining LEU - ILE
Joining ILE - LYS
Joining LYS - GLN
Joining GLN - ASN
Joining ASN - CYX
Joining CYX - GLU
Joining GLU - LEU
Joining LEU - PHE
Joining PHE - GLU
Joining GLU - GLN
Joining GLN - LEU
Joining LEU - GLY
Joining GLY - GLU
Joining GLU - TYR
Joining TYR - LYS
Joining LYS - PHE
Joining PHE - GLN
Joining GLN - ASN
Joining ASN - ALA
Joining ALA - LEU
Joining LEU - LEU
Joining LEU - VAL
Joining VAL - ARG
Joining ARG - TYR
Joining TYR - THR
Joining THR - LYS
Joining LYS - LYS
Joining LYS - VAL
Joining VAL - PRO
Joining PRO - GLN
Joining GLN - VAL
Joining VAL - SER
Joining SER - THR
Joining THR - PRO
Joining PRO - THR
Joining THR - LEU
Joining LEU - VAL
Joining VAL - GLU
Joining GLU - VAL
Joining VAL - SER
Joining SER - ARG
Joining ARG - ASN
Joining ASN - LEU
Joining LEU - GLY
Joining GLY - LYS
Joining LYS - VAL
Joining VAL - GLY
Joining GLY - SER
Joining SER - LYS
Joining LYS - CYX
Joining CYX - CYX
Joining CYX - LYS
Joining LYS - HIE
Joining HIE - PRO
Joining PRO - GLU
Joining GLU - ALA
Joining ALA - LYS
Joining LYS - ARG
Joining ARG - MET
Joining MET - PRO
Joining PRO - CYX
Joining CYX - ALA
Joining ALA - GLU
Joining GLU - ASP
Joining ASP - TYR
Joining TYR - LEU
Joining LEU - SER
Joining SER - VAL
Joining VAL - VAL
Joining VAL - LEU
Joining LEU - ASN
Joining ASN - GLN
Joining GLN - LEU
Joining LEU - CYX
Joining CYX - VAL
Joining VAL - LEU
Joining LEU - HIE
Joining HIE - GLU
Joining GLU - LYS
Joining LYS - THR
Joining THR - PRO
Joining PRO - VAL
Joining VAL - SER
Joining SER - ASP
Joining ASP - ARG
Joining ARG - VAL
Joining VAL - THR
Joining THR - LYS
Joining LYS - CYX
Joining CYX - CYX
Joining CYX - THR
Joining THR - GLU
Joining GLU - SER
Joining SER - LEU
Joining LEU - VAL
Joining VAL - ASN
Joining ASN - ARG
Joining ARG - ARG
Joining ARG - PRO
Joining PRO - CYX
Joining CYX - PHE
Joining PHE - SER
Joining SER - ALA
Joining ALA - LEU
Joining LEU - GLU
Joining GLU - VAL
Joining VAL - ASP
Joining ASP - GLU
Joining GLU - THR
Joining THR - TYR
Joining TYR - VAL
Joining VAL - PRO
Joining PRO - LYS
Joining LYS - GLU
Joining GLU - PHE
Joining PHE - ASN
Joining ASN - ALA
Joining ALA - GLU
Joining GLU - THR
Joining THR - PHE
Joining PHE - THR
Joining THR - PHE
Joining PHE - HIE
Joining HIE - ALA
Joining ALA - ASP
Joining ASP - ILE
Joining ILE - CYX
Joining CYX - THR
Joining THR - LEU
Joining LEU - SER
Joining SER - GLU
Joining GLU - LYS
Joining LYS - GLU
Joining GLU - ARG
Joining ARG - GLN
Joining GLN - ILE
Joining ILE - LYS
Joining LYS - LYS
Joining LYS - GLN
Joining GLN - THR
Joining THR - ALA
Joining ALA - LEU
Joining LEU - VAL
Joining VAL - GLU
Joining GLU - LEU
Joining LEU - VAL
Joining VAL - LYS
Joining LYS - HIE
Joining HIE - LYS
Joining LYS - PRO
Joining PRO - LYS
Joining LYS - ALA
Joining ALA - THR
Joining THR - LYS
Joining LYS - GLU
Joining GLU - GLN
Joining GLN - LEU
Joining LEU - LYS
Joining LYS - ALA
Joining ALA - VAL
Joining VAL - MET
Joining MET - ASP
Joining ASP - ASP
Joining ASP - PHE
Joining PHE - ALA
Joining ALA - ALA
Joining ALA - PHE
Joining PHE - VAL
Joining VAL - GLU
Joining GLU - LYS
Joining LYS - CYX
Joining CYX - CYX
Joining CYX - LYS
Joining LYS - ALA
Joining ALA - ASP
Joining ASP - ASP
Joining ASP - LYS
Joining LYS - GLU
Joining GLU - THR
Joining THR - CYX
Joining CYX - PHE
Joining PHE - ALA
Joining ALA - GLU
Joining GLU - GLU
Joining GLU - GLY
Joining GLY - LYS
Joining LYS - LYS
Joining LYS - LEU
Joining LEU - VAL
Joining VAL - ALA
Joining ALA - ALA
Joining ALA - SER
Joining SER - GLN
Joining GLN - ALA
Joining ALA - ALA
Joining ALA - LEU
Joining LEU - GLY
Joining GLY - CLEU
  total atoms in file: 4652
  Leap added 4574 missing atoms according to residue templates:
       4574 H / lone pairs
> 
> # Load parameters for ligand.
> mods = loadAmberParams ligand.gaff.frcmod
Loading parameters: ./ligand.gaff.frcmod
Reading force field modification type file (frcmod)
Reading title:
remark goes here
> 
> # Load parameters for ligand.
> loadAmberParams ligand.gaff.frcmod
Loading parameters: ./ligand.gaff.frcmod
Reading force field modification type file (frcmod)
Reading title:
remark goes here
> 
> # Load ligand.
> ligand = loadMol2 ligand.gaff.mol2
Loading Mol2 file: ./ligand.gaff.mol2
Reading MOLECULE named aspirin
> 
> # Write ligand in vacuum.
> saveamberparm ligand vacuum.prmtop vacuum.inpcrd
Checking Unit.
Building topology.
Building atom parameters.
Building bond parameters.
Building angle parameters.
Building proper torsion parameters.
Building improper torsion parameters.
 total 8 improper torsions applied
Building H-Bond parameters.
Incorporating Non-Bonded adjustments.
Not Marking per-residue atom chain types.
Marking per-residue atom chain types.
  (Residues lacking connect0/connect1 - 
   these don't have chain types marked:

	res	total affected

	MOL	1
  )
 (no restraints)
> savepdb ligand vacuum.pdb
Writing pdb file: vacuum.pdb
> 
> # Create complex.
> complex = combine { receptor ligand }
  Sequence: default_name
  Sequence: aspirin
> solvatebox complex TIP3PBOX 10.0 iso
  Solute vdw bounding box:              95.122 55.196 83.701
  Total bounding box for atom centers:  115.122 115.122 115.122
      (box expansion for 'iso' is  70.0%)
  Solvent unit box:                     18.774 18.774 18.774
The number of boxes:  x= 7  y= 7  z= 7
Adding box at: x=0  y=0  z=0
Center of solvent box is: 56.323047, 56.323047, 56.323047
Adding box at: x=0  y=0  z=1
Center of solvent box is: 56.323047, 56.323047, 37.548698
Adding box at: x=0  y=0  z=2
Center of solvent box is: 56.323047, 56.323047, 18.774349
Adding box at: x=0  y=0  z=3
Center of solvent box is: 56.323047, 56.323047, 0.000000
Adding box at: x=0  y=0  z=4
Center of solvent box is: 56.323047, 56.323047, -18.774349
Adding box at: x=0  y=0  z=5
Center of solvent box is: 56.323047, 56.323047, -37.548698
Adding box at: x=0  y=0  z=6
Center of solvent box is: 56.323047, 56.323047, -56.323047
Adding box at: x=0  y=1  z=0
Center of solvent box is: 56.323047, 37.548698, 56.323047
Adding box at: x=0  y=1  z=1
Center of solvent box is: 56.323047, 37.548698, 37.548698
Adding box at: x=0  y=1  z=2
Center of solvent box is: 56.323047, 37.548698, 18.774349
Adding box at: x=0  y=1  z=3
Center of solvent box is: 56.323047, 37.548698, 0.000000
Adding box at: x=0  y=1  z=4
Center of solvent box is: 56.323047, 37.548698, -18.774349
Adding box at: x=0  y=1  z=5
Center of solvent box is: 56.323047, 37.548698, -37.548698
Adding box at: x=0  y=1  z=6
Center of solvent box is: 56.323047, 37.548698, -56.323047
Adding box at: x=0  y=2  z=0
Center of solvent box is: 56.323047, 18.774349, 56.323047
Adding box at: x=0  y=2  z=1
Center of solvent box is: 56.323047, 18.774349, 37.548698
Adding box at: x=0  y=2  z=2
Center of solvent box is: 56.323047, 18.774349, 18.774349
Adding box at: x=0  y=2  z=3
Center of solvent box is: 56.323047, 18.774349, 0.000000
Adding box at: x=0  y=2  z=4
Center of solvent box is: 56.323047, 18.774349, -18.774349
Adding box at: x=0  y=2  z=5
Center of solvent box is: 56.323047, 18.774349, -37.548698
Adding box at: x=0  y=2  z=6
Center of solvent box is: 56.323047, 18.774349, -56.323047
Adding box at: x=0  y=3  z=0
Center of solvent box is: 56.323047, 0.000000, 56.323047
Adding box at: x=0  y=3  z=1
Center of solvent box is: 56.323047, 0.000000, 37.548698
Adding box at: x=0  y=3  z=2
Center of solvent box is: 56.323047, 0.000000, 18.774349
Adding box at: x=0  y=3  z=3
Center of solvent box is: 56.323047, 0.000000, 0.000000
Adding box at: x=0  y=3  z=4
Center of solvent box is: 56.323047, 0.000000, -18.774349
Adding box at: x=0  y=3  z=5
Center of solvent box is: 56.323047, 0.000000, -37.548698
Adding box at: x=0  y=3  z=6
Center of solvent box is: 56.323047, 0.000000, -56.323047
Adding box at: x=0  y=4  z=0
Center of solvent box is: 56.323047, -18.774349, 56.323047
Adding box at: x=0  y=4  z=1
Center of solvent box is: 56.323047, -18.774349, 37.548698
Adding box at: x=0  y=4  z=2
Center of solvent box is: 56.323047, -18.774349, 18.774349
Adding box at: x=0  y=4  z=3
Center of solvent box is: 56.323047, -18.774349, 0.000000
Adding box at: x=0  y=4  z=4
Center of solvent box is: 56.323047, -18.774349, -18.774349
Adding box at: x=0  y=4  z=5
Center of solvent box is: 56.323047, -18.774349, -37.548698
Adding box at: x=0  y=4  z=6
Center of solvent box is: 56.323047, -18.774349, -56.323047
Adding box at: x=0  y=5  z=0
Center of solvent box is: 56.323047, -37.548698, 56.323047
Adding box at: x=0  y=5  z=1
Center of solvent box is: 56.323047, -37.548698, 37.548698
Adding box at: x=0  y=5  z=2
Center of solvent box is: 56.323047, -37.548698, 18.774349
Adding box at: x=0  y=5  z=3
Center of solvent box is: 56.323047, -37.548698, 0.000000
Adding box at: x=0  y=5  z=4
Center of solvent box is: 56.323047, -37.548698, -18.774349
Adding box at: x=0  y=5  z=5
Center of solvent box is: 56.323047, -37.548698, -37.548698
Adding box at: x=0  y=5  z=6
Center of solvent box is: 56.323047, -37.548698, -56.323047
Adding box at: x=0  y=6  z=0
Center of solvent box is: 56.323047, -56.323047, 56.323047
Adding box at: x=0  y=6  z=1
Center of solvent box is: 56.323047, -56.323047, 37.548698
Adding box at: x=0  y=6  z=2
Center of solvent box is: 56.323047, -56.323047, 18.774349
Adding box at: x=0  y=6  z=3
Center of solvent box is: 56.323047, -56.323047, 0.000000
Adding box at: x=0  y=6  z=4
Center of solvent box is: 56.323047, -56.323047, -18.774349
Adding box at: x=0  y=6  z=5
Center of solvent box is: 56.323047, -56.323047, -37.548698
Adding box at: x=0  y=6  z=6
Center of solvent box is: 56.323047, -56.323047, -56.323047
Adding box at: x=1  y=0  z=0
Center of solvent box is: 37.548698, 56.323047, 56.323047
Adding box at: x=1  y=0  z=1
Center of solvent box is: 37.548698, 56.323047, 37.548698
Adding box at: x=1  y=0  z=2
Center of solvent box is: 37.548698, 56.323047, 18.774349
Adding box at: x=1  y=0  z=3
Center of solvent box is: 37.548698, 56.323047, 0.000000
Adding box at: x=1  y=0  z=4
Center of solvent box is: 37.548698, 56.323047, -18.774349
Adding box at: x=1  y=0  z=5
Center of solvent box is: 37.548698, 56.323047, -37.548698
Adding box at: x=1  y=0  z=6
Center of solvent box is: 37.548698, 56.323047, -56.323047
Adding box at: x=1  y=1  z=0
Center of solvent box is: 37.548698, 37.548698, 56.323047
Adding box at: x=1  y=1  z=1
Center of solvent box is: 37.548698, 37.548698, 37.548698
Adding box at: x=1  y=1  z=2
Center of solvent box is: 37.548698, 37.548698, 18.774349
Adding box at: x=1  y=1  z=3
Center of solvent box is: 37.548698, 37.548698, 0.000000
Adding box at: x=1  y=1  z=4
Center of solvent box is: 37.548698, 37.548698, -18.774349
Adding box at: x=1  y=1  z=5
Center of solvent box is: 37.548698, 37.548698, -37.548698
Adding box at: x=1  y=1  z=6
Center of solvent box is: 37.548698, 37.548698, -56.323047
Adding box at: x=1  y=2  z=0
Center of solvent box is: 37.548698, 18.774349, 56.323047
Adding box at: x=1  y=2  z=1
Center of solvent box is: 37.548698, 18.774349, 37.548698
Adding box at: x=1  y=2  z=2
Center of solvent box is: 37.548698, 18.774349, 18.774349
Adding box at: x=1  y=2  z=3
Center of solvent box is: 37.548698, 18.774349, 0.000000
Adding box at: x=1  y=2  z=4
Center of solvent box is: 37.548698, 18.774349, -18.774349
Adding box at: x=1  y=2  z=5
Center of solvent box is: 37.548698, 18.774349, -37.548698
Adding box at: x=1  y=2  z=6
Center of solvent box is: 37.548698, 18.774349, -56.323047
Adding box at: x=1  y=3  z=0
Center of solvent box is: 37.548698, 0.000000, 56.323047
Adding box at: x=1  y=3  z=1
Center of solvent box is: 37.548698, 0.000000, 37.548698
Adding box at: x=1  y=3  z=2
Center of solvent box is: 37.548698, 0.000000, 18.774349
Adding box at: x=1  y=3  z=3
Center of solvent box is: 37.548698, 0.000000, 0.000000
Adding box at: x=1  y=3  z=4
Center of solvent box is: 37.548698, 0.000000, -18.774349
Adding box at: x=1  y=3  z=5
Center of solvent box is: 37.548698, 0.000000, -37.548698
Adding box at: x=1  y=3  z=6
Center of solvent box is: 37.548698, 0.000000, -56.323047
Adding box at: x=1  y=4  z=0
Center of solvent box is: 37.548698, -18.774349, 56.323047
Adding box at: x=1  y=4  z=1
Center of solvent box is: 37.548698, -18.774349, 37.548698
Adding box at: x=1  y=4  z=2
Center of solvent box is: 37.548698, -18.774349, 18.774349
Adding box at: x=1  y=4  z=3
Center of solvent box is: 37.548698, -18.774349, 0.000000
Adding box at: x=1  y=4  z=4
Center of solvent box is: 37.548698, -18.774349, -18.774349
Adding box at: x=1  y=4  z=5
Center of solvent box is: 37.548698, -18.774349, -37.548698
Adding box at: x=1  y=4  z=6
Center of solvent box is: 37.548698, -18.774349, -56.323047
Adding box at: x=1  y=5  z=0
Center of solvent box is: 37.548698, -37.548698, 56.323047
Adding box at: x=1  y=5  z=1
Center of solvent box is: 37.548698, -37.548698, 37.548698
Adding box at: x=1  y=5  z=2
Center of solvent box is: 37.548698, -37.548698, 18.774349
Adding box at: x=1  y=5  z=3
Center of solvent box is: 37.548698, -37.548698, 0.000000
Adding box at: x=1  y=5  z=4
Center of solvent box is: 37.548698, -37.548698, -18.774349
Adding box at: x=1  y=5  z=5
Center of solvent box is: 37.548698, -37.548698, -37.548698
Adding box at: x=1  y=5  z=6
Center of solvent box is: 37.548698, -37.548698, -56.323047
Adding box at: x=1  y=6  z=0
Center of solvent box is: 37.548698, -56.323047, 56.323047
Adding box at: x=1  y=6  z=1
Center of solvent box is: 37.548698, -56.323047, 37.548698
Adding box at: x=1  y=6  z=2
Center of solvent box is: 37.548698, -56.323047, 18.774349
Adding box at: x=1  y=6  z=3
Center of solvent box is: 37.548698, -56.323047, 0.000000
Adding box at: x=1  y=6  z=4
Center of solvent box is: 37.548698, -56.323047, -18.774349
Adding box at: x=1  y=6  z=5
Center of solvent box is: 37.548698, -56.323047, -37.548698
Adding box at: x=1  y=6  z=6
Center of solvent box is: 37.548698, -56.323047, -56.323047
Adding box at: x=2  y=0  z=0
Center of solvent box is: 18.774349, 56.323047, 56.323047
Adding box at: x=2  y=0  z=1
Center of solvent box is: 18.774349, 56.323047, 37.548698
Adding box at: x=2  y=0  z=2
Center of solvent box is: 18.774349, 56.323047, 18.774349
Adding box at: x=2  y=0  z=3
Center of solvent box is: 18.774349, 56.323047, 0.000000
Adding box at: x=2  y=0  z=4
Center of solvent box is: 18.774349, 56.323047, -18.774349
Adding box at: x=2  y=0  z=5
Center of solvent box is: 18.774349, 56.323047, -37.548698
Adding box at: x=2  y=0  z=6
Center of solvent box is: 18.774349, 56.323047, -56.323047
Adding box at: x=2  y=1  z=0
Center of solvent box is: 18.774349, 37.548698, 56.323047
Adding box at: x=2  y=1  z=1
Center of solvent box is: 18.774349, 37.548698, 37.548698
Adding box at: x=2  y=1  z=2
Center of solvent box is: 18.774349, 37.548698, 18.774349
Adding box at: x=2  y=1  z=3
Center of solvent box is: 18.774349, 37.548698, 0.000000
Adding box at: x=2  y=1  z=4
Center of solvent box is: 18.774349, 37.548698, -18.774349
Adding box at: x=2  y=1  z=5
Center of solvent box is: 18.774349, 37.548698, -37.548698
Adding box at: x=2  y=1  z=6
Center of solvent box is: 18.774349, 37.548698, -56.323047
Adding box at: x=2  y=2  z=0
Center of solvent box is: 18.774349, 18.774349, 56.323047
Adding box at: x=2  y=2  z=1
Center of solvent box is: 18.774349, 18.774349, 37.548698
Adding box at: x=2  y=2  z=2
Center of solvent box is: 18.774349, 18.774349, 18.774349
Adding box at: x=2  y=2  z=3
Center of solvent box is: 18.774349, 18.774349, 0.000000
Adding box at: x=2  y=2  z=4
Center of solvent box is: 18.774349, 18.774349, -18.774349
Adding box at: x=2  y=2  z=5
Center of solvent box is: 18.774349, 18.774349, -37.548698
Adding box at: x=2  y=2  z=6
Center of solvent box is: 18.774349, 18.774349, -56.323047
Adding box at: x=2  y=3  z=0
Center of solvent box is: 18.774349, 0.000000, 56.323047
Adding box at: x=2  y=3  z=1
Center of solvent box is: 18.774349, 0.000000, 37.548698
Adding box at: x=2  y=3  z=2
Center of solvent box is: 18.774349, 0.000000, 18.774349
Adding box at: x=2  y=3  z=3
Center of solvent box is: 18.774349, 0.000000, 0.000000
Adding box at: x=2  y=3  z=4
Center of solvent box is: 18.774349, 0.000000, -18.774349
Adding box at: x=2  y=3  z=5
Center of solvent box is: 18.774349, 0.000000, -37.548698
Adding box at: x=2  y=3  z=6
Center of solvent box is: 18.774349, 0.000000, -56.323047
Adding box at: x=2  y=4  z=0
Center of solvent box is: 18.774349, -18.774349, 56.323047
Adding box at: x=2  y=4  z=1
Center of solvent box is: 18.774349, -18.774349, 37.548698
Adding box at: x=2  y=4  z=2
Center of solvent box is: 18.774349, -18.774349, 18.774349
Adding box at: x=2  y=4  z=3
Center of solvent box is: 18.774349, -18.774349, 0.000000
Adding box at: x=2  y=4  z=4
Center of solvent box is: 18.774349, -18.774349, -18.774349
Adding box at: x=2  y=4  z=5
Center of solvent box is: 18.774349, -18.774349, -37.548698
Adding box at: x=2  y=4  z=6
Center of solvent box is: 18.774349, -18.774349, -56.323047
Adding box at: x=2  y=5  z=0
Center of solvent box is: 18.774349, -37.548698, 56.323047
Adding box at: x=2  y=5  z=1
Center of solvent box is: 18.774349, -37.548698, 37.548698
Adding box at: x=2  y=5  z=2
Center of solvent box is: 18.774349, -37.548698, 18.774349
Adding box at: x=2  y=5  z=3
Center of solvent box is: 18.774349, -37.548698, 0.000000
Adding box at: x=2  y=5  z=4
Center of solvent box is: 18.774349, -37.548698, -18.774349
Adding box at: x=2  y=5  z=5
Center of solvent box is: 18.774349, -37.548698, -37.548698
Adding box at: x=2  y=5  z=6
Center of solvent box is: 18.774349, -37.548698, -56.323047
Adding box at: x=2  y=6  z=0
Center of solvent box is: 18.774349, -56.323047, 56.323047
Adding box at: x=2  y=6  z=1
Center of solvent box is: 18.774349, -56.323047, 37.548698
Adding box at: x=2  y=6  z=2
Center of solvent box is: 18.774349, -56.323047, 18.774349
Adding box at: x=2  y=6  z=3
Center of solvent box is: 18.774349, -56.323047, 0.000000
Adding box at: x=2  y=6  z=4
Center of solvent box is: 18.774349, -56.323047, -18.774349
Adding box at: x=2  y=6  z=5
Center of solvent box is: 18.774349, -56.323047, -37.548698
Adding box at: x=2  y=6  z=6
Center of solvent box is: 18.774349, -56.323047, -56.323047
Adding box at: x=3  y=0  z=0
Center of solvent box is: 0.000000, 56.323047, 56.323047
Adding box at: x=3  y=0  z=1
Center of solvent box is: 0.000000, 56.323047, 37.548698
Adding box at: x=3  y=0  z=2
Center of solvent box is: 0.000000, 56.323047, 18.774349
Adding box at: x=3  y=0  z=3
Center of solvent box is: 0.000000, 56.323047, 0.000000
Adding box at: x=3  y=0  z=4
Center of solvent box is: 0.000000, 56.323047, -18.774349
Adding box at: x=3  y=0  z=5
Center of solvent box is: 0.000000, 56.323047, -37.548698
Adding box at: x=3  y=0  z=6
Center of solvent box is: 0.000000, 56.323047, -56.323047
Adding box at: x=3  y=1  z=0
Center of solvent box is: 0.000000, 37.548698, 56.323047
Adding box at: x=3  y=1  z=1
Center of solvent box is: 0.000000, 37.548698, 37.548698
Adding box at: x=3  y=1  z=2
Center of solvent box is: 0.000000, 37.548698, 18.774349
Adding box at: x=3  y=1  z=3
Center of solvent box is: 0.000000, 37.548698, 0.000000
Adding box at: x=3  y=1  z=4
Center of solvent box is: 0.000000, 37.548698, -18.774349
Adding box at: x=3  y=1  z=5
Center of solvent box is: 0.000000, 37.548698, -37.548698
Adding box at: x=3  y=1  z=6
Center of solvent box is: 0.000000, 37.548698, -56.323047
Adding box at: x=3  y=2  z=0
Center of solvent box is: 0.000000, 18.774349, 56.323047
Adding box at: x=3  y=2  z=1
Center of solvent box is: 0.000000, 18.774349, 37.548698
Adding box at: x=3  y=2  z=2
Center of solvent box is: 0.000000, 18.774349, 18.774349
Adding box at: x=3  y=2  z=3
Center of solvent box is: 0.000000, 18.774349, 0.000000
Adding box at: x=3  y=2  z=4
Center of solvent box is: 0.000000, 18.774349, -18.774349
Adding box at: x=3  y=2  z=5
Center of solvent box is: 0.000000, 18.774349, -37.548698
Adding box at: x=3  y=2  z=6
Center of solvent box is: 0.000000, 18.774349, -56.323047
Adding box at: x=3  y=3  z=0
Center of solvent box is: 0.000000, 0.000000, 56.323047
Adding box at: x=3  y=3  z=1
Center of solvent box is: 0.000000, 0.000000, 37.548698
Adding box at: x=3  y=3  z=2
Center of solvent box is: 0.000000, 0.000000, 18.774349
Adding box at: x=3  y=3  z=3
Center of solvent box is: 0.000000, 0.000000, 0.000000
Adding box at: x=3  y=3  z=4
Center of solvent box is: 0.000000, 0.000000, -18.774349
Adding box at: x=3  y=3  z=5
Center of solvent box is: 0.000000, 0.000000, -37.548698
Adding box at: x=3  y=3  z=6
Center of solvent box is: 0.000000, 0.000000, -56.323047
Adding box at: x=3  y=4  z=0
Center of solvent box is: 0.000000, -18.774349, 56.323047
Adding box at: x=3  y=4  z=1
Center of solvent box is: 0.000000, -18.774349, 37.548698
Adding box at: x=3  y=4  z=2
Center of solvent box is: 0.000000, -18.774349, 18.774349
Adding box at: x=3  y=4  z=3
Center of solvent box is: 0.000000, -18.774349, 0.000000
Adding box at: x=3  y=4  z=4
Center of solvent box is: 0.000000, -18.774349, -18.774349
Adding box at: x=3  y=4  z=5
Center of solvent box is: 0.000000, -18.774349, -37.548698
Adding box at: x=3  y=4  z=6
Center of solvent box is: 0.000000, -18.774349, -56.323047
Adding box at: x=3  y=5  z=0
Center of solvent box is: 0.000000, -37.548698, 56.323047
Adding box at: x=3  y=5  z=1
Center of solvent box is: 0.000000, -37.548698, 37.548698
Adding box at: x=3  y=5  z=2
Center of solvent box is: 0.000000, -37.548698, 18.774349
Adding box at: x=3  y=5  z=3
Center of solvent box is: 0.000000, -37.548698, 0.000000
Adding box at: x=3  y=5  z=4
Center of solvent box is: 0.000000, -37.548698, -18.774349
Adding box at: x=3  y=5  z=5
Center of solvent box is: 0.000000, -37.548698, -37.548698
Adding box at: x=3  y=5  z=6
Center of solvent box is: 0.000000, -37.548698, -56.323047
Adding box at: x=3  y=6  z=0
Center of solvent box is: 0.000000, -56.323047, 56.323047
Adding box at: x=3  y=6  z=1
Center of solvent box is: 0.000000, -56.323047, 37.548698
Adding box at: x=3  y=6  z=2
Center of solvent box is: 0.000000, -56.323047, 18.774349
Adding box at: x=3  y=6  z=3
Center of solvent box is: 0.000000, -56.323047, 0.000000
Adding box at: x=3  y=6  z=4
Center of solvent box is: 0.000000, -56.323047, -18.774349
Adding box at: x=3  y=6  z=5
Center of solvent box is: 0.000000, -56.323047, -37.548698
Adding box at: x=3  y=6  z=6
Center of solvent box is: 0.000000, -56.323047, -56.323047
Adding box at: x=4  y=0  z=0
Center of solvent box is: -18.774349, 56.323047, 56.323047
Adding box at: x=4  y=0  z=1
Center of solvent box is: -18.774349, 56.323047, 37.548698
Adding box at: x=4  y=0  z=2
Center of solvent box is: -18.774349, 56.323047, 18.774349
Adding box at: x=4  y=0  z=3
Center of solvent box is: -18.774349, 56.323047, 0.000000
Adding box at: x=4  y=0  z=4
Center of solvent box is: -18.774349, 56.323047, -18.774349
Adding box at: x=4  y=0  z=5
Center of solvent box is: -18.774349, 56.323047, -37.548698
Adding box at: x=4  y=0  z=6
Center of solvent box is: -18.774349, 56.323047, -56.323047
Adding box at: x=4  y=1  z=0
Center of solvent box is: -18.774349, 37.548698, 56.323047
Adding box at: x=4  y=1  z=1
Center of solvent box is: -18.774349, 37.548698, 37.548698
Adding box at: x=4  y=1  z=2
Center of solvent box is: -18.774349, 37.548698, 18.774349
Adding box at: x=4  y=1  z=3
Center of solvent box is: -18.774349, 37.548698, 0.000000
Adding box at: x=4  y=1  z=4
Center of solvent box is: -18.774349, 37.548698, -18.774349
Adding box at: x=4  y=1  z=5
Center of solvent box is: -18.774349, 37.548698, -37.548698
Adding box at: x=4  y=1  z=6
Center of solvent box is: -18.774349, 37.548698, -56.323047
Adding box at: x=4  y=2  z=0
Center of solvent box is: -18.774349, 18.774349, 56.323047
Adding box at: x=4  y=2  z=1
Center of solvent box is: -18.774349, 18.774349, 37.548698
Adding box at: x=4  y=2  z=2
Center of solvent box is: -18.774349, 18.774349, 18.774349
Adding box at: x=4  y=2  z=3
Center of solvent box is: -18.774349, 18.774349, 0.000000
Adding box at: x=4  y=2  z=4
Center of solvent box is: -18.774349, 18.774349, -18.774349
Adding box at: x=4  y=2  z=5
Center of solvent box is: -18.774349, 18.774349, -37.548698
Adding box at: x=4  y=2  z=6
Center of solvent box is: -18.774349, 18.774349, -56.323047
Adding box at: x=4  y=3  z=0
Center of solvent box is: -18.774349, 0.000000, 56.323047
Adding box at: x=4  y=3  z=1
Center of solvent box is: -18.774349, 0.000000, 37.548698
Adding box at: x=4  y=3  z=2
Center of solvent box is: -18.774349, 0.000000, 18.774349
Adding box at: x=4  y=3  z=3
Center of solvent box is: -18.774349, 0.000000, 0.000000
Adding box at: x=4  y=3  z=4
Center of solvent box is: -18.774349, 0.000000, -18.774349
Adding box at: x=4  y=3  z=5
Center of solvent box is: -18.774349, 0.000000, -37.548698
Adding box at: x=4  y=3  z=6
Center of solvent box is: -18.774349, 0.000000, -56.323047
Adding box at: x=4  y=4  z=0
Center of solvent box is: -18.774349, -18.774349, 56.323047
Adding box at: x=4  y=4  z=1
Center of solvent box is: -18.774349, -18.774349, 37.548698
Adding box at: x=4  y=4  z=2
Center of solvent box is: -18.774349, -18.774349, 18.774349
Adding box at: x=4  y=4  z=3
Center of solvent box is: -18.774349, -18.774349, 0.000000
Adding box at: x=4  y=4  z=4
Center of solvent box is: -18.774349, -18.774349, -18.774349
Adding box at: x=4  y=4  z=5
Center of solvent box is: -18.774349, -18.774349, -37.548698
Adding box at: x=4  y=4  z=6
Center of solvent box is: -18.774349, -18.774349, -56.323047
Adding box at: x=4  y=5  z=0
Center of solvent box is: -18.774349, -37.548698, 56.323047
Adding box at: x=4  y=5  z=1
Center of solvent box is: -18.774349, -37.548698, 37.548698
Adding box at: x=4  y=5  z=2
Center of solvent box is: -18.774349, -37.548698, 18.774349
Adding box at: x=4  y=5  z=3
Center of solvent box is: -18.774349, -37.548698, 0.000000
Adding box at: x=4  y=5  z=4
Center of solvent box is: -18.774349, -37.548698, -18.774349
Adding box at: x=4  y=5  z=5
Center of solvent box is: -18.774349, -37.548698, -37.548698
Adding box at: x=4  y=5  z=6
Center of solvent box is: -18.774349, -37.548698, -56.323047
Adding box at: x=4  y=6  z=0
Center of solvent box is: -18.774349, -56.323047, 56.323047
Adding box at: x=4  y=6  z=1
Center of solvent box is: -18.774349, -56.323047, 37.548698
Adding box at: x=4  y=6  z=2
Center of solvent box is: -18.774349, -56.323047, 18.774349
Adding box at: x=4  y=6  z=3
Center of solvent box is: -18.774349, -56.323047, 0.000000
Adding box at: x=4  y=6  z=4
Center of solvent box is: -18.774349, -56.323047, -18.774349
Adding box at: x=4  y=6  z=5
Center of solvent box is: -18.774349, -56.323047, -37.548698
Adding box at: x=4  y=6  z=6
Center of solvent box is: -18.774349, -56.323047, -56.323047
Adding box at: x=5  y=0  z=0
Center of solvent box is: -37.548698, 56.323047, 56.323047
Adding box at: x=5  y=0  z=1
Center of solvent box is: -37.548698, 56.323047, 37.548698
Adding box at: x=5  y=0  z=2
Center of solvent box is: -37.548698, 56.323047, 18.774349
Adding box at: x=5  y=0  z=3
Center of solvent box is: -37.548698, 56.323047, 0.000000
Adding box at: x=5  y=0  z=4
Center of solvent box is: -37.548698, 56.323047, -18.774349
Adding box at: x=5  y=0  z=5
Center of solvent box is: -37.548698, 56.323047, -37.548698
Adding box at: x=5  y=0  z=6
Center of solvent box is: -37.548698, 56.323047, -56.323047
Adding box at: x=5  y=1  z=0
Center of solvent box is: -37.548698, 37.548698, 56.323047
Adding box at: x=5  y=1  z=1
Center of solvent box is: -37.548698, 37.548698, 37.548698
Adding box at: x=5  y=1  z=2
Center of solvent box is: -37.548698, 37.548698, 18.774349
Adding box at: x=5  y=1  z=3
Center of solvent box is: -37.548698, 37.548698, 0.000000
Adding box at: x=5  y=1  z=4
Center of solvent box is: -37.548698, 37.548698, -18.774349
Adding box at: x=5  y=1  z=5
Center of solvent box is: -37.548698, 37.548698, -37.548698
Adding box at: x=5  y=1  z=6
Center of solvent box is: -37.548698, 37.548698, -56.323047
Adding box at: x=5  y=2  z=0
Center of solvent box is: -37.548698, 18.774349, 56.323047
Adding box at: x=5  y=2  z=1
Center of solvent box is: -37.548698, 18.774349, 37.548698
Adding box at: x=5  y=2  z=2
Center of solvent box is: -37.548698, 18.774349, 18.774349
Adding box at: x=5  y=2  z=3
Center of solvent box is: -37.548698, 18.774349, 0.000000
Adding box at: x=5  y=2  z=4
Center of solvent box is: -37.548698, 18.774349, -18.774349
Adding box at: x=5  y=2  z=5
Center of solvent box is: -37.548698, 18.774349, -37.548698
Adding box at: x=5  y=2  z=6
Center of solvent box is: -37.548698, 18.774349, -56.323047
Adding box at: x=5  y=3  z=0
Center of solvent box is: -37.548698, 0.000000, 56.323047
Adding box at: x=5  y=3  z=1
Center of solvent box is: -37.548698, 0.000000, 37.548698
Adding box at: x=5  y=3  z=2
Center of solvent box is: -37.548698, 0.000000, 18.774349
Adding box at: x=5  y=3  z=3
Center of solvent box is: -37.548698, 0.000000, 0.000000
Adding box at: x=5  y=3  z=4
Center of solvent box is: -37.548698, 0.000000, -18.774349
Adding box at: x=5  y=3  z=5
Center of solvent box is: -37.548698, 0.000000, -37.548698
Adding box at: x=5  y=3  z=6
Center of solvent box is: -37.548698, 0.000000, -56.323047
Adding box at: x=5  y=4  z=0
Center of solvent box is: -37.548698, -18.774349, 56.323047
Adding box at: x=5  y=4  z=1
Center of solvent box is: -37.548698, -18.774349, 37.548698
Adding box at: x=5  y=4  z=2
Center of solvent box is: -37.548698, -18.774349, 18.774349
Adding box at: x=5  y=4  z=3
Center of solvent box is: -37.548698, -18.774349, 0.000000
Adding box at: x=5  y=4  z=4
Center of solvent box is: -37.548698, -18.774349, -18.774349
Adding box at: x=5  y=4  z=5
Center of solvent box is: -37.548698, -18.774349, -37.548698
Adding box at: x=5  y=4  z=6
Center of solvent box is: -37.548698, -18.774349, -56.323047
Adding box at: x=5  y=5  z=0
Center of solvent box is: -37.548698, -37.548698, 56.323047
Adding box at: x=5  y=5  z=1
Center of solvent box is: -37.548698, -37.548698, 37.548698
Adding box at: x=5  y=5  z=2
Center of solvent box is: -37.548698, -37.548698, 18.774349
Adding box at: x=5  y=5  z=3
Center of solvent box is: -37.548698, -37.548698, 0.000000
Adding box at: x=5  y=5  z=4
Center of solvent box is: -37.548698, -37.548698, -18.774349
Adding box at: x=5  y=5  z=5
Center of solvent box is: -37.548698, -37.548698, -37.548698
Adding box at: x=5  y=5  z=6
Center of solvent box is: -37.548698, -37.548698, -56.323047
Adding box at: x=5  y=6  z=0
Center of solvent box is: -37.548698, -56.323047, 56.323047
Adding box at: x=5  y=6  z=1
Center of solvent box is: -37.548698, -56.323047, 37.548698
Adding box at: x=5  y=6  z=2
Center of solvent box is: -37.548698, -56.323047, 18.774349
Adding box at: x=5  y=6  z=3
Center of solvent box is: -37.548698, -56.323047, 0.000000
Adding box at: x=5  y=6  z=4
Center of solvent box is: -37.548698, -56.323047, -18.774349
Adding box at: x=5  y=6  z=5
Center of solvent box is: -37.548698, -56.323047, -37.548698
Adding box at: x=5  y=6  z=6
Center of solvent box is: -37.548698, -56.323047, -56.323047
Adding box at: x=6  y=0  z=0
Center of solvent box is: -56.323047, 56.323047, 56.323047
Adding box at: x=6  y=0  z=1
Center of solvent box is: -56.323047, 56.323047, 37.548698
Adding box at: x=6  y=0  z=2
Center of solvent box is: -56.323047, 56.323047, 18.774349
Adding box at: x=6  y=0  z=3
Center of solvent box is: -56.323047, 56.323047, 0.000000
Adding box at: x=6  y=0  z=4
Center of solvent box is: -56.323047, 56.323047, -18.774349
Adding box at: x=6  y=0  z=5
Center of solvent box is: -56.323047, 56.323047, -37.548698
Adding box at: x=6  y=0  z=6
Center of solvent box is: -56.323047, 56.323047, -56.323047
Adding box at: x=6  y=1  z=0
Center of solvent box is: -56.323047, 37.548698, 56.323047
Adding box at: x=6  y=1  z=1
Center of solvent box is: -56.323047, 37.548698, 37.548698
Adding box at: x=6  y=1  z=2
Center of solvent box is: -56.323047, 37.548698, 18.774349
Adding box at: x=6  y=1  z=3
Center of solvent box is: -56.323047, 37.548698, 0.000000
Adding box at: x=6  y=1  z=4
Center of solvent box is: -56.323047, 37.548698, -18.774349
Adding box at: x=6  y=1  z=5
Center of solvent box is: -56.323047, 37.548698, -37.548698
Adding box at: x=6  y=1  z=6
Center of solvent box is: -56.323047, 37.548698, -56.323047
Adding box at: x=6  y=2  z=0
Center of solvent box is: -56.323047, 18.774349, 56.323047
Adding box at: x=6  y=2  z=1
Center of solvent box is: -56.323047, 18.774349, 37.548698
Adding box at: x=6  y=2  z=2
Center of solvent box is: -56.323047, 18.774349, 18.774349
Adding box at: x=6  y=2  z=3
Center of solvent box is: -56.323047, 18.774349, 0.000000
Adding box at: x=6  y=2  z=4
Center of solvent box is: -56.323047, 18.774349, -18.774349
Adding box at: x=6  y=2  z=5
Center of solvent box is: -56.323047, 18.774349, -37.548698
Adding box at: x=6  y=2  z=6
Center of solvent box is: -56.323047, 18.774349, -56.323047
Adding box at: x=6  y=3  z=0
Center of solvent box is: -56.323047, 0.000000, 56.323047
Adding box at: x=6  y=3  z=1
Center of solvent box is: -56.323047, 0.000000, 37.548698
Adding box at: x=6  y=3  z=2
Center of solvent box is: -56.323047, 0.000000, 18.774349
Adding box at: x=6  y=3  z=3
Center of solvent box is: -56.323047, 0.000000, 0.000000
Adding box at: x=6  y=3  z=4
Center of solvent box is: -56.323047, 0.000000, -18.774349
Adding box at: x=6  y=3  z=5
Center of solvent box is: -56.323047, 0.000000, -37.548698
Adding box at: x=6  y=3  z=6
Center of solvent box is: -56.323047, 0.000000, -56.323047
Adding box at: x=6  y=4  z=0
Center of solvent box is: -56.323047, -18.774349, 56.323047
Adding box at: x=6  y=4  z=1
Center of solvent box is: -56.323047, -18.774349, 37.548698
Adding box at: x=6  y=4  z=2
Center of solvent box is: -56.323047, -18.774349, 18.774349
Adding box at: x=6  y=4  z=3
Center of solvent box is: -56.323047, -18.774349, 0.000000
Adding box at: x=6  y=4  z=4
Center of solvent box is: -56.323047, -18.774349, -18.774349
Adding box at: x=6  y=4  z=5
Center of solvent box is: -56.323047, -18.774349, -37.548698
Adding box at: x=6  y=4  z=6
Center of solvent box is: -56.323047, -18.774349, -56.323047
Adding box at: x=6  y=5  z=0
Center of solvent box is: -56.323047, -37.548698, 56.323047
Adding box at: x=6  y=5  z=1
Center of solvent box is: -56.323047, -37.548698, 37.548698
Adding box at: x=6  y=5  z=2
Center of solvent box is: -56.323047, -37.548698, 18.774349
Adding box at: x=6  y=5  z=3
Center of solvent box is: -56.323047, -37.548698, 0.000000
Adding box at: x=6  y=5  z=4
Center of solvent box is: -56.323047, -37.548698, -18.774349
Adding box at: x=6  y=5  z=5
Center of solvent box is: -56.323047, -37.548698, -37.548698
Adding box at: x=6  y=5  z=6
Center of solvent box is: -56.323047, -37.548698, -56.323047
Adding box at: x=6  y=6  z=0
Center of solvent box is: -56.323047, -56.323047, 56.323047
Adding box at: x=6  y=6  z=1
Center of solvent box is: -56.323047, -56.323047, 37.548698
Adding box at: x=6  y=6  z=2
Center of solvent box is: -56.323047, -56.323047, 18.774349
Adding box at: x=6  y=6  z=3
Center of solvent box is: -56.323047, -56.323047, 0.000000
Adding box at: x=6  y=6  z=4
Center of solvent box is: -56.323047, -56.323047, -18.774349
Adding box at: x=6  y=6  z=5
Center of solvent box is: -56.323047, -56.323047, -37.548698
Adding box at: x=6  y=6  z=6
Center of solvent box is: -56.323047, -56.323047, -56.323047
  Volume: 1663246.238 A^3 
  Total mass 860999.930 amu,  Density 0.860 g/cc
  Added 44094 residues.
> saveamberparm complex complex.prmtop complex.inpcrd
Checking Unit.
WARNING: The unperturbed charge of the unit: -15.000000 is not zero.

 -- ignoring the warning.

Building topology.
Building atom parameters.
Building bond parameters.
Building angle parameters.
Building proper torsion parameters.
Building improper torsion parameters.
 ** Warning: No sp2 improper torsion term for  NA-CA-CN-CB
        atoms are: NE1 CZ2 CE2 CD2
 ** Warning: No sp2 improper torsion term for  C*-CN-CB-CA
        atoms are: CG CE2 CD2 CE3
 total 1810 improper torsions applied
Building H-Bond parameters.
Incorporating Non-Bonded adjustments.
Not Marking per-residue atom chain types.
Marking per-residue atom chain types.
  (Residues lacking connect0/connect1 - 
   these don't have chain types marked:

	res	total affected

	CLEU	1
	MOL	1
	NASP	1
	WAT	44094
  )
 (no restraints)
> savepdb complex complex.pdb
Writing pdb file: complex.pdb
 Converting N-terminal residue name to PDB format: NASP -> ASP
 Converting C-terminal residue name to PDB format: CLEU -> LEU
> 
> # Solvate ligand.
> solvatebox ligand TIP3PBOX 10.0 iso
  Solute vdw bounding box:              9.018 6.022 10.917
  Total bounding box for atom centers:  30.917 30.917 30.917
      (box expansion for 'iso' is  26.6%)
  Solvent unit box:                     18.774 18.774 18.774
The number of boxes:  x= 2  y= 2  z= 2
Adding box at: x=0  y=0  z=0
Center of solvent box is: 9.387175, 9.387175, 9.387175
Adding box at: x=0  y=0  z=1
Center of solvent box is: 9.387175, 9.387175, -9.387175
Adding box at: x=0  y=1  z=0
Center of solvent box is: 9.387175, -9.387175, 9.387175
Adding box at: x=0  y=1  z=1
Center of solvent box is: 9.387175, -9.387175, -9.387175
Adding box at: x=1  y=0  z=0
Center of solvent box is: -9.387175, 9.387175, 9.387175
Adding box at: x=1  y=0  z=1
Center of solvent box is: -9.387175, 9.387175, -9.387175
Adding box at: x=1  y=1  z=0
Center of solvent box is: -9.387175, -9.387175, 9.387175
Adding box at: x=1  y=1  z=1
Center of solvent box is: -9.387175, -9.387175, -9.387175
  Volume: 39926.148 A^3 
  Total mass 15529.786 amu,  Density 0.646 g/cc
  Added 852 residues.
> saveamberparm ligand solvent.prmtop solvent.inpcrd
Checking Unit.
Building topology.
Building atom parameters.
Building bond parameters.
Building angle parameters.
Building proper torsion parameters.
Building improper torsion parameters.
 total 8 improper torsions applied
Building H-Bond parameters.
Incorporating Non-Bonded adjustments.
Not Marking per-residue atom chain types.
Marking per-residue atom chain types.
  (Residues lacking connect0/connect1 - 
   these don't have chain types marked:

	res	total affected

	MOL	1
	WAT	852
  )
 (no restraints)
> savepdb ligand solvent.pdb
Writing pdb file: solvent.pdb
> 
> quit
	Quit
