-I: Adding /Users/grinawap/anaconda/bin/../dat/leap/prep to search path.
-I: Adding /Users/grinawap/anaconda/bin/../dat/leap/lib to search path.
-I: Adding /Users/grinawap/anaconda/bin/../dat/leap/parm to search path.
-I: Adding /Users/grinawap/anaconda/bin/../dat/leap/cmd to search path.
-f: Source setup.leap.in.

Welcome to LEaP!
(no leaprc in search path)
Sourcing: ./setup.leap.in
----- Source: /Users/grinawap/anaconda/bin/../dat/leap/cmd/leaprc.gaff
----- Source of /Users/grinawap/anaconda/bin/../dat/leap/cmd/leaprc.gaff done
Log file: ./leap.log
Loading parameters: /Users/grinawap/anaconda/bin/../dat/leap/parm/gaff.dat
Reading title:
AMBER General Force Field for organic molecules (Version 1.7, Nov 2013)
Using H(N)-modified Bondi radii
Loading parameters: ./receptor.gaff.frcmod
Reading force field modification type file (frcmod)
Reading title:
remark goes here
Loading parameters: ./receptor.gaff.frcmod
Reading force field modification type file (frcmod)
Reading title:
remark goes here
Loading Mol2 file: ./receptor.gaff.mol2
Reading MOLECULE named *****
Loading parameters: ./ligand.gaff.frcmod
Reading force field modification type file (frcmod)
Reading title:
remark goes here
Loading parameters: ./ligand.gaff.frcmod
Reading force field modification type file (frcmod)
Reading title:
remark goes here
Loading Mol2 file: ./ligand.gaff.mol2
Reading MOLECULE named 24
Checking 'complex'....
WARNING: The unperturbed charge of the unit: 0.998999 is not zero.
Warning: Close contact of 1.021992 angstroms between .R<non 2>.A<H16 24> and .R<non 2>.A<N1 8>
Warning: Close contact of 1.020977 angstroms between .R<non 2>.A<H15 23> and .R<non 2>.A<N1 8>
Warning: Close contact of 1.022321 angstroms between .R<non 2>.A<H14 22> and .R<non 2>.A<N1 8>
Warning: Close contact of 1.094279 angstroms between .R<non 2>.A<H13 21> and .R<non 2>.A<C7 7>
Warning: Close contact of 1.095086 angstroms between .R<non 2>.A<H12 20> and .R<non 2>.A<C7 7>
Warning: Close contact of 1.096207 angstroms between .R<non 2>.A<H11 19> and .R<non 2>.A<C6 6>
Warning: Close contact of 1.094777 angstroms between .R<non 2>.A<H10 18> and .R<non 2>.A<C6 6>
Warning: Close contact of 1.094215 angstroms between .R<non 2>.A<H9 17> and .R<non 2>.A<C5 5>
Warning: Close contact of 1.094151 angstroms between .R<non 2>.A<H8 16> and .R<non 2>.A<C5 5>
Warning: Close contact of 1.093750 angstroms between .R<non 2>.A<H7 15> and .R<non 2>.A<C4 4>
Warning: Close contact of 1.094111 angstroms between .R<non 2>.A<H6 14> and .R<non 2>.A<C4 4>
Warning: Close contact of 1.094132 angstroms between .R<non 2>.A<H5 13> and .R<non 2>.A<C3 3>
Warning: Close contact of 1.095447 angstroms between .R<non 2>.A<H4 12> and .R<non 2>.A<C3 3>
Warning: Close contact of 1.092994 angstroms between .R<non 2>.A<H3 11> and .R<non 2>.A<C2 2>
Warning: Close contact of 1.095761 angstroms between .R<non 2>.A<H2 10> and .R<non 2>.A<C1 1>
Warning: Close contact of 1.094701 angstroms between .R<non 2>.A<H1 9> and .R<non 2>.A<C1 1>
Warning: Close contact of 1.470839 angstroms between .R<non 2>.A<N1 8> and .R<non 2>.A<C2 2>
Checking parameters for unit 'complex'.
Checking for bond parameters.
Checking for angle parameters.
check:  Warnings: 18
Unit is OK.
Total unperturbed charge:   0.998999
Total perturbed charge:     0.998999
Checking Unit.
WARNING: The unperturbed charge of the unit: 0.998999 is not zero.

 -- ignoring the warning.

Building topology.
Building atom parameters.
Building bond parameters.
Building angle parameters.
Building proper torsion parameters.
Building improper torsion parameters.
 total 0 improper torsions applied
Building H-Bond parameters.
Incorporating Non-Bonded adjustments.
Not Marking per-residue atom chain types.
Marking per-residue atom chain types.
  (Residues lacking connect0/connect1 - 
   these don't have chain types marked:

	res	total affected

	non	1
  )
 (no restraints)
Writing pdb file: vacuum.pdb
Checking Unit.
WARNING: The unperturbed charge of the unit: 0.998999 is not zero.

 -- ignoring the warning.

Building topology.
Building atom parameters.
Building bond parameters.
Building angle parameters.
Building proper torsion parameters.
Building improper torsion parameters.
 total 0 improper torsions applied
Building H-Bond parameters.
Incorporating Non-Bonded adjustments.
Not Marking per-residue atom chain types.
Marking per-residue atom chain types.
  (Residues lacking connect0/connect1 - 
   these don't have chain types marked:

	res	total affected

	non	1
  )
 (no restraints)
Checking Unit.
WARNING: The unperturbed charge of the unit: 0.998999 is not zero.

 -- ignoring the warning.

Building topology.
Building atom parameters.
Building bond parameters.
Building angle parameters.
Building proper torsion parameters.
Building improper torsion parameters.
 total 42 improper torsions applied
Building H-Bond parameters.
Incorporating Non-Bonded adjustments.
Not Marking per-residue atom chain types.
Marking per-residue atom chain types.
  (Residues lacking connect0/connect1 - 
   these don't have chain types marked:

	res	total affected

	LIG	1
	non	1
  )
 (no restraints)
Writing pdb file: solvent.pdb
Writing pdb file: complex.pdb
	Quit
