            --------------------------------------------------------
                             AMBER SQM VERSION 14
 
                                     By
              Ross C. Walker, Michael F. Crowley, Scott Brozell,
                         Tim Giese, Andreas W. Goetz,
                        Tai-Sung Lee and David A. Case
 
            --------------------------------------------------------
 

--------------------------------------------------------------------------------
  QM CALCULATION INFO
--------------------------------------------------------------------------------

| QMMM: Citation for AMBER QMMM Run:
| QMMM: R.C. Walker, M.F. Crowley and D.A. Case, J. COMP. CHEM. 29:1019, 2008

QMMM: SINGLET STATE CALCULATION
QMMM: RHF CALCULATION, NO. OF DOUBLY OCCUPIED LEVELS = 27

| QMMM: *** Selected Hamiltonian *** 
| QMMM: AM1         

| QMMM: *** Parameter sets in use ***
| QMMM: C : M.J.S.DEWAR et al. JACS, 107, 3902, (1985)
| QMMM: N : M.J.S.DEWAR et al. JACS, 107, 3902, (1985)
| QMMM: H : M.J.S.DEWAR et al. JACS, 107, 3902, (1985)

| QMMM: *** SCF convergence criteria ***
| QMMM: Energy change                :  0.1D-09 kcal/mol
| QMMM: Error matrix |FP-PF|         :  0.1D+00 au
| QMMM: Density matrix change        :  0.1D-09
| QMMM: Maximum number of SCF cycles :     1000

| QMMM: *** Diagonalization Routine Information ***
| QMMM: Pseudo diagonalizations are allowed.
| QMMM: Auto diagonalization routine selection is disabled.
| QMMM: Using internal diagonalization routine (diag_routine=1).

  QMMM: QM Region Cartesian Coordinates (*=link atom) 
  QMMM: QM_NO.   MM_NO.  ATOM         X         Y         Z
  QMMM:     1        1      C       16.9600   20.1220    7.2380
  QMMM:     2        2      C       18.5040   20.2450    7.0610
  QMMM:     3        3      C       19.3230   18.9190    7.0070
  QMMM:     4        4      C       16.1160   19.3800    6.1600
  QMMM:     5        5      C       16.5870   19.5350    4.6820
  QMMM:     6        6      C       17.3470   18.3230    4.0760
  QMMM:     7        7      C       18.3440   17.5380    4.9740
  QMMM:     8        8      C       19.5410   18.3290    5.5760
  QMMM:     9        9      N       20.6540   19.1420    7.6150
  QMMM:    10       10      H       16.5710   21.1410    7.3140
  QMMM:    11       11      H       16.7590   19.6450    8.2020
  QMMM:    12       12      H       18.7380   20.8640    6.1920
  QMMM:    13       13      H       18.8420   20.8200    7.9280
  QMMM:    14       14      H       18.8370   18.1720    7.6380
  QMMM:    15       15      H       16.0400   18.3250    6.4270
  QMMM:    16       16      H       15.0940   19.7680    6.2290
  QMMM:    17       17      H       17.1960   20.4320    4.5670
  QMMM:    18       18      H       15.7010   19.7010    4.0600
  QMMM:    19       19      H       16.6020   17.6040    3.7280
  QMMM:    20       20      H       17.8780   18.6720    3.1870
  QMMM:    21       21      H       17.8050   17.0170    5.7680
  QMMM:    22       22      H       18.7590   16.7500    4.3360
  QMMM:    23       23      H       20.3640   17.6120    5.6500
  QMMM:    24       24      H       19.8780   19.1060    4.8830
  QMMM:    25       25      H       21.1760   19.8370    7.0780
  QMMM:    26       26      H       20.5440   19.4700    8.5770
  QMMM:    27       27      H       21.1800   18.2650    7.6260

--------------------------------------------------------------------------------
  RESULTS
--------------------------------------------------------------------------------

      iter         sqm energy              rms gradient
      ----    -------------------    -----------------------
xmin    10      110.6257 kcal/mol        0.0912 kcal/(mol*A)
  ... geometry converged !
 
 Final MO eigenvalues (eV):
 -44.7690  -41.1794  -37.9448  -36.3653  -31.1476  -30.6021  -27.1542  -25.3881
 -24.3101  -23.6367  -22.9267  -21.9741  -20.0922  -19.3932  -18.9829  -18.4512
 -18.1468  -17.5416  -16.8452  -16.6111  -16.4873  -15.8814  -15.4543  -15.3787
 -14.6079  -14.3690  -14.1774   -4.0067   -2.0265   -1.8650   -1.8497   -1.1017
  -0.8676   -0.8182   -0.1349   -0.0398    0.1688    0.2676    0.4042    0.4787
   0.7332    0.8006    0.8678    1.0758    1.1480    1.2847    1.4424    1.5088
   1.6326    1.8207    1.9898    2.1551    2.1879    2.2462

 Heat of formation   =        110.62204871 kcal/mol  (        4.79693199 eV)

 Total SCF energy    =     -33994.75717093 kcal/mol  (    -1474.12328914 eV)
 Electronic energy   =    -196356.51638374 kcal/mol  (    -8514.65749030 eV)
 Core-core repulsion =     162361.75921281 kcal/mol  (     7040.53420115 eV)
 
    Atomic Charges for Step       1 :
  Atom    Element       Mulliken Charge
     1      C                 -0.160
     2      C                 -0.181
     3      C                 -0.064
     4      C                 -0.165
     5      C                 -0.163
     6      C                 -0.165
     7      C                 -0.156
     8      C                 -0.178
     9      N                 -0.077
    10      H                  0.117
    11      H                  0.090
    12      H                  0.122
    13      H                  0.090
    14      H                  0.152
    15      H                  0.078
    16      H                  0.110
    17      H                  0.075
    18      H                  0.107
    19      H                  0.106
    20      H                  0.097
    21      H                  0.087
    22      H                  0.109
    23      H                  0.088
    24      H                  0.126
    25      H                  0.249
    26      H                  0.253
    27      H                  0.253
 Total Mulliken Charge =       1.000
 
                  X        Y        Z     TOTAL  
  QM DIPOLE    95.804   91.261   35.122  136.896
 
 Final Structure

  QMMM: QM Region Cartesian Coordinates (*=link atom) 
  QMMM: QM_NO.   MM_NO.  ATOM         X         Y         Z
  QMMM:     1        1      C       17.0264   20.2313    7.1742
  QMMM:     2        2      C       18.5285   20.3296    6.9920
  QMMM:     3        3      C       19.2049   18.9551    6.9185
  QMMM:     4        4      C       16.2971   19.3025    6.2271
  QMMM:     5        5      C       16.6807   19.4747    4.7718
  QMMM:     6        6      C       17.3099   18.2474    4.1484
  QMMM:     7        7      C       18.4023   17.5722    4.9504
  QMMM:     8        8      C       19.4763   18.5082    5.4723
  QMMM:     9        9      N       20.4975   18.9665    7.7102
  QMMM:    10       10      H       16.6130   21.2710    7.0538
  QMMM:    11       11      H       16.8044   19.9086    8.2273
  QMMM:    12       12      H       18.7641   20.9132    6.0619
  QMMM:    13       13      H       18.9277   20.9328    7.8546
  QMMM:    14       14      H       18.5501   18.1902    7.4399
  QMMM:    15       15      H       16.4532   18.2387    6.5484
  QMMM:    16       16      H       15.1960   19.5018    6.3436
  QMMM:    17       17      H       17.3708   20.3509    4.6500
  QMMM:    18       18      H       15.7586   19.7230    4.1774
  QMMM:    19       19      H       16.5077   17.4820    3.9607
  QMMM:    20       20      H       17.7236   18.5404    3.1451
  QMMM:    21       21      H       17.9512   16.9861    5.7946
  QMMM:    22       22      H       18.8992   16.8195    4.2762
  QMMM:    23       23      H       20.4623   17.9703    5.4063
  QMMM:    24       24      H       19.5518   19.4068    4.8038
  QMMM:    25       25      H       21.1498   19.6412    7.3014
  QMMM:    26       26      H       20.3080   19.2333    8.6801
  QMMM:    27       27      H       20.9250   18.0366    7.6890

           --------- Calculation Completed ----------

