-I: Adding /Users/grinawap/anaconda/bin/../dat/leap/prep to search path.
-I: Adding /Users/grinawap/anaconda/bin/../dat/leap/lib to search path.
-I: Adding /Users/grinawap/anaconda/bin/../dat/leap/parm to search path.
-I: Adding /Users/grinawap/anaconda/bin/../dat/leap/cmd to search path.
-f: Source setup.leap.in.

Welcome to LEaP!
(no leaprc in search path)
Sourcing: ./setup.leap.in
----- Source: /Users/grinawap/anaconda/bin/../dat/leap/cmd/oldff/leaprc.ff99sbildn
----- Source of /Users/grinawap/anaconda/bin/../dat/leap/cmd/oldff/leaprc.ff99sbildn done
Log file: ./leap.log
Loading parameters: /Users/grinawap/anaconda/bin/../dat/leap/parm/parm99.dat
Reading title:
PARM99 for DNA,RNA,AA, organic molecules, TIP3P wat. Polariz.& LP incl.02/04/99
Loading parameters: /Users/grinawap/anaconda/bin/../dat/leap/parm/frcmod.ff99SBildn
Reading force field modification type file (frcmod)
Reading title:
Modification/update of parm99.dat (Hornak & Simmerling) + ILDN corrections
Loading library: /Users/grinawap/anaconda/bin/../dat/leap/lib/all_nucleic94.lib
Loading library: /Users/grinawap/anaconda/bin/../dat/leap/lib/all_amino94ildn.lib
Loading library: /Users/grinawap/anaconda/bin/../dat/leap/lib/all_aminoct94ildn.lib
Loading library: /Users/grinawap/anaconda/bin/../dat/leap/lib/all_aminont94ildn.lib
Loading library: /Users/grinawap/anaconda/bin/../dat/leap/lib/ions94.lib
Loading library: /Users/grinawap/anaconda/bin/../dat/leap/lib/solvents.lib
----- Source: /Users/grinawap/anaconda/bin/../dat/leap/cmd/leaprc.gaff
----- Source of /Users/grinawap/anaconda/bin/../dat/leap/cmd/leaprc.gaff done
Log file: ./leap.log
Loading parameters: /Users/grinawap/anaconda/bin/../dat/leap/parm/gaff.dat
Reading title:
AMBER General Force Field for organic molecules (Version 1.7, Nov 2013)
Using H(N)-modified Bondi radii
Loading parameters: ./receptor.gaff.frcmod
Reading force field modification type file (frcmod)
Reading title:
remark goes here
Loading parameters: ./receptor.gaff.frcmod
Reading force field modification type file (frcmod)
Reading title:
remark goes here
Loading Mol2 file: ./receptor.gaff.mol2
Reading MOLECULE named *****
Loading parameters: ./ligand.gaff.frcmod
Reading force field modification type file (frcmod)
Reading title:
remark goes here
Loading parameters: ./ligand.gaff.frcmod
Reading force field modification type file (frcmod)
Reading title:
remark goes here
Loading Mol2 file: ./ligand.gaff.mol2
Reading MOLECULE named 31
 (using default radius 1.500000 for H20)
 (using default radius 1.500000 for H19)
 (using default radius 1.500000 for H18)
 (using default radius 1.500000 for H17)
 (using default radius 1.500000 for H16)
 (using default radius 1.500000 for H15)
 (using default radius 1.500000 for H14)
 (using default radius 1.500000 for H13)
 (using default radius 1.500000 for H12)
 (using default radius 1.500000 for H11)
 (using default radius 1.500000 for H10)
 (using default radius 1.500000 for H9)
 (using default radius 1.500000 for H8)
 (using default radius 1.500000 for H7)
 (using default radius 1.500000 for H6)
 (using default radius 1.500000 for H5)
 (using default radius 1.500000 for H4)
 (using default radius 1.500000 for H3)
 (using default radius 1.500000 for H2)
 (using default radius 1.500000 for H1)
 (using default radius 1.500000 for N1)
 (using default radius 1.500000 for C10)
 (using default radius 1.500000 for C9)
 (using default radius 1.500000 for C8)
 (using default radius 1.500000 for C7)
 (using default radius 1.500000 for C6)
 (using default radius 1.500000 for C5)
 (using default radius 1.500000 for C4)
 (using default radius 1.500000 for C3)
 (using default radius 1.500000 for C2)
 (using default radius 1.500000 for C1)
  Solute vdw bounding box:              51.476 9.542 16.016
  Total bounding box for atom centers:  71.476 71.476 71.476
      (box expansion for 'iso' is 380.2%)
  Solvent unit box:                     18.774 18.774 18.774
 (using default radius 1.500000 for H20)
 (using default radius 1.500000 for H19)
 (using default radius 1.500000 for H18)
 (using default radius 1.500000 for H17)
 (using default radius 1.500000 for H16)
 (using default radius 1.500000 for H15)
 (using default radius 1.500000 for H14)
 (using default radius 1.500000 for H13)
 (using default radius 1.500000 for H12)
 (using default radius 1.500000 for H11)
 (using default radius 1.500000 for H10)
 (using default radius 1.500000 for H9)
 (using default radius 1.500000 for H8)
 (using default radius 1.500000 for H7)
 (using default radius 1.500000 for H6)
 (using default radius 1.500000 for H5)
 (using default radius 1.500000 for H4)
 (using default radius 1.500000 for H3)
 (using default radius 1.500000 for H2)
 (using default radius 1.500000 for H1)
 (using default radius 1.500000 for N1)
 (using default radius 1.500000 for C10)
 (using default radius 1.500000 for C9)
 (using default radius 1.500000 for C8)
 (using default radius 1.500000 for C7)
 (using default radius 1.500000 for C6)
 (using default radius 1.500000 for C5)
 (using default radius 1.500000 for C4)
 (using default radius 1.500000 for C3)
 (using default radius 1.500000 for C2)
 (using default radius 1.500000 for C1)
  Volume: 411792.110 A^3 
  Total mass 204851.932 amu,  Density 0.826 g/cc
  Added 11306 residues.
1 Cl- ion required to neutralize.
Adding 1 counter ions to "complex" using 1A grid
Grid extends from solute vdw + 2.47  to  8.38
Resolution:      1.00 Angstrom.
grid build: 1 sec
Calculating grid charges
charges: 214 sec
Placed Cl- in complex at (32.06, -36.76, -21.98).

Done adding ions.
Checking 'complex'....
Warning: Close contact of 1.021869 angstroms between .R<non 2>.A<H20 31> and .R<non 2>.A<N1 11>
Warning: Close contact of 1.022838 angstroms between .R<non 2>.A<H19 30> and .R<non 2>.A<N1 11>
Warning: Close contact of 1.022705 angstroms between .R<non 2>.A<H18 29> and .R<non 2>.A<N1 11>
Warning: Close contact of 1.091867 angstroms between .R<non 2>.A<H17 28> and .R<non 2>.A<C10 10>
Warning: Close contact of 1.091583 angstroms between .R<non 2>.A<H16 27> and .R<non 2>.A<C10 10>
Warning: Close contact of 1.091664 angstroms between .R<non 2>.A<H15 26> and .R<non 2>.A<C10 10>
Warning: Close contact of 1.092102 angstroms between .R<non 2>.A<H14 25> and .R<non 2>.A<C9 9>
Warning: Close contact of 1.086014 angstroms between .R<non 2>.A<H13 24> and .R<non 2>.A<C9 9>
Warning: Close contact of 1.092868 angstroms between .R<non 2>.A<H12 23> and .R<non 2>.A<C9 9>
Warning: Close contact of 1.086498 angstroms between .R<non 2>.A<H11 22> and .R<non 2>.A<C8 8>
Warning: Close contact of 1.092057 angstroms between .R<non 2>.A<H10 21> and .R<non 2>.A<C8 8>
Warning: Close contact of 1.093205 angstroms between .R<non 2>.A<H9 20> and .R<non 2>.A<C8 8>
Warning: Close contact of 1.094161 angstroms between .R<non 2>.A<H8 19> and .R<non 2>.A<C6 6>
Warning: Close contact of 1.093847 angstroms between .R<non 2>.A<H7 18> and .R<non 2>.A<C5 5>
Warning: Close contact of 1.092993 angstroms between .R<non 2>.A<H6 17> and .R<non 2>.A<C5 5>
Warning: Close contact of 1.094653 angstroms between .R<non 2>.A<H5 16> and .R<non 2>.A<C4 4>
Warning: Close contact of 1.095042 angstroms between .R<non 2>.A<H4 15> and .R<non 2>.A<C4 4>
Warning: Close contact of 1.091766 angstroms between .R<non 2>.A<H3 14> and .R<non 2>.A<C1 1>
Warning: Close contact of 1.093633 angstroms between .R<non 2>.A<H2 13> and .R<non 2>.A<C1 1>
Warning: Close contact of 1.092652 angstroms between .R<non 2>.A<H1 12> and .R<non 2>.A<C3 3>
Warning: Close contact of 1.476043 angstroms between .R<non 2>.A<N1 11> and .R<non 2>.A<C3 3>
Checking parameters for unit 'complex'.
Checking for bond parameters.
Checking for angle parameters.
check:  Warnings: 21
Unit is OK.
Total unperturbed charge:   0.001000
Total perturbed charge:     0.001000
Checking Unit.
WARNING: The unperturbed charge of the unit: 1.001000 is not zero.

 -- ignoring the warning.

Building topology.
Building atom parameters.
Building bond parameters.
Building angle parameters.
Building proper torsion parameters.
Building improper torsion parameters.
 total 0 improper torsions applied
Building H-Bond parameters.
Incorporating Non-Bonded adjustments.
Not Marking per-residue atom chain types.
Marking per-residue atom chain types.
  (Residues lacking connect0/connect1 - 
   these don't have chain types marked:

	res	total affected

	non	1
  )
 (no restraints)
Writing pdb file: vacuum.pdb
 (using default radius 1.500000 for C1)
 (using default radius 1.500000 for C2)
 (using default radius 1.500000 for C3)
 (using default radius 1.500000 for C4)
 (using default radius 1.500000 for C5)
 (using default radius 1.500000 for C6)
 (using default radius 1.500000 for C7)
 (using default radius 1.500000 for C8)
 (using default radius 1.500000 for C9)
 (using default radius 1.500000 for C10)
 (using default radius 1.500000 for N1)
 (using default radius 1.500000 for H1)
 (using default radius 1.500000 for H2)
 (using default radius 1.500000 for H3)
 (using default radius 1.500000 for H4)
 (using default radius 1.500000 for H5)
 (using default radius 1.500000 for H6)
 (using default radius 1.500000 for H7)
 (using default radius 1.500000 for H8)
 (using default radius 1.500000 for H9)
 (using default radius 1.500000 for H10)
 (using default radius 1.500000 for H11)
 (using default radius 1.500000 for H12)
 (using default radius 1.500000 for H13)
 (using default radius 1.500000 for H14)
 (using default radius 1.500000 for H15)
 (using default radius 1.500000 for H16)
 (using default radius 1.500000 for H17)
 (using default radius 1.500000 for H18)
 (using default radius 1.500000 for H19)
 (using default radius 1.500000 for H20)
  Solute vdw bounding box:              9.496 8.206 7.852
  Total bounding box for atom centers:  29.496 29.496 29.496
      (box expansion for 'iso' is  10.7%)
  Solvent unit box:                     18.774 18.774 18.774
 (using default radius 1.500000 for C1)
 (using default radius 1.500000 for C2)
 (using default radius 1.500000 for C3)
 (using default radius 1.500000 for C4)
 (using default radius 1.500000 for C5)
 (using default radius 1.500000 for C6)
 (using default radius 1.500000 for C7)
 (using default radius 1.500000 for C8)
 (using default radius 1.500000 for C9)
 (using default radius 1.500000 for C10)
 (using default radius 1.500000 for N1)
 (using default radius 1.500000 for H1)
 (using default radius 1.500000 for H2)
 (using default radius 1.500000 for H3)
 (using default radius 1.500000 for H4)
 (using default radius 1.500000 for H5)
 (using default radius 1.500000 for H6)
 (using default radius 1.500000 for H7)
 (using default radius 1.500000 for H8)
 (using default radius 1.500000 for H9)
 (using default radius 1.500000 for H10)
 (using default radius 1.500000 for H11)
 (using default radius 1.500000 for H12)
 (using default radius 1.500000 for H13)
 (using default radius 1.500000 for H14)
 (using default radius 1.500000 for H15)
 (using default radius 1.500000 for H16)
 (using default radius 1.500000 for H17)
 (using default radius 1.500000 for H18)
 (using default radius 1.500000 for H19)
 (using default radius 1.500000 for H20)
  Volume: 33191.146 A^3 
  Total mass 13061.600 amu,  Density 0.653 g/cc
  Added 725 residues.
1 Cl- ion required to neutralize.
Adding 1 counter ions to "ligand" using 1A grid
Grid extends from solute vdw + 2.47  to  8.24
Resolution:      1.00 Angstrom.
grid build: 0 sec
Calculating grid charges
charges: 1 sec
Placed Cl- in ligand at (17.18, 2.34, -1.87).

Done adding ions.
Checking Unit.
Building topology.
Building atom parameters.
Building bond parameters.
Building angle parameters.
Building proper torsion parameters.
Building improper torsion parameters.
 total 0 improper torsions applied
Building H-Bond parameters.
Incorporating Non-Bonded adjustments.
Not Marking per-residue atom chain types.
Marking per-residue atom chain types.
  (Residues lacking connect0/connect1 - 
   these don't have chain types marked:

	res	total affected

	WAT	725
	non	1
  )
 (no restraints)
Checking Unit.
Building topology.
Building atom parameters.
Building bond parameters.
Building angle parameters.
Building proper torsion parameters.
Building improper torsion parameters.
 total 42 improper torsions applied
Building H-Bond parameters.
Incorporating Non-Bonded adjustments.
Not Marking per-residue atom chain types.
Marking per-residue atom chain types.
  (Residues lacking connect0/connect1 - 
   these don't have chain types marked:

	res	total affected

	LIG	1
	WAT	11306
	non	1
  )
 (no restraints)
Writing pdb file: solvent.pdb
Writing pdb file: complex.pdb
	Quit
