            --------------------------------------------------------
                             AMBER SQM VERSION 14
 
                                     By
              Ross C. Walker, Michael F. Crowley, Scott Brozell,
                         Tim Giese, Andreas W. Goetz,
                        Tai-Sung Lee and David A. Case
 
            --------------------------------------------------------
 

--------------------------------------------------------------------------------
  QM CALCULATION INFO
--------------------------------------------------------------------------------

| QMMM: Citation for AMBER QMMM Run:
| QMMM: R.C. Walker, M.F. Crowley and D.A. Case, J. COMP. CHEM. 29:1019, 2008

QMMM: SINGLET STATE CALCULATION
QMMM: RHF CALCULATION, NO. OF DOUBLY OCCUPIED LEVELS = 32

| QMMM: *** Selected Hamiltonian *** 
| QMMM: AM1         

| QMMM: *** Parameter sets in use ***
| QMMM: C : M.J.S.DEWAR et al. JACS, 107, 3902, (1985)
| QMMM: N : M.J.S.DEWAR et al. JACS, 107, 3902, (1985)
| QMMM: H : M.J.S.DEWAR et al. JACS, 107, 3902, (1985)

| QMMM: *** SCF convergence criteria ***
| QMMM: Energy change                :  0.1D-09 kcal/mol
| QMMM: Error matrix |FP-PF|         :  0.1D+00 au
| QMMM: Density matrix change        :  0.1D-09
| QMMM: Maximum number of SCF cycles :     1000

| QMMM: *** Diagonalization Routine Information ***
| QMMM: Pseudo diagonalizations are allowed.
| QMMM: Auto diagonalization routine selection is disabled.
| QMMM: Using internal diagonalization routine (diag_routine=1).

  QMMM: QM Region Cartesian Coordinates (*=link atom) 
  QMMM: QM_NO.   MM_NO.  ATOM         X         Y         Z
  QMMM:     1        1      C      -15.8190  -14.9890   21.9430
  QMMM:     2        2      C      -16.1660  -16.0910   23.0080
  QMMM:     3        3      C      -15.2650  -15.8510   24.2790
  QMMM:     4        4      C      -15.8970  -14.5670   24.8870
  QMMM:     5        5      C      -16.4210  -13.7090   22.5790
  QMMM:     6        6      C      -17.0580  -14.2740   23.8860
  QMMM:     7        7      C      -17.6090  -15.6790   23.4870
  QMMM:     8        8      C      -18.7470  -15.6600   22.3930
  QMMM:     9        9      C      -18.2330  -16.5110   24.6730
  QMMM:    10       10      C      -16.0420  -17.5350   22.4460
  QMMM:    11       11      N      -13.8170  -15.7150   24.0270
  QMMM:    12       12      H      -15.3650  -16.6840   24.9790
  QMMM:    13       13      H      -16.2770  -15.2020   20.9730
  QMMM:    14       14      H      -14.7460  -14.8890   21.7680
  QMMM:    15       15      H      -16.2830  -14.7460   25.8960
  QMMM:    16       16      H      -15.1860  -13.7370   24.9490
  QMMM:    17       17      H      -17.1740  -13.2490   21.9340
  QMMM:    18       18      H      -15.6510  -12.9580   22.7780
  QMMM:    19       19      H      -17.8160  -13.6060   24.3060
  QMMM:    20       20      H      -19.0060  -16.6800   22.0970
  QMMM:    21       21      H      -19.6460  -15.1880   22.7950
  QMMM:    22       22      H      -18.4940  -15.1230   21.4830
  QMMM:    23       23      H      -19.1480  -16.0310   25.0290
  QMMM:    24       24      H      -17.5840  -16.6270   25.5360
  QMMM:    25       25      H      -18.4920  -17.5170   24.3360
  QMMM:    26       26      H      -15.0130  -17.7300   22.1380
  QMMM:    27       27      H      -16.6940  -17.6700   21.5810
  QMMM:    28       28      H      -16.3200  -18.2680   23.2060
  QMMM:    29       29      H      -13.4690  -16.5540   23.5570
  QMMM:    30       30      H      -13.6380  -14.8960   23.4410
  QMMM:    31       31      H      -13.3280  -15.6010   24.9170

--------------------------------------------------------------------------------
  RESULTS
--------------------------------------------------------------------------------

      iter         sqm energy              rms gradient
      ----    -------------------    -----------------------
xmin    10      127.9897 kcal/mol        0.0926 kcal/(mol*A)
  ... geometry converged !
 
 Final MO eigenvalues (eV):
 -46.6314  -42.3396  -36.7717  -36.3698  -35.1638  -30.4756  -30.3081  -28.1800
 -27.5029  -24.3356  -24.1483  -23.5816  -22.2202  -21.4347  -20.1543  -19.8805
 -18.8547  -18.1999  -17.7699  -17.6080  -16.9848  -16.9042  -16.7899  -16.3899
 -16.1103  -15.7898  -15.6512  -15.5019  -15.0665  -14.9748  -14.8035  -14.4075
  -3.8308   -1.8389   -1.8054   -1.7009   -1.0080   -0.8445   -0.8075   -0.3710
  -0.1825    0.0265    0.1529    0.2985    0.3455    0.5614    0.6834    0.7024
   0.8379    0.8676    0.9902    1.0178    1.1662    1.2587    1.3992    1.4390
   1.5095    1.5244    1.6141    1.7085    1.8101    1.8441    2.0205    2.1855


 Heat of formation   =        127.98792060 kcal/mol  (        5.54997271 eV)

 Total SCF energy    =     -40521.26735600 kcal/mol  (    -1757.13400789 eV)
 Electronic energy   =    -266647.76851790 kcal/mol  (   -11562.71490906 eV)
 Core-core repulsion =     226126.50116190 kcal/mol  (     9805.58090117 eV)
 
    Atomic Charges for Step       1 :
  Atom    Element       Mulliken Charge
     1      C                 -0.172
     2      C                 -0.069
     3      C                 -0.098
     4      C                 -0.175
     5      C                 -0.170
     6      C                 -0.102
     7      C                 -0.036
     8      C                 -0.209
     9      C                 -0.217
    10      C                 -0.217
    11      N                 -0.059
    12      H                  0.151
    13      H                  0.127
    14      H                  0.061
    15      H                  0.128
    16      H                  0.102
    17      H                  0.122
    18      H                  0.090
    19      H                  0.146
    20      H                  0.093
    21      H                  0.101
    22      H                  0.088
    23      H                  0.108
    24      H                  0.067
    25      H                  0.093
    26      H                  0.069
    27      H                  0.124
    28      H                  0.097
    29      H                  0.255
    30      H                  0.252
    31      H                  0.251
 Total Mulliken Charge =       1.000
 
                  X        Y        Z     TOTAL  
  QM DIPOLE   -70.245  -75.512  114.830  154.345
 
 Final Structure

  QMMM: QM Region Cartesian Coordinates (*=link atom) 
  QMMM: QM_NO.   MM_NO.  ATOM         X         Y         Z
  QMMM:     1        1      C      -15.8495  -14.9933   21.9677
  QMMM:     2        2      C      -16.1764  -16.1125   22.9819
  QMMM:     3        3      C      -15.3389  -15.8553   24.2812
  QMMM:     4        4      C      -15.9368  -14.5425   24.8586
  QMMM:     5        5      C      -16.4592  -13.7276   22.5926
  QMMM:     6        6      C      -17.1007  -14.2357   23.8977
  QMMM:     7        7      C      -17.5973  -15.6616   23.4962
  QMMM:     8        8      C      -18.6575  -15.6514   22.4149
  QMMM:     9        9      C      -18.1325  -16.4820   24.6504
  QMMM:    10       10      C      -16.0528  -17.5018   22.4475
  QMMM:    11       11      N      -13.8654  -15.7836   24.0401
  QMMM:    12       12      H      -15.4919  -16.7159   24.9965
  QMMM:    13       13      H      -16.3286  -15.2305   20.9839
  QMMM:    14       14      H      -14.7592  -14.8823   21.7646
  QMMM:    15       15      H      -16.3026  -14.7150   25.9007
  QMMM:    16       16      H      -15.2053  -13.6983   24.8877
  QMMM:    17       17      H      -17.2303  -13.2758   21.9219
  QMMM:    18       18      H      -15.6855  -12.9477   22.7900
  QMMM:    19       19      H      -17.8742  -13.5680   24.3257
  QMMM:    20       20      H      -18.9013  -16.7002   22.1140
  QMMM:    21       21      H      -19.5868  -15.1719   22.8118
  QMMM:    22       22      H      -18.3446  -15.0904   21.5039
  QMMM:    23       23      H      -19.1524  -16.1153   24.9289
  QMMM:    24       24      H      -17.4961  -16.4264   25.5639
  QMMM:    25       25      H      -18.2179  -17.5540   24.3444
  QMMM:    26       26      H      -15.0287  -17.6869   22.0399
  QMMM:    27       27      H      -16.7883  -17.6531   21.6166
  QMMM:    28       28      H      -16.2692  -18.2584   23.2418
  QMMM:    29       29      H      -13.5727  -16.5975   23.4900
  QMMM:    30       30      H      -13.6364  -14.9298   23.5194
  QMMM:    31       31      H      -13.3651  -15.7724   24.9325

           --------- Calculation Completed ----------

