-I: Adding /Users/grinawap/anaconda/bin/../dat/leap/prep to search path.
-I: Adding /Users/grinawap/anaconda/bin/../dat/leap/lib to search path.
-I: Adding /Users/grinawap/anaconda/bin/../dat/leap/parm to search path.
-I: Adding /Users/grinawap/anaconda/bin/../dat/leap/cmd to search path.
-f: Source setup.leap.in.

Welcome to LEaP!
(no leaprc in search path)
Sourcing: ./setup.leap.in
----- Source: /Users/grinawap/anaconda/bin/../dat/leap/cmd/oldff/leaprc.ff99sbildn
----- Source of /Users/grinawap/anaconda/bin/../dat/leap/cmd/oldff/leaprc.ff99sbildn done
Log file: ./leap.log
Loading parameters: /Users/grinawap/anaconda/bin/../dat/leap/parm/parm99.dat
Reading title:
PARM99 for DNA,RNA,AA, organic molecules, TIP3P wat. Polariz.& LP incl.02/04/99
Loading parameters: /Users/grinawap/anaconda/bin/../dat/leap/parm/frcmod.ff99SBildn
Reading force field modification type file (frcmod)
Reading title:
Modification/update of parm99.dat (Hornak & Simmerling) + ILDN corrections
Loading library: /Users/grinawap/anaconda/bin/../dat/leap/lib/all_nucleic94.lib
Loading library: /Users/grinawap/anaconda/bin/../dat/leap/lib/all_amino94ildn.lib
Loading library: /Users/grinawap/anaconda/bin/../dat/leap/lib/all_aminoct94ildn.lib
Loading library: /Users/grinawap/anaconda/bin/../dat/leap/lib/all_aminont94ildn.lib
Loading library: /Users/grinawap/anaconda/bin/../dat/leap/lib/ions94.lib
Loading library: /Users/grinawap/anaconda/bin/../dat/leap/lib/solvents.lib
----- Source: /Users/grinawap/anaconda/bin/../dat/leap/cmd/leaprc.gaff
----- Source of /Users/grinawap/anaconda/bin/../dat/leap/cmd/leaprc.gaff done
Log file: ./leap.log
Loading parameters: /Users/grinawap/anaconda/bin/../dat/leap/parm/gaff.dat
Reading title:
AMBER General Force Field for organic molecules (Version 1.7, Nov 2013)
Using H(N)-modified Bondi radii
Loading parameters: ./receptor.gaff.frcmod
Reading force field modification type file (frcmod)
Reading title:
remark goes here
Loading parameters: ./receptor.gaff.frcmod
Reading force field modification type file (frcmod)
Reading title:
remark goes here
Loading Mol2 file: ./receptor.gaff.mol2
Reading MOLECULE named *****
Loading parameters: ./ligand.gaff.frcmod
Reading force field modification type file (frcmod)
Reading title:
remark goes here
Loading parameters: ./ligand.gaff.frcmod
Reading force field modification type file (frcmod)
Reading title:
remark goes here
Loading Mol2 file: ./ligand.gaff.mol2
Reading MOLECULE named 24
 (using default radius 1.500000 for H14)
 (using default radius 1.500000 for H13)
 (using default radius 1.500000 for H12)
 (using default radius 1.500000 for H11)
 (using default radius 1.500000 for H10)
 (using default radius 1.500000 for H9)
 (using default radius 1.500000 for H8)
 (using default radius 1.500000 for H7)
 (using default radius 1.500000 for H6)
 (using default radius 1.500000 for H5)
 (using default radius 1.500000 for H4)
 (using default radius 1.500000 for H3)
 (using default radius 1.500000 for H2)
 (using default radius 1.500000 for H1)
 (using default radius 1.500000 for N2)
 (using default radius 1.500000 for N1)
 (using default radius 1.500000 for C8)
 (using default radius 1.500000 for C7)
 (using default radius 1.500000 for C6)
 (using default radius 1.500000 for C5)
 (using default radius 1.500000 for C4)
 (using default radius 1.500000 for C3)
 (using default radius 1.500000 for C2)
 (using default radius 1.500000 for C1)
  Solute vdw bounding box:              13.042 16.431 39.961
  Total bounding box for atom centers:  59.961 59.961 59.961
      (box expansion for 'iso' is 198.7%)
  Solvent unit box:                     18.774 18.774 18.774
 (using default radius 1.500000 for H14)
 (using default radius 1.500000 for H13)
 (using default radius 1.500000 for H12)
 (using default radius 1.500000 for H11)
 (using default radius 1.500000 for H10)
 (using default radius 1.500000 for H9)
 (using default radius 1.500000 for H8)
 (using default radius 1.500000 for H7)
 (using default radius 1.500000 for H6)
 (using default radius 1.500000 for H5)
 (using default radius 1.500000 for H4)
 (using default radius 1.500000 for H3)
 (using default radius 1.500000 for H2)
 (using default radius 1.500000 for H1)
 (using default radius 1.500000 for N2)
 (using default radius 1.500000 for N1)
 (using default radius 1.500000 for C8)
 (using default radius 1.500000 for C7)
 (using default radius 1.500000 for C6)
 (using default radius 1.500000 for C5)
 (using default radius 1.500000 for C4)
 (using default radius 1.500000 for C3)
 (using default radius 1.500000 for C2)
 (using default radius 1.500000 for C1)
  Volume: 249077.659 A^3 
  Total mass 120266.812 amu,  Density 0.802 g/cc
  Added 6611 residues.
1 Cl- ion required to neutralize.
Adding 1 counter ions to "complex" using 1A grid
Grid extends from solute vdw + 2.47  to  8.38
Resolution:      1.00 Angstrom.
grid build: 0 sec
Calculating grid charges
charges: 84 sec
Placed Cl- in complex at (9.72, 7.76, -31.28).

Done adding ions.
Checking 'complex'....
WARNING: The unperturbed charge of the unit: 0.999004 is not zero.
Warning: Close contact of 1.023216 angstroms between .R<non 2>.A<H14 24> and .R<non 2>.A<N2 10>
Warning: Close contact of 1.023790 angstroms between .R<non 2>.A<H13 23> and .R<non 2>.A<N2 10>
Warning: Close contact of 1.022599 angstroms between .R<non 2>.A<H12 22> and .R<non 2>.A<N2 10>
Warning: Close contact of 1.023514 angstroms between .R<non 2>.A<H11 21> and .R<non 2>.A<N1 9>
Warning: Close contact of 1.023268 angstroms between .R<non 2>.A<H10 20> and .R<non 2>.A<N1 9>
Warning: Close contact of 1.023009 angstroms between .R<non 2>.A<H9 19> and .R<non 2>.A<N1 9>
Warning: Close contact of 1.093278 angstroms between .R<non 2>.A<H8 18> and .R<non 2>.A<C8 8>
Warning: Close contact of 1.092609 angstroms between .R<non 2>.A<H7 17> and .R<non 2>.A<C8 8>
Warning: Close contact of 1.092601 angstroms between .R<non 2>.A<H6 16> and .R<non 2>.A<C7 7>
Warning: Close contact of 1.091960 angstroms between .R<non 2>.A<H5 15> and .R<non 2>.A<C7 7>
Warning: Close contact of 1.023348 angstroms between .R<non 2>.A<H4 14> and .R<non 2>.A<C6 6>
Warning: Close contact of 1.023677 angstroms between .R<non 2>.A<H3 13> and .R<non 2>.A<C4 4>
Warning: Close contact of 1.023543 angstroms between .R<non 2>.A<H2 12> and .R<non 2>.A<C3 3>
Warning: Close contact of 1.023726 angstroms between .R<non 2>.A<H1 11> and .R<non 2>.A<C2 2>
Warning: Close contact of 1.464229 angstroms between .R<non 2>.A<N2 10> and .R<non 2>.A<C8 8>
Warning: Close contact of 1.465489 angstroms between .R<non 2>.A<N1 9> and .R<non 2>.A<C7 7>
Warning: Close contact of 1.483850 angstroms between .R<non 2>.A<C8 8> and .R<non 2>.A<C5 5>
Warning: Close contact of 1.483209 angstroms between .R<non 2>.A<C7 7> and .R<non 2>.A<C1 1>
Warning: Close contact of 1.414064 angstroms between .R<non 2>.A<C6 6> and .R<non 2>.A<C5 5>
Warning: Close contact of 1.414289 angstroms between .R<non 2>.A<C6 6> and .R<non 2>.A<C1 1>
Warning: Close contact of 1.413418 angstroms between .R<non 2>.A<C5 5> and .R<non 2>.A<C4 4>
Warning: Close contact of 1.405402 angstroms between .R<non 2>.A<C4 4> and .R<non 2>.A<C3 3>
Warning: Close contact of 1.406030 angstroms between .R<non 2>.A<C3 3> and .R<non 2>.A<C2 2>
Warning: Close contact of 1.413330 angstroms between .R<non 2>.A<C2 2> and .R<non 2>.A<C1 1>
Checking parameters for unit 'complex'.
Checking for bond parameters.
Checking for angle parameters.
check:  Warnings: 25
Unit is OK.
Total unperturbed charge:   0.999004
Total perturbed charge:     0.999004
Checking Unit.
WARNING: The unperturbed charge of the unit: 1.999004 is not zero.

 -- ignoring the warning.

Building topology.
Building atom parameters.
Building bond parameters.
Building angle parameters.
Building proper torsion parameters.
Building improper torsion parameters.
 total 0 improper torsions applied
Building H-Bond parameters.
Incorporating Non-Bonded adjustments.
Not Marking per-residue atom chain types.
Marking per-residue atom chain types.
  (Residues lacking connect0/connect1 - 
   these don't have chain types marked:

	res	total affected

	non	1
  )
 (no restraints)
Writing pdb file: vacuum.pdb
 (using default radius 1.500000 for C1)
 (using default radius 1.500000 for C2)
 (using default radius 1.500000 for C3)
 (using default radius 1.500000 for C4)
 (using default radius 1.500000 for C5)
 (using default radius 1.500000 for C6)
 (using default radius 1.500000 for C7)
 (using default radius 1.500000 for C8)
 (using default radius 1.500000 for N1)
 (using default radius 1.500000 for N2)
 (using default radius 1.500000 for H1)
 (using default radius 1.500000 for H2)
 (using default radius 1.500000 for H3)
 (using default radius 1.500000 for H4)
 (using default radius 1.500000 for H5)
 (using default radius 1.500000 for H6)
 (using default radius 1.500000 for H7)
 (using default radius 1.500000 for H8)
 (using default radius 1.500000 for H9)
 (using default radius 1.500000 for H10)
 (using default radius 1.500000 for H11)
 (using default radius 1.500000 for H12)
 (using default radius 1.500000 for H13)
 (using default radius 1.500000 for H14)
  Solute vdw bounding box:              10.601 5.733 8.007
  Total bounding box for atom centers:  30.601 30.601 30.601
      (box expansion for 'iso' is  29.9%)
  Solvent unit box:                     18.774 18.774 18.774
 (using default radius 1.500000 for C1)
 (using default radius 1.500000 for C2)
 (using default radius 1.500000 for C3)
 (using default radius 1.500000 for C4)
 (using default radius 1.500000 for C5)
 (using default radius 1.500000 for C6)
 (using default radius 1.500000 for C7)
 (using default radius 1.500000 for C8)
 (using default radius 1.500000 for N1)
 (using default radius 1.500000 for N2)
 (using default radius 1.500000 for H1)
 (using default radius 1.500000 for H2)
 (using default radius 1.500000 for H3)
 (using default radius 1.500000 for H4)
 (using default radius 1.500000 for H5)
 (using default radius 1.500000 for H6)
 (using default radius 1.500000 for H7)
 (using default radius 1.500000 for H8)
 (using default radius 1.500000 for H9)
 (using default radius 1.500000 for H10)
 (using default radius 1.500000 for H11)
 (using default radius 1.500000 for H12)
 (using default radius 1.500000 for H13)
 (using default radius 1.500000 for H14)
  Volume: 38630.701 A^3 
  Total mass 14809.152 amu,  Density 0.637 g/cc
  Added 822 residues.
1 Cl- ion required to neutralize.
Adding 1 counter ions to "ligand" using 1A grid
Grid extends from solute vdw + 2.47  to  8.24
Resolution:      1.00 Angstrom.
grid build: 0 sec
Calculating grid charges
charges: 2 sec
Placed Cl- in ligand at (-17.47, 5.76, -11.41).

Done adding ions.
Checking Unit.
WARNING: The unperturbed charge of the unit: 0.999004 is not zero.

 -- ignoring the warning.

Building topology.
Building atom parameters.
Building bond parameters.
Building angle parameters.
Building proper torsion parameters.
Building improper torsion parameters.
 total 0 improper torsions applied
Building H-Bond parameters.
Incorporating Non-Bonded adjustments.
Not Marking per-residue atom chain types.
Marking per-residue atom chain types.
  (Residues lacking connect0/connect1 - 
   these don't have chain types marked:

	res	total affected

	WAT	822
	non	1
  )
 (no restraints)
Checking Unit.
WARNING: The unperturbed charge of the unit: 0.999004 is not zero.

 -- ignoring the warning.

Building topology.
Building atom parameters.
Building bond parameters.
Building angle parameters.
Building proper torsion parameters.
Building improper torsion parameters.
 total 42 improper torsions applied
Building H-Bond parameters.
Incorporating Non-Bonded adjustments.
Not Marking per-residue atom chain types.
Marking per-residue atom chain types.
  (Residues lacking connect0/connect1 - 
   these don't have chain types marked:

	res	total affected

	LIG	1
	WAT	6611
	non	1
  )
 (no restraints)
Writing pdb file: solvent.pdb
Writing pdb file: complex.pdb
	Quit
