-I: Adding /Users/grinawap/anaconda/bin/../dat/leap/prep to search path.
-I: Adding /Users/grinawap/anaconda/bin/../dat/leap/lib to search path.
-I: Adding /Users/grinawap/anaconda/bin/../dat/leap/parm to search path.
-I: Adding /Users/grinawap/anaconda/bin/../dat/leap/cmd to search path.
-f: Source setup.leap.in.

Welcome to LEaP!
(no leaprc in search path)
Sourcing: ./setup.leap.in
----- Source: /Users/grinawap/anaconda/bin/../dat/leap/cmd/leaprc.gaff
----- Source of /Users/grinawap/anaconda/bin/../dat/leap/cmd/leaprc.gaff done
Log file: ./leap.log
Loading parameters: /Users/grinawap/anaconda/bin/../dat/leap/parm/gaff.dat
Reading title:
AMBER General Force Field for organic molecules (Version 1.7, Nov 2013)
Using H(N)-modified Bondi radii
Loading parameters: ./receptor.gaff.frcmod
Reading force field modification type file (frcmod)
Reading title:
remark goes here
Loading parameters: ./receptor.gaff.frcmod
Reading force field modification type file (frcmod)
Reading title:
remark goes here
Loading Mol2 file: ./receptor.gaff.mol2
Reading MOLECULE named *****
Loading parameters: ./ligand.gaff.frcmod
Reading force field modification type file (frcmod)
Reading title:
remark goes here
Loading parameters: ./ligand.gaff.frcmod
Reading force field modification type file (frcmod)
Reading title:
remark goes here
Loading Mol2 file: ./ligand.gaff.mol2
Reading MOLECULE named 21
Checking 'complex'....
WARNING: The unperturbed charge of the unit: 1.000996 is not zero.
Warning: Close contact of 1.023414 angstroms between .R<non 2>.A<H14 21> and .R<non 2>.A<N1 7>
Warning: Close contact of 1.020060 angstroms between .R<non 2>.A<H13 20> and .R<non 2>.A<N1 7>
Warning: Close contact of 1.022609 angstroms between .R<non 2>.A<H12 19> and .R<non 2>.A<N1 7>
Warning: Close contact of 1.095066 angstroms between .R<non 2>.A<H11 18> and .R<non 2>.A<C6 6>
Warning: Close contact of 1.093901 angstroms between .R<non 2>.A<H10 17> and .R<non 2>.A<C6 6>
Warning: Close contact of 1.094657 angstroms between .R<non 2>.A<H9 16> and .R<non 2>.A<C5 5>
Warning: Close contact of 1.092171 angstroms between .R<non 2>.A<H8 15> and .R<non 2>.A<C5 5>
Warning: Close contact of 1.093118 angstroms between .R<non 2>.A<H7 14> and .R<non 2>.A<C4 4>
Warning: Close contact of 1.092298 angstroms between .R<non 2>.A<H6 13> and .R<non 2>.A<C4 4>
Warning: Close contact of 1.091687 angstroms between .R<non 2>.A<H5 12> and .R<non 2>.A<C3 3>
Warning: Close contact of 1.095030 angstroms between .R<non 2>.A<H4 11> and .R<non 2>.A<C3 3>
Warning: Close contact of 1.093342 angstroms between .R<non 2>.A<H3 10> and .R<non 2>.A<C2 2>
Warning: Close contact of 1.095548 angstroms between .R<non 2>.A<H2 9> and .R<non 2>.A<C2 2>
Warning: Close contact of 1.096012 angstroms between .R<non 2>.A<H1 8> and .R<non 2>.A<C1 1>
Warning: Close contact of 1.470602 angstroms between .R<non 2>.A<N1 7> and .R<non 2>.A<C1 1>
Checking parameters for unit 'complex'.
Checking for bond parameters.
Checking for angle parameters.
check:  Warnings: 16
Unit is OK.
Total unperturbed charge:   1.000996
Total perturbed charge:     1.000996
Checking Unit.
WARNING: The unperturbed charge of the unit: 1.000996 is not zero.

 -- ignoring the warning.

Building topology.
Building atom parameters.
Building bond parameters.
Building angle parameters.
Building proper torsion parameters.
Building improper torsion parameters.
 total 0 improper torsions applied
Building H-Bond parameters.
Incorporating Non-Bonded adjustments.
Not Marking per-residue atom chain types.
Marking per-residue atom chain types.
  (Residues lacking connect0/connect1 - 
   these don't have chain types marked:

	res	total affected

	non	1
  )
 (no restraints)
Writing pdb file: vacuum.pdb
Checking Unit.
WARNING: The unperturbed charge of the unit: 1.000996 is not zero.

 -- ignoring the warning.

Building topology.
Building atom parameters.
Building bond parameters.
Building angle parameters.
Building proper torsion parameters.
Building improper torsion parameters.
 total 0 improper torsions applied
Building H-Bond parameters.
Incorporating Non-Bonded adjustments.
Not Marking per-residue atom chain types.
Marking per-residue atom chain types.
  (Residues lacking connect0/connect1 - 
   these don't have chain types marked:

	res	total affected

	non	1
  )
 (no restraints)
Checking Unit.
WARNING: The unperturbed charge of the unit: 1.000996 is not zero.

 -- ignoring the warning.

Building topology.
Building atom parameters.
Building bond parameters.
Building angle parameters.
Building proper torsion parameters.
Building improper torsion parameters.
 total 42 improper torsions applied
Building H-Bond parameters.
Incorporating Non-Bonded adjustments.
Not Marking per-residue atom chain types.
Marking per-residue atom chain types.
  (Residues lacking connect0/connect1 - 
   these don't have chain types marked:

	res	total affected

	LIG	1
	non	1
  )
 (no restraints)
Writing pdb file: solvent.pdb
Writing pdb file: complex.pdb
	Quit
