-I: Adding /Users/grinawap/anaconda/bin/../dat/leap/prep to search path.
-I: Adding /Users/grinawap/anaconda/bin/../dat/leap/lib to search path.
-I: Adding /Users/grinawap/anaconda/bin/../dat/leap/parm to search path.
-I: Adding /Users/grinawap/anaconda/bin/../dat/leap/cmd to search path.
-f: Source setup.leap.in.

Welcome to LEaP!
(no leaprc in search path)
Sourcing: ./setup.leap.in
----- Source: /Users/grinawap/anaconda/bin/../dat/leap/cmd/oldff/leaprc.ff99sbildn
----- Source of /Users/grinawap/anaconda/bin/../dat/leap/cmd/oldff/leaprc.ff99sbildn done
Log file: ./leap.log
Loading parameters: /Users/grinawap/anaconda/bin/../dat/leap/parm/parm99.dat
Reading title:
PARM99 for DNA,RNA,AA, organic molecules, TIP3P wat. Polariz.& LP incl.02/04/99
Loading parameters: /Users/grinawap/anaconda/bin/../dat/leap/parm/frcmod.ff99SBildn
Reading force field modification type file (frcmod)
Reading title:
Modification/update of parm99.dat (Hornak & Simmerling) + ILDN corrections
Loading library: /Users/grinawap/anaconda/bin/../dat/leap/lib/all_nucleic94.lib
Loading library: /Users/grinawap/anaconda/bin/../dat/leap/lib/all_amino94ildn.lib
Loading library: /Users/grinawap/anaconda/bin/../dat/leap/lib/all_aminoct94ildn.lib
Loading library: /Users/grinawap/anaconda/bin/../dat/leap/lib/all_aminont94ildn.lib
Loading library: /Users/grinawap/anaconda/bin/../dat/leap/lib/ions94.lib
Loading library: /Users/grinawap/anaconda/bin/../dat/leap/lib/solvents.lib
----- Source: /Users/grinawap/anaconda/bin/../dat/leap/cmd/leaprc.gaff
----- Source of /Users/grinawap/anaconda/bin/../dat/leap/cmd/leaprc.gaff done
Log file: ./leap.log
Loading parameters: /Users/grinawap/anaconda/bin/../dat/leap/parm/gaff.dat
Reading title:
AMBER General Force Field for organic molecules (Version 1.7, Nov 2013)
Using H(N)-modified Bondi radii
Loading parameters: ./receptor.gaff.frcmod
Reading force field modification type file (frcmod)
Reading title:
remark goes here
Loading parameters: ./receptor.gaff.frcmod
Reading force field modification type file (frcmod)
Reading title:
remark goes here
Loading Mol2 file: ./receptor.gaff.mol2
Reading MOLECULE named *****
Loading parameters: ./ligand.gaff.frcmod
Reading force field modification type file (frcmod)
Reading title:
remark goes here
Loading parameters: ./ligand.gaff.frcmod
Reading force field modification type file (frcmod)
Reading title:
remark goes here
Loading Mol2 file: ./ligand.gaff.mol2
Reading MOLECULE named 41
 (using default radius 1.500000 for H28)
 (using default radius 1.500000 for H27)
 (using default radius 1.500000 for H26)
 (using default radius 1.500000 for H25)
 (using default radius 1.500000 for H24)
 (using default radius 1.500000 for H23)
 (using default radius 1.500000 for H22)
 (using default radius 1.500000 for H21)
 (using default radius 1.500000 for H20)
 (using default radius 1.500000 for H19)
 (using default radius 1.500000 for H18)
 (using default radius 1.500000 for H17)
 (using default radius 1.500000 for H16)
 (using default radius 1.500000 for H15)
 (using default radius 1.500000 for H14)
 (using default radius 1.500000 for H13)
 (using default radius 1.500000 for H12)
 (using default radius 1.500000 for H11)
 (using default radius 1.500000 for H10)
 (using default radius 1.500000 for H9)
 (using default radius 1.500000 for H8)
 (using default radius 1.500000 for H7)
 (using default radius 1.500000 for H6)
 (using default radius 1.500000 for H5)
 (using default radius 1.500000 for H4)
 (using default radius 1.500000 for H3)
 (using default radius 1.500000 for H2)
 (using default radius 1.500000 for H1)
 (using default radius 1.500000 for C12)
 (using default radius 1.500000 for C11)
 (using default radius 1.500000 for C10)
 (using default radius 1.500000 for N1)
 (using default radius 1.500000 for C9)
 (using default radius 1.500000 for C8)
 (using default radius 1.500000 for C7)
 (using default radius 1.500000 for C6)
 (using default radius 1.500000 for C5)
 (using default radius 1.500000 for C4)
 (using default radius 1.500000 for C3)
 (using default radius 1.500000 for C2)
 (using default radius 1.500000 for C1)
  Solute vdw bounding box:              16.224 46.477 13.880
  Total bounding box for atom centers:  66.477 66.477 66.477
      (box expansion for 'iso' is 260.1%)
  Solvent unit box:                     18.774 18.774 18.774
 (using default radius 1.500000 for H28)
 (using default radius 1.500000 for H27)
 (using default radius 1.500000 for H26)
 (using default radius 1.500000 for H25)
 (using default radius 1.500000 for H24)
 (using default radius 1.500000 for H23)
 (using default radius 1.500000 for H22)
 (using default radius 1.500000 for H21)
 (using default radius 1.500000 for H20)
 (using default radius 1.500000 for H19)
 (using default radius 1.500000 for H18)
 (using default radius 1.500000 for H17)
 (using default radius 1.500000 for H16)
 (using default radius 1.500000 for H15)
 (using default radius 1.500000 for H14)
 (using default radius 1.500000 for H13)
 (using default radius 1.500000 for H12)
 (using default radius 1.500000 for H11)
 (using default radius 1.500000 for H10)
 (using default radius 1.500000 for H9)
 (using default radius 1.500000 for H8)
 (using default radius 1.500000 for H7)
 (using default radius 1.500000 for H6)
 (using default radius 1.500000 for H5)
 (using default radius 1.500000 for H4)
 (using default radius 1.500000 for H3)
 (using default radius 1.500000 for H2)
 (using default radius 1.500000 for H1)
 (using default radius 1.500000 for C12)
 (using default radius 1.500000 for C11)
 (using default radius 1.500000 for C10)
 (using default radius 1.500000 for N1)
 (using default radius 1.500000 for C9)
 (using default radius 1.500000 for C8)
 (using default radius 1.500000 for C7)
 (using default radius 1.500000 for C6)
 (using default radius 1.500000 for C5)
 (using default radius 1.500000 for C4)
 (using default radius 1.500000 for C3)
 (using default radius 1.500000 for C2)
 (using default radius 1.500000 for C1)
  Volume: 333926.211 A^3 
  Total mass 164568.156 amu,  Density 0.818 g/cc
  Added 9070 residues.
1 Cl- ion required to neutralize.
Adding 1 counter ions to "complex" using 1A grid
Grid extends from solute vdw + 2.47  to  8.38
Resolution:      1.00 Angstrom.
grid build: 2 sec
Calculating grid charges
charges: 164 sec
Placed Cl- in complex at (-25.54, -34.50, -23.32).

Done adding ions.
Checking 'complex'....
Warning: Close contact of 1.091499 angstroms between .R<non 2>.A<H28 41> and .R<non 2>.A<C12 13>
Warning: Close contact of 1.093979 angstroms between .R<non 2>.A<H27 40> and .R<non 2>.A<C12 13>
Warning: Close contact of 1.093769 angstroms between .R<non 2>.A<H26 39> and .R<non 2>.A<C12 13>
Warning: Close contact of 1.091192 angstroms between .R<non 2>.A<H25 38> and .R<non 2>.A<C11 12>
Warning: Close contact of 1.093320 angstroms between .R<non 2>.A<H24 37> and .R<non 2>.A<C11 12>
Warning: Close contact of 1.093889 angstroms between .R<non 2>.A<H23 36> and .R<non 2>.A<C11 12>
Warning: Close contact of 1.095078 angstroms between .R<non 2>.A<H22 35> and .R<non 2>.A<C10 11>
Warning: Close contact of 1.093088 angstroms between .R<non 2>.A<H21 34> and .R<non 2>.A<C10 11>
Warning: Close contact of 1.093177 angstroms between .R<non 2>.A<H20 33> and .R<non 2>.A<C10 11>
Warning: Close contact of 1.095918 angstroms between .R<non 2>.A<H19 32> and .R<non 2>.A<C9 9>
Warning: Close contact of 1.096085 angstroms between .R<non 2>.A<H18 31> and .R<non 2>.A<C9 9>
Warning: Close contact of 1.092145 angstroms between .R<non 2>.A<H17 30> and .R<non 2>.A<C8 8>
Warning: Close contact of 1.092195 angstroms between .R<non 2>.A<H16 29> and .R<non 2>.A<C8 8>
Warning: Close contact of 1.092543 angstroms between .R<non 2>.A<H15 28> and .R<non 2>.A<C7 7>
Warning: Close contact of 1.093456 angstroms between .R<non 2>.A<H14 27> and .R<non 2>.A<C7 7>
Warning: Close contact of 1.095338 angstroms between .R<non 2>.A<H13 26> and .R<non 2>.A<C6 6>
Warning: Close contact of 1.094017 angstroms between .R<non 2>.A<H12 25> and .R<non 2>.A<C6 6>
Warning: Close contact of 1.093609 angstroms between .R<non 2>.A<H11 24> and .R<non 2>.A<C5 5>
Warning: Close contact of 1.093309 angstroms between .R<non 2>.A<H10 23> and .R<non 2>.A<C5 5>
Warning: Close contact of 1.094121 angstroms between .R<non 2>.A<H9 22> and .R<non 2>.A<C4 4>
Warning: Close contact of 1.094119 angstroms between .R<non 2>.A<H8 21> and .R<non 2>.A<C4 4>
Warning: Close contact of 1.094085 angstroms between .R<non 2>.A<H7 20> and .R<non 2>.A<C3 3>
Warning: Close contact of 1.093926 angstroms between .R<non 2>.A<H6 19> and .R<non 2>.A<C3 3>
Warning: Close contact of 1.094028 angstroms between .R<non 2>.A<H5 18> and .R<non 2>.A<C2 2>
Warning: Close contact of 1.093898 angstroms between .R<non 2>.A<H4 17> and .R<non 2>.A<C2 2>
Warning: Close contact of 1.091979 angstroms between .R<non 2>.A<H3 16> and .R<non 2>.A<C1 1>
Warning: Close contact of 1.092777 angstroms between .R<non 2>.A<H2 15> and .R<non 2>.A<C1 1>
Warning: Close contact of 1.092005 angstroms between .R<non 2>.A<H1 14> and .R<non 2>.A<C1 1>
Checking parameters for unit 'complex'.
Checking for bond parameters.
Checking for angle parameters.
check:  Warnings: 28
Unit is OK.
Total unperturbed charge:   0.003996
Total perturbed charge:     0.003996
Checking Unit.
WARNING: The unperturbed charge of the unit: 1.003996 is not zero.

 -- ignoring the warning.

Building topology.
Building atom parameters.
Building bond parameters.
Building angle parameters.
Building proper torsion parameters.
Building improper torsion parameters.
 total 0 improper torsions applied
Building H-Bond parameters.
Incorporating Non-Bonded adjustments.
Not Marking per-residue atom chain types.
Marking per-residue atom chain types.
  (Residues lacking connect0/connect1 - 
   these don't have chain types marked:

	res	total affected

	non	1
  )
 (no restraints)
Writing pdb file: vacuum.pdb
 (using default radius 1.500000 for C1)
 (using default radius 1.500000 for C2)
 (using default radius 1.500000 for C3)
 (using default radius 1.500000 for C4)
 (using default radius 1.500000 for C5)
 (using default radius 1.500000 for C6)
 (using default radius 1.500000 for C7)
 (using default radius 1.500000 for C8)
 (using default radius 1.500000 for C9)
 (using default radius 1.500000 for N1)
 (using default radius 1.500000 for C10)
 (using default radius 1.500000 for C11)
 (using default radius 1.500000 for C12)
 (using default radius 1.500000 for H1)
 (using default radius 1.500000 for H2)
 (using default radius 1.500000 for H3)
 (using default radius 1.500000 for H4)
 (using default radius 1.500000 for H5)
 (using default radius 1.500000 for H6)
 (using default radius 1.500000 for H7)
 (using default radius 1.500000 for H8)
 (using default radius 1.500000 for H9)
 (using default radius 1.500000 for H10)
 (using default radius 1.500000 for H11)
 (using default radius 1.500000 for H12)
 (using default radius 1.500000 for H13)
 (using default radius 1.500000 for H14)
 (using default radius 1.500000 for H15)
 (using default radius 1.500000 for H16)
 (using default radius 1.500000 for H17)
 (using default radius 1.500000 for H18)
 (using default radius 1.500000 for H19)
 (using default radius 1.500000 for H20)
 (using default radius 1.500000 for H21)
 (using default radius 1.500000 for H22)
 (using default radius 1.500000 for H23)
 (using default radius 1.500000 for H24)
 (using default radius 1.500000 for H25)
 (using default radius 1.500000 for H26)
 (using default radius 1.500000 for H27)
 (using default radius 1.500000 for H28)
  Solute vdw bounding box:              7.292 6.364 17.623
  Total bounding box for atom centers:  37.623 37.623 37.623
      (box expansion for 'iso' is  96.7%)
  Solvent unit box:                     18.774 18.774 18.774
 (using default radius 1.500000 for C1)
 (using default radius 1.500000 for C2)
 (using default radius 1.500000 for C3)
 (using default radius 1.500000 for C4)
 (using default radius 1.500000 for C5)
 (using default radius 1.500000 for C6)
 (using default radius 1.500000 for C7)
 (using default radius 1.500000 for C8)
 (using default radius 1.500000 for C9)
 (using default radius 1.500000 for N1)
 (using default radius 1.500000 for C10)
 (using default radius 1.500000 for C11)
 (using default radius 1.500000 for C12)
 (using default radius 1.500000 for H1)
 (using default radius 1.500000 for H2)
 (using default radius 1.500000 for H3)
 (using default radius 1.500000 for H4)
 (using default radius 1.500000 for H5)
 (using default radius 1.500000 for H6)
 (using default radius 1.500000 for H7)
 (using default radius 1.500000 for H8)
 (using default radius 1.500000 for H9)
 (using default radius 1.500000 for H10)
 (using default radius 1.500000 for H11)
 (using default radius 1.500000 for H12)
 (using default radius 1.500000 for H13)
 (using default radius 1.500000 for H14)
 (using default radius 1.500000 for H15)
 (using default radius 1.500000 for H16)
 (using default radius 1.500000 for H17)
 (using default radius 1.500000 for H18)
 (using default radius 1.500000 for H19)
 (using default radius 1.500000 for H20)
 (using default radius 1.500000 for H21)
 (using default radius 1.500000 for H22)
 (using default radius 1.500000 for H23)
 (using default radius 1.500000 for H24)
 (using default radius 1.500000 for H25)
 (using default radius 1.500000 for H26)
 (using default radius 1.500000 for H27)
 (using default radius 1.500000 for H28)
  Volume: 67221.249 A^3 
  Total mass 28645.440 amu,  Density 0.708 g/cc
  Added 1590 residues.
1 Cl- ion required to neutralize.
Adding 1 counter ions to "ligand" using 1A grid
Grid extends from solute vdw + 2.47  to  8.24
Resolution:      1.00 Angstrom.
grid build: 0 sec
Calculating grid charges
charges: 4 sec
Placed Cl- in ligand at (-9.02, -6.02, 20.99).

Done adding ions.
Checking Unit.
Building topology.
Building atom parameters.
Building bond parameters.
Building angle parameters.
Building proper torsion parameters.
Building improper torsion parameters.
 total 0 improper torsions applied
Building H-Bond parameters.
Incorporating Non-Bonded adjustments.
Not Marking per-residue atom chain types.
Marking per-residue atom chain types.
  (Residues lacking connect0/connect1 - 
   these don't have chain types marked:

	res	total affected

	WAT	1590
	non	1
  )
 (no restraints)
Checking Unit.
Building topology.
Building atom parameters.
Building bond parameters.
Building angle parameters.
Building proper torsion parameters.
Building improper torsion parameters.
 total 42 improper torsions applied
Building H-Bond parameters.
Incorporating Non-Bonded adjustments.
Not Marking per-residue atom chain types.
Marking per-residue atom chain types.
  (Residues lacking connect0/connect1 - 
   these don't have chain types marked:

	res	total affected

	LIG	1
	WAT	9070
	non	1
  )
 (no restraints)
Writing pdb file: solvent.pdb
Writing pdb file: complex.pdb
	Quit
