            --------------------------------------------------------
                             AMBER SQM VERSION 14
 
                                     By
              Ross C. Walker, Michael F. Crowley, Scott Brozell,
                         Tim Giese, Andreas W. Goetz,
                        Tai-Sung Lee and David A. Case
 
            --------------------------------------------------------
 

--------------------------------------------------------------------------------
  QM CALCULATION INFO
--------------------------------------------------------------------------------

| QMMM: Citation for AMBER QMMM Run:
| QMMM: R.C. Walker, M.F. Crowley and D.A. Case, J. COMP. CHEM. 29:1019, 2008

QMMM: SINGLET STATE CALCULATION
QMMM: RHF CALCULATION, NO. OF DOUBLY OCCUPIED LEVELS = 40

| QMMM: *** Selected Hamiltonian *** 
| QMMM: AM1         

| QMMM: *** Parameter sets in use ***
| QMMM: C : M.J.S.DEWAR et al. JACS, 107, 3902, (1985)
| QMMM: N : M.J.S.DEWAR et al. JACS, 107, 3902, (1985)
| QMMM: H : M.J.S.DEWAR et al. JACS, 107, 3902, (1985)

| QMMM: *** SCF convergence criteria ***
| QMMM: Energy change                :  0.1D-09 kcal/mol
| QMMM: Error matrix |FP-PF|         :  0.1D+00 au
| QMMM: Density matrix change        :  0.1D-09
| QMMM: Maximum number of SCF cycles :     1000

| QMMM: *** Diagonalization Routine Information ***
| QMMM: Pseudo diagonalizations are allowed.
| QMMM: Auto diagonalization routine selection is disabled.
| QMMM: Using internal diagonalization routine (diag_routine=1).

  QMMM: QM Region Cartesian Coordinates (*=link atom) 
  QMMM: QM_NO.   MM_NO.  ATOM         X         Y         Z
  QMMM:     1        1      C       18.3950  -17.7420  -18.1980
  QMMM:     2        2      C       18.5670  -16.6600  -17.1060
  QMMM:     3        3      C       18.2590  -17.2030  -15.6830
  QMMM:     4        4      C       18.4240  -16.1350  -14.5700
  QMMM:     5        5      C       18.1150  -16.6800  -13.1460
  QMMM:     6        6      C       18.2900  -15.5860  -12.0610
  QMMM:     7        7      C       17.9920  -16.0890  -10.6230
  QMMM:     8        8      C       18.1820  -14.9580   -9.5790
  QMMM:     9        9      C       17.8960  -15.4000   -8.1100
  QMMM:    10       10      N       18.0580  -14.3510   -7.0180
  QMMM:    11       11      C       17.7340  -14.9920   -5.6850
  QMMM:    12       12      C       17.1110  -13.1910   -7.2250
  QMMM:    13       13      C       19.4780  -13.8360   -6.9580
  QMMM:    14       14      H       18.6200  -17.3230  -19.1810
  QMMM:    15       15      H       19.0740  -18.5780  -18.0130
  QMMM:    16       16      H       17.3680  -18.1130  -18.2050
  QMMM:    17       17      H       19.5950  -16.2880  -17.1440
  QMMM:    18       18      H       17.8970  -15.8260  -17.3350
  QMMM:    19       19      H       18.9310  -18.0400  -15.4720
  QMMM:    20       20      H       17.2310  -17.5770  -15.6640
  QMMM:    21       21      H       17.7520  -15.2980  -14.7820
  QMMM:    22       22      H       19.4520  -15.7610  -14.5910
  QMMM:    23       23      H       17.0870  -17.0510  -13.1160
  QMMM:    24       24      H       18.7870  -17.5140  -12.9250
  QMMM:    25       25      H       17.6190  -14.7520  -12.2870
  QMMM:    26       26      H       19.3200  -15.2150  -12.0960
  QMMM:    27       27      H       16.9630  -16.4560  -10.5770
  QMMM:    28       28      H       18.6630  -16.9180  -10.3860
  QMMM:    29       29      H       17.5130  -14.1370   -9.8460
  QMMM:    30       30      H       19.2110  -14.6000   -9.6550
  QMMM:    31       31      H       18.5570  -16.2490   -7.9010
  QMMM:    32       32      H       16.8720  -15.7900   -8.0910
  QMMM:    33       33      H       18.4010  -15.8310   -5.4700
  QMMM:    34       34      H       16.7090  -15.3710   -5.6610
  QMMM:    35       35      H       17.8350  -14.2790   -4.8600
  QMMM:    36       36      H       16.0790  -13.5360   -7.3370
  QMMM:    37       37      H       17.1350  -12.4940   -6.3830
  QMMM:    38       38      H       17.3650  -12.6130   -8.1150
  QMMM:    39       39      H       19.6330  -13.1730   -6.1020
  QMMM:    40       40      H       20.1960  -14.6570   -6.8730
  QMMM:    41       41      H       19.7390  -13.2590   -7.8470

--------------------------------------------------------------------------------
  RESULTS
--------------------------------------------------------------------------------

      iter         sqm energy              rms gradient
      ----    -------------------    -----------------------
xmin    10      101.2481 kcal/mol        0.0125 kcal/(mol*A)
  ... geometry converged !
 
 Final MO eigenvalues (eV):
 -46.0681  -40.5271  -38.5756  -36.0828  -33.7979  -33.7698  -33.1780  -30.5756
 -28.4257  -26.5224  -25.1758  -23.8974  -23.2064  -22.3561  -22.2709  -21.8917
 -20.3372  -18.9171  -18.8587  -18.4126  -18.2393  -17.9516  -17.9430  -17.8798
 -17.7813  -17.6417  -17.2533  -16.6813  -16.6731  -16.0148  -15.7367  -15.3522
 -15.0148  -14.8506  -14.2071  -14.0402  -13.5527  -13.3460  -13.1892  -12.7921
  -3.9832   -1.9543   -1.8661   -1.8446   -0.9454   -0.8794   -0.7346   -0.6659
  -0.6567   -0.4992   -0.4983   -0.4754   -0.3313   -0.2960   -0.2401   -0.2263
   0.2319    0.4370    0.7799    1.0320    1.2492    1.5641    1.6320    1.8519
   2.0625    2.1350    2.2907    2.4154    2.5660    2.6960    2.7869    2.8652
   2.9761    3.1936    3.2131    3.4465    3.4514    3.6662    3.6801    3.8179


 Heat of formation   =        101.24800755 kcal/mol  (        4.39044307 eV)

 Total SCF energy    =     -48981.37334430 kcal/mol  (    -2123.99173255 eV)
 Electronic energy   =    -315164.61650462 kcal/mol  (   -13666.56331055 eV)
 Core-core repulsion =     266183.24316032 kcal/mol  (    11542.57157800 eV)
 
    Atomic Charges for Step       1 :
  Atom    Element       Mulliken Charge
     1      C                 -0.212
     2      C                 -0.158
     3      C                 -0.158
     4      C                 -0.158
     5      C                 -0.158
     6      C                 -0.158
     7      C                 -0.159
     8      C                 -0.182
     9      C                 -0.123
    10      N                  0.028
    11      C                 -0.187
    12      C                 -0.187
    13      C                 -0.187
    14      H                  0.080
    15      H                  0.075
    16      H                  0.075
    17      H                  0.080
    18      H                  0.080
    19      H                  0.082
    20      H                  0.082
    21      H                  0.082
    22      H                  0.082
    23      H                  0.085
    24      H                  0.085
    25      H                  0.087
    26      H                  0.087
    27      H                  0.094
    28      H                  0.094
    29      H                  0.104
    30      H                  0.104
    31      H                  0.138
    32      H                  0.138
    33      H                  0.141
    34      H                  0.141
    35      H                  0.141
    36      H                  0.141
    37      H                  0.139
    38      H                  0.143
    39      H                  0.139
    40      H                  0.141
    41      H                  0.143
 Total Mulliken Charge =       1.000
 
                  X        Y        Z     TOTAL  
  QM DIPOLE    86.757  -69.755  -35.866  116.957
 
 Final Structure

  QMMM: QM Region Cartesian Coordinates (*=link atom) 
  QMMM: QM_NO.   MM_NO.  ATOM         X         Y         Z
  QMMM:     1        1      C       18.3583  -17.7698  -17.9368
  QMMM:     2        2      C       18.5406  -16.6774  -16.9150
  QMMM:     3        3      C       18.2475  -17.1743  -15.5151
  QMMM:     4        4      C       18.4320  -16.0736  -14.4924
  QMMM:     5        5      C       18.1384  -16.5730  -13.0937
  QMMM:     6        6      C       18.3234  -15.4706  -12.0721
  QMMM:     7        7      C       18.0288  -15.9739  -10.6741
  QMMM:     8        8      C       18.2165  -14.8633   -9.6563
  QMMM:     9        9      C       17.9114  -15.4094   -8.2686
  QMMM:    10       10      N       18.0526  -14.4213   -7.1356
  QMMM:    11       11      C       17.7177  -15.1228   -5.8575
  QMMM:    12       12      C       17.1150  -13.2757   -7.3212
  QMMM:    13       13      C       19.4528  -13.9119   -7.0578
  QMMM:    14       14      H       18.5791  -17.3823  -18.9607
  QMMM:    15       15      H       19.0455  -18.6250  -17.7278
  QMMM:    16       16      H       17.3090  -18.1523  -17.9234
  QMMM:    17       17      H       19.5925  -16.2894  -16.9615
  QMMM:    18       18      H       17.8607  -15.8179  -17.1567
  QMMM:    19       19      H       18.9276  -18.0329  -15.2718
  QMMM:    20       20      H       17.1956  -17.5614  -15.4670
  QMMM:    21       21      H       17.7518  -15.2155  -14.7369
  QMMM:    22       22      H       19.4841  -15.6871  -14.5417
  QMMM:    23       23      H       17.0861  -16.9595  -13.0456
  QMMM:    24       24      H       18.8189  -17.4312  -12.8504
  QMMM:    25       25      H       17.6423  -14.6133  -12.3170
  QMMM:    26       26      H       19.3760  -15.0853  -12.1216
  QMMM:    27       27      H       16.9758  -16.3588  -10.6278
  QMMM:    28       28      H       18.7112  -16.8312  -10.4322
  QMMM:    29       29      H       17.5310  -14.0121   -9.9091
  QMMM:    30       30      H       19.2713  -14.4859   -9.7130
  QMMM:    31       31      H       18.6076  -16.2686   -8.0448
  QMMM:    32       32      H       16.8495  -15.7901   -8.2430
  QMMM:    33       33      H       18.4233  -15.9827   -5.7086
  QMMM:    34       34      H       16.6632  -15.5038   -5.9070
  QMMM:    35       35      H       17.8168  -14.4038   -5.0012
  QMMM:    36       36      H       16.0696  -13.6659   -7.4409
  QMMM:    37       37      H       17.1668  -12.6044   -6.4228
  QMMM:    38       38      H       17.4069  -12.6948   -8.2362
  QMMM:    39       39      H       19.5591  -13.2554   -6.1532
  QMMM:    40       40      H       20.1606  -14.7792   -6.9799
  QMMM:    41       41      H       19.6881  -13.3156   -7.9791

           --------- Calculation Completed ----------

