            --------------------------------------------------------
                             AMBER SQM VERSION 14
 
                                     By
              Ross C. Walker, Michael F. Crowley, Scott Brozell,
                         Tim Giese, Andreas W. Goetz,
                        Tai-Sung Lee and David A. Case
 
            --------------------------------------------------------
 

--------------------------------------------------------------------------------
  QM CALCULATION INFO
--------------------------------------------------------------------------------

| QMMM: Citation for AMBER QMMM Run:
| QMMM: R.C. Walker, M.F. Crowley and D.A. Case, J. COMP. CHEM. 29:1019, 2008

QMMM: SINGLET STATE CALCULATION
QMMM: RHF CALCULATION, NO. OF DOUBLY OCCUPIED LEVELS = 34

| QMMM: *** Selected Hamiltonian *** 
| QMMM: AM1         

| QMMM: *** Parameter sets in use ***
| QMMM: C : M.J.S.DEWAR et al. JACS, 107, 3902, (1985)
| QMMM: N : M.J.S.DEWAR et al. JACS, 107, 3902, (1985)
| QMMM: O : M.J.S.DEWAR et al. JACS, 107, 3902, (1985)
| QMMM: H : M.J.S.DEWAR et al. JACS, 107, 3902, (1985)

| QMMM: *** SCF convergence criteria ***
| QMMM: Energy change                :  0.1D-09 kcal/mol
| QMMM: Error matrix |FP-PF|         :  0.1D+00 au
| QMMM: Density matrix change        :  0.1D-09
| QMMM: Maximum number of SCF cycles :     1000

| QMMM: *** Diagonalization Routine Information ***
| QMMM: Pseudo diagonalizations are allowed.
| QMMM: Auto diagonalization routine selection is disabled.
| QMMM: Using internal diagonalization routine (diag_routine=1).

  QMMM: QM Region Cartesian Coordinates (*=link atom) 
  QMMM: QM_NO.   MM_NO.  ATOM         X         Y         Z
  QMMM:     1        1      C      -15.2560   19.6230    4.5010
  QMMM:     2        2      C      -14.9070   18.5220    5.5560
  QMMM:     3        3      C      -15.9000   17.3240    5.4080
  QMMM:     4        4      C      -17.3660   17.8220    5.6360
  QMMM:     5        5      C      -16.7190   20.1250    4.7270
  QMMM:     6        6      C      -17.7110   18.9250    4.5810
  QMMM:     7        7      C      -16.8420   20.7280    6.1620
  QMMM:     8        8      C      -15.0290   19.1250    6.9910
  QMMM:     9        9      C      -17.4880   18.4270    7.0720
  QMMM:    10       10      C      -16.4930   19.6270    7.2190
  QMMM:    11       11      N      -16.6100   20.1930    8.5670
  QMMM:    12       12      O      -18.2770   16.7290    5.5130
  QMMM:    13       13      H      -14.5550   20.4590    4.5850
  QMMM:    14       14      H      -15.1530   19.2170    3.4910
  QMMM:    15       15      H      -13.8820   18.1730    5.3960
  QMMM:    16       16      H      -15.6510   16.5420    6.1300
  QMMM:    17       17      H      -15.8030   16.8840    4.4120
  QMMM:    18       18      H      -16.9600   20.8950    3.9890
  QMMM:    19       19      H      -18.7390   19.2720    4.7190
  QMMM:    20       20      H      -17.6450   18.5130    3.5700
  QMMM:    21       21      H      -16.1650   21.5820    6.2700
  QMMM:    22       22      H      -17.8580   21.1020    6.3260
  QMMM:    23       23      H      -14.3230   19.9530    7.1120
  QMMM:    24       24      H      -14.7670   18.3690    7.7390
  QMMM:    25       25      H      -17.2650   17.6610    7.8200
  QMMM:    26       26      H      -18.5140   18.7650    7.2500
  QMMM:    27       27      H      -15.9600   20.9770    8.6620
  QMMM:    28       28      H      -17.5670   20.5210    8.7160
  QMMM:    29       29      H      -16.3820   19.4740    9.2570
  QMMM:    30       30      H      -18.1520   16.3980    4.5990

--------------------------------------------------------------------------------
  RESULTS
--------------------------------------------------------------------------------

      iter         sqm energy              rms gradient
      ----    -------------------    -----------------------
xmin    10       67.5342 kcal/mol        0.0011 kcal/(mol*A)
  ... geometry converged !
 
 Final MO eigenvalues (eV):
 -46.6717  -42.8007  -40.6889  -37.3449  -36.0117  -34.9971  -30.7667  -30.7066
 -26.8417  -26.3642  -26.0310  -23.4595  -23.4587  -22.5921  -21.9268  -20.2530
 -19.4330  -19.3743  -19.0263  -18.7395  -18.5508  -18.2100  -17.7334  -17.2931
 -17.1054  -16.3856  -15.9861  -15.9450  -15.5260  -15.4904  -15.1323  -15.0451
 -14.6232  -13.8844   -3.9014   -1.9218   -1.7380   -1.7319   -0.9181   -0.8989
  -0.8635   -0.0895   -0.0404   -0.0103    0.0392    0.0718    0.1151    0.2728
   0.2837    0.3982    0.4565    0.6412    0.7260    0.8439    0.8660    1.0106
   1.1263    1.2188    1.2889    1.5543    1.5573    1.6499    1.7241    1.7434
   1.7916    3.1816

 Heat of formation   =         67.53419910 kcal/mol  (        2.92850263 eV)

 Total SCF energy    =     -47301.02110213 kcal/mol  (    -2051.12619150 eV)
 Electronic energy   =    -301352.39121705 kcal/mol  (   -13067.62027740 eV)
 Core-core repulsion =     254051.37011492 kcal/mol  (    11016.49408590 eV)
 
    Atomic Charges for Step       1 :
  Atom    Element       Mulliken Charge
     1      C                 -0.166
     2      C                 -0.093
     3      C                 -0.194
     4      C                  0.097
     5      C                 -0.093
     6      C                 -0.194
     7      C                 -0.172
     8      C                 -0.172
     9      C                 -0.174
    10      C                 -0.018
    11      N                 -0.073
    12      O                 -0.309
    13      H                  0.099
    14      H                  0.118
    15      H                  0.129
    16      H                  0.110
    17      H                  0.115
    18      H                  0.129
    19      H                  0.110
    20      H                  0.115
    21      H                  0.105
    22      H                  0.106
    23      H                  0.105
    24      H                  0.106
    25      H                  0.118
    26      H                  0.118
    27      H                  0.250
    28      H                  0.251
    29      H                  0.251
    30      H                  0.225
 Total Mulliken Charge =       1.000
 
                  X        Y        Z     TOTAL  
  QM DIPOLE   -78.486   96.107   36.609  129.371
 
 Final Structure

  QMMM: QM Region Cartesian Coordinates (*=link atom) 
  QMMM: QM_NO.   MM_NO.  ATOM         X         Y         Z
  QMMM:     1        1      C      -15.2755   19.6147    4.5291
  QMMM:     2        2      C      -14.9393   18.5378    5.5542
  QMMM:     3        3      C      -15.8968   17.3640    5.4044
  QMMM:     4        4      C      -17.3335   17.8532    5.6239
  QMMM:     5        5      C      -16.7043   20.0986    4.7474
  QMMM:     6        6      C      -17.6739   18.9354    4.5922
  QMMM:     7        7      C      -16.8347   20.6976    6.1458
  QMMM:     8        8      C      -15.0486   19.1182    6.9621
  QMMM:     9        9      C      -17.4699   18.4326    7.0434
  QMMM:    10       10      C      -16.4922   19.6113    7.1846
  QMMM:    11       11      N      -16.6181   20.1936    8.5865
  QMMM:    12       12      O      -18.2601   16.7810    5.5770
  QMMM:    13       13      H      -14.5600   20.4716    4.6216
  QMMM:    14       14      H      -15.1734   19.1954    3.4946
  QMMM:    15       15      H      -13.8840   18.1831    5.3969
  QMMM:    16       16      H      -15.6554   16.5582    6.1436
  QMMM:    17       17      H      -15.8025   16.9244    4.3780
  QMMM:    18       18      H      -16.9521   20.8961    3.9945
  QMMM:    19       19      H      -18.7303   19.2772    4.7382
  QMMM:    20       20      H      -17.5935   18.5081    3.5594
  QMMM:    21       21      H      -16.1328   21.5661    6.2443
  QMMM:    22       22      H      -17.8836   21.0637    6.2967
  QMMM:    23       23      H      -14.3256   19.9680    7.0703
  QMMM:    24       24      H      -14.7879   18.3263    7.7117
  QMMM:    25       25      H      -17.2395   17.6241    7.7846
  QMMM:    26       26      H      -18.5295   18.7648    7.1949
  QMMM:    27       27      H      -15.9712   20.9787    8.6897
  QMMM:    28       28      H      -17.5765   20.5189    8.7355
  QMMM:    29       29      H      -16.3929   19.4726    9.2764
  QMMM:    30       30      H      -18.2011   16.3917    4.6946

           --------- Calculation Completed ----------

