-I: Adding /Users/choderaj/anaconda/bin/../dat/leap/prep to search path.
-I: Adding /Users/choderaj/anaconda/bin/../dat/leap/lib to search path.
-I: Adding /Users/choderaj/anaconda/bin/../dat/leap/parm to search path.
-I: Adding /Users/choderaj/anaconda/bin/../dat/leap/cmd to search path.
-f: Source setup.leap.in.

Welcome to LEaP!
(no leaprc in search path)
Sourcing: ./setup.leap.in
----- Source: /Users/choderaj/anaconda/bin/../dat/leap/cmd/oldff/leaprc.ff99sbildn
----- Source of /Users/choderaj/anaconda/bin/../dat/leap/cmd/oldff/leaprc.ff99sbildn done
Log file: ./leap.log
Loading parameters: /Users/choderaj/anaconda/bin/../dat/leap/parm/parm99.dat
Reading title:
PARM99 for DNA,RNA,AA, organic molecules, TIP3P wat. Polariz.& LP incl.02/04/99
Loading parameters: /Users/choderaj/anaconda/bin/../dat/leap/parm/frcmod.ff99SBildn
Reading force field modification type file (frcmod)
Reading title:
Modification/update of parm99.dat (Hornak & Simmerling) + ILDN corrections
Loading library: /Users/choderaj/anaconda/bin/../dat/leap/lib/all_nucleic94.lib
Loading library: /Users/choderaj/anaconda/bin/../dat/leap/lib/all_amino94ildn.lib
Loading library: /Users/choderaj/anaconda/bin/../dat/leap/lib/all_aminoct94ildn.lib
Loading library: /Users/choderaj/anaconda/bin/../dat/leap/lib/all_aminont94ildn.lib
Loading library: /Users/choderaj/anaconda/bin/../dat/leap/lib/ions94.lib
Loading library: /Users/choderaj/anaconda/bin/../dat/leap/lib/solvents.lib
----- Source: /Users/choderaj/anaconda/bin/../dat/leap/cmd/leaprc.gaff
----- Source of /Users/choderaj/anaconda/bin/../dat/leap/cmd/leaprc.gaff done
Log file: ./leap.log
Loading parameters: /Users/choderaj/anaconda/bin/../dat/leap/parm/gaff.dat
Reading title:
AMBER General Force Field for organic molecules (Version 1.7, Nov 2013)
Using H(N)-modified Bondi radii
Loading parameters: ./receptor.gaff.frcmod
Reading force field modification type file (frcmod)
Reading title:
remark goes here
Loading parameters: ./receptor.gaff.frcmod
Reading force field modification type file (frcmod)
Reading title:
remark goes here
Loading Mol2 file: ./receptor.gaff.mol2
Reading MOLECULE named *****
Loading parameters: ./ligand.gaff.frcmod
Reading force field modification type file (frcmod)
Reading title:
remark goes here
Loading parameters: ./ligand.gaff.frcmod
Reading force field modification type file (frcmod)
Reading title:
remark goes here
Loading Mol2 file: ./ligand.gaff.mol2
Reading MOLECULE named p-xylene
Checking 'complex'....
Checking parameters for unit 'complex'.
Checking for bond parameters.
Checking for angle parameters.
Unit is OK.
Total unperturbed charge:  -0.000002
Total perturbed charge:    -0.000002
Checking Unit.
Building topology.
Building atom parameters.
Building bond parameters.
Building angle parameters.
Building proper torsion parameters.
Building improper torsion parameters.
 total 6 improper torsions applied
Building H-Bond parameters.
Incorporating Non-Bonded adjustments.
Not Marking per-residue atom chain types.
Marking per-residue atom chain types.
  (Residues lacking connect0/connect1 - 
   these don't have chain types marked:

	res	total affected

	MOL	1
  )
 (no restraints)
Writing pdb file: vacuum.pdb
  Solute vdw bounding box:              26.811 9.567 16.023
  Total bounding box for atom centers:  46.811 46.811 46.811
      (box expansion for 'iso' is 105.7%)
  Solvent unit box:                     18.774 18.774 18.774
  Volume: 124834.952 A^3 
  Total mass 56560.300 amu,  Density 0.752 g/cc
  Added 3069 residues.
Checking Unit.
Building topology.
Building atom parameters.
Building bond parameters.
Building angle parameters.
Building proper torsion parameters.
Building improper torsion parameters.
 total 48 improper torsions applied
Building H-Bond parameters.
Incorporating Non-Bonded adjustments.
Not Marking per-residue atom chain types.
Marking per-residue atom chain types.
  (Residues lacking connect0/connect1 - 
   these don't have chain types marked:

	res	total affected

	LIG	1
	MOL	1
	WAT	3069
  )
 (no restraints)
Writing pdb file: complex.pdb
  Solute vdw bounding box:              9.588 5.038 7.227
  Total bounding box for atom centers:  29.588 29.588 29.588
      (box expansion for 'iso' is  28.4%)
  Solvent unit box:                     18.774 18.774 18.774
  Volume: 33795.545 A^3 
  Total mass 13474.032 amu,  Density 0.662 g/cc
  Added 742 residues.
Checking Unit.
Building topology.
Building atom parameters.
Building bond parameters.
Building angle parameters.
Building proper torsion parameters.
Building improper torsion parameters.
 total 6 improper torsions applied
Building H-Bond parameters.
Incorporating Non-Bonded adjustments.
Not Marking per-residue atom chain types.
Marking per-residue atom chain types.
  (Residues lacking connect0/connect1 - 
   these don't have chain types marked:

	res	total affected

	MOL	1
	WAT	742
  )
 (no restraints)
Writing pdb file: solvent.pdb
	Quit
