-I: Adding /Users/grinawap/anaconda/bin/../dat/leap/prep to search path.
-I: Adding /Users/grinawap/anaconda/bin/../dat/leap/lib to search path.
-I: Adding /Users/grinawap/anaconda/bin/../dat/leap/parm to search path.
-I: Adding /Users/grinawap/anaconda/bin/../dat/leap/cmd to search path.
-f: Source setup.leap.in.

Welcome to LEaP!
(no leaprc in search path)
Sourcing: ./setup.leap.in
----- Source: /Users/grinawap/anaconda/bin/../dat/leap/cmd/oldff/leaprc.ff99sbildn
----- Source of /Users/grinawap/anaconda/bin/../dat/leap/cmd/oldff/leaprc.ff99sbildn done
Log file: ./leap.log
Loading parameters: /Users/grinawap/anaconda/bin/../dat/leap/parm/parm99.dat
Reading title:
PARM99 for DNA,RNA,AA, organic molecules, TIP3P wat. Polariz.& LP incl.02/04/99
Loading parameters: /Users/grinawap/anaconda/bin/../dat/leap/parm/frcmod.ff99SBildn
Reading force field modification type file (frcmod)
Reading title:
Modification/update of parm99.dat (Hornak & Simmerling) + ILDN corrections
Loading library: /Users/grinawap/anaconda/bin/../dat/leap/lib/all_nucleic94.lib
Loading library: /Users/grinawap/anaconda/bin/../dat/leap/lib/all_amino94ildn.lib
Loading library: /Users/grinawap/anaconda/bin/../dat/leap/lib/all_aminoct94ildn.lib
Loading library: /Users/grinawap/anaconda/bin/../dat/leap/lib/all_aminont94ildn.lib
Loading library: /Users/grinawap/anaconda/bin/../dat/leap/lib/ions94.lib
Loading library: /Users/grinawap/anaconda/bin/../dat/leap/lib/solvents.lib
----- Source: /Users/grinawap/anaconda/bin/../dat/leap/cmd/leaprc.gaff
----- Source of /Users/grinawap/anaconda/bin/../dat/leap/cmd/leaprc.gaff done
Log file: ./leap.log
Loading parameters: /Users/grinawap/anaconda/bin/../dat/leap/parm/gaff.dat
Reading title:
AMBER General Force Field for organic molecules (Version 1.7, Nov 2013)
Using H(N)-modified Bondi radii
Loading parameters: ./receptor.gaff.frcmod
Reading force field modification type file (frcmod)
Reading title:
remark goes here
Loading parameters: ./receptor.gaff.frcmod
Reading force field modification type file (frcmod)
Reading title:
remark goes here
Loading Mol2 file: ./receptor.gaff.mol2
Reading MOLECULE named *****
Loading parameters: ./ligand.gaff.frcmod
Reading force field modification type file (frcmod)
Reading title:
remark goes here
Loading parameters: ./ligand.gaff.frcmod
Reading force field modification type file (frcmod)
Reading title:
remark goes here
Loading Mol2 file: ./ligand.gaff.mol2
Reading MOLECULE named 18
 (using default radius 1.500000 for H10)
 (using default radius 1.500000 for H9)
 (using default radius 1.500000 for H8)
 (using default radius 1.500000 for H7)
 (using default radius 1.500000 for H6)
 (using default radius 1.500000 for H5)
 (using default radius 1.500000 for H4)
 (using default radius 1.500000 for H3)
 (using default radius 1.500000 for H2)
 (using default radius 1.500000 for H1)
 (using default radius 1.500000 for N2)
 (using default radius 1.500000 for N1)
 (using default radius 1.500000 for C6)
 (using default radius 1.500000 for C5)
 (using default radius 1.500000 for C4)
 (using default radius 1.500000 for C3)
 (using default radius 1.500000 for C2)
 (using default radius 1.500000 for C1)
  Solute vdw bounding box:              55.098 9.618 16.013
  Total bounding box for atom centers:  75.098 75.098 75.098
      (box expansion for 'iso' is 428.7%)
  Solvent unit box:                     18.774 18.774 18.774
 (using default radius 1.500000 for H10)
 (using default radius 1.500000 for H9)
 (using default radius 1.500000 for H8)
 (using default radius 1.500000 for H7)
 (using default radius 1.500000 for H6)
 (using default radius 1.500000 for H5)
 (using default radius 1.500000 for H4)
 (using default radius 1.500000 for H3)
 (using default radius 1.500000 for H2)
 (using default radius 1.500000 for H1)
 (using default radius 1.500000 for N2)
 (using default radius 1.500000 for N1)
 (using default radius 1.500000 for C6)
 (using default radius 1.500000 for C5)
 (using default radius 1.500000 for C4)
 (using default radius 1.500000 for C3)
 (using default radius 1.500000 for C2)
 (using default radius 1.500000 for C1)
  Volume: 477975.054 A^3 
  Total mass 239676.860 amu,  Density 0.833 g/cc
  Added 13239 residues.
2 Cl- ions required to neutralize.
Adding 2 counter ions to "complex" using 1A grid
Grid extends from solute vdw + 2.47  to  8.38
Resolution:      1.00 Angstrom.
grid build: 1 sec
Calculating grid charges
charges: 311 sec
Placed Cl- in complex at (38.09, 23.06, -36.79).
Placed Cl- in complex at (10.09, -26.94, 39.21).

Done adding ions.
Checking 'complex'....
Warning: Close contact of 1.023189 angstroms between .R<non 2>.A<H10 18> and .R<non 2>.A<N2 8>
Warning: Close contact of 1.022992 angstroms between .R<non 2>.A<H9 17> and .R<non 2>.A<N2 8>
Warning: Close contact of 1.022940 angstroms between .R<non 2>.A<H8 16> and .R<non 2>.A<N2 8>
Warning: Close contact of 1.022800 angstroms between .R<non 2>.A<H7 15> and .R<non 2>.A<N1 7>
Warning: Close contact of 1.022248 angstroms between .R<non 2>.A<H6 14> and .R<non 2>.A<N1 7>
Warning: Close contact of 1.022965 angstroms between .R<non 2>.A<H5 13> and .R<non 2>.A<N1 7>
Warning: Close contact of 1.024060 angstroms between .R<non 2>.A<H4 12> and .R<non 2>.A<C6 6>
Warning: Close contact of 1.024083 angstroms between .R<non 2>.A<H3 11> and .R<non 2>.A<C5 5>
Warning: Close contact of 1.024060 angstroms between .R<non 2>.A<H2 10> and .R<non 2>.A<C3 3>
Warning: Close contact of 1.023293 angstroms between .R<non 2>.A<H1 9> and .R<non 2>.A<C2 2>
Warning: Close contact of 1.394656 angstroms between .R<non 2>.A<N2 8> and .R<non 2>.A<C4 4>
Warning: Close contact of 1.394104 angstroms between .R<non 2>.A<N1 7> and .R<non 2>.A<C1 1>
Warning: Close contact of 1.406482 angstroms between .R<non 2>.A<C6 6> and .R<non 2>.A<C5 5>
Warning: Close contact of 1.410030 angstroms between .R<non 2>.A<C6 6> and .R<non 2>.A<C1 1>
Warning: Close contact of 1.409518 angstroms between .R<non 2>.A<C5 5> and .R<non 2>.A<C4 4>
Warning: Close contact of 1.408704 angstroms between .R<non 2>.A<C4 4> and .R<non 2>.A<C3 3>
Warning: Close contact of 1.406482 angstroms between .R<non 2>.A<C3 3> and .R<non 2>.A<C2 2>
Warning: Close contact of 1.409014 angstroms between .R<non 2>.A<C2 2> and .R<non 2>.A<C1 1>
Checking parameters for unit 'complex'.
Checking for bond parameters.
Checking for angle parameters.
check:  Warnings: 18
Unit is OK.
Total unperturbed charge:   0.001998
Total perturbed charge:     0.001998
Checking Unit.
WARNING: The unperturbed charge of the unit: 2.001998 is not zero.

 -- ignoring the warning.

Building topology.
Building atom parameters.
Building bond parameters.
Building angle parameters.
Building proper torsion parameters.
Building improper torsion parameters.
 total 0 improper torsions applied
Building H-Bond parameters.
Incorporating Non-Bonded adjustments.
Not Marking per-residue atom chain types.
Marking per-residue atom chain types.
  (Residues lacking connect0/connect1 - 
   these don't have chain types marked:

	res	total affected

	non	1
  )
 (no restraints)
Writing pdb file: vacuum.pdb
 (using default radius 1.500000 for C1)
 (using default radius 1.500000 for C2)
 (using default radius 1.500000 for C3)
 (using default radius 1.500000 for C4)
 (using default radius 1.500000 for C5)
 (using default radius 1.500000 for C6)
 (using default radius 1.500000 for N1)
 (using default radius 1.500000 for N2)
 (using default radius 1.500000 for H1)
 (using default radius 1.500000 for H2)
 (using default radius 1.500000 for H3)
 (using default radius 1.500000 for H4)
 (using default radius 1.500000 for H5)
 (using default radius 1.500000 for H6)
 (using default radius 1.500000 for H7)
 (using default radius 1.500000 for H8)
 (using default radius 1.500000 for H9)
 (using default radius 1.500000 for H10)
  Solute vdw bounding box:              9.280 4.449 7.224
  Total bounding box for atom centers:  29.280 29.280 29.280
      (box expansion for 'iso' is  28.8%)
  Solvent unit box:                     18.774 18.774 18.774
 (using default radius 1.500000 for C1)
 (using default radius 1.500000 for C2)
 (using default radius 1.500000 for C3)
 (using default radius 1.500000 for C4)
 (using default radius 1.500000 for C5)
 (using default radius 1.500000 for C6)
 (using default radius 1.500000 for N1)
 (using default radius 1.500000 for N2)
 (using default radius 1.500000 for H1)
 (using default radius 1.500000 for H2)
 (using default radius 1.500000 for H3)
 (using default radius 1.500000 for H4)
 (using default radius 1.500000 for H5)
 (using default radius 1.500000 for H6)
 (using default radius 1.500000 for H7)
 (using default radius 1.500000 for H8)
 (using default radius 1.500000 for H9)
 (using default radius 1.500000 for H10)
  Volume: 33191.146 A^3 
  Total mass 13133.664 amu,  Density 0.657 g/cc
  Added 729 residues.
2 Cl- ions required to neutralize.
Adding 2 counter ions to "ligand" using 1A grid
Grid extends from solute vdw + 2.47  to  8.24
Resolution:      1.00 Angstrom.
grid build: 0 sec
Calculating grid charges
charges: 1 sec
Placed Cl- in ligand at (17.30, 2.34, -0.87).
Placed Cl- in ligand at (1.30, 4.34, -15.87).

Done adding ions.
Checking Unit.
Building topology.
Building atom parameters.
Building bond parameters.
Building angle parameters.
Building proper torsion parameters.
Building improper torsion parameters.
 total 0 improper torsions applied
Building H-Bond parameters.
Incorporating Non-Bonded adjustments.
Not Marking per-residue atom chain types.
Marking per-residue atom chain types.
  (Residues lacking connect0/connect1 - 
   these don't have chain types marked:

	res	total affected

	WAT	729
	non	1
  )
 (no restraints)
Checking Unit.
Building topology.
Building atom parameters.
Building bond parameters.
Building angle parameters.
Building proper torsion parameters.
Building improper torsion parameters.
 total 42 improper torsions applied
Building H-Bond parameters.
Incorporating Non-Bonded adjustments.
Not Marking per-residue atom chain types.
Marking per-residue atom chain types.
  (Residues lacking connect0/connect1 - 
   these don't have chain types marked:

	res	total affected

	LIG	1
	WAT	13239
	non	1
  )
 (no restraints)
Writing pdb file: solvent.pdb
Writing pdb file: complex.pdb
	Quit
